<!DOCTYPE html>
<html>
  <head>
    <meta charset="utf-8"/>
    <title id="head-title">report.html</title>
      <style type="text/css">body {
  font-family: Helvetica, Arial, sans-serif;
  font-size: 12px;
  /* do not increase min-width as some may use split screens */
  min-width: 800px;
  color: #999;
}

h1 {
  font-size: 24px;
  color: black;
}

h2 {
  font-size: 16px;
  color: black;
}

p {
  color: black;
}

a {
  color: #999;
}

table {
  border-collapse: collapse;
}

/******************************
 * SUMMARY INFORMATION
 ******************************/
#environment td {
  padding: 5px;
  border: 1px solid #e6e6e6;
  vertical-align: top;
}
#environment tr:nth-child(odd) {
  background-color: #f6f6f6;
}
#environment ul {
  margin: 0;
  padding: 0 20px;
}

/******************************
 * TEST RESULT COLORS
 ******************************/
span.passed,
.passed .col-result {
  color: green;
}

span.skipped,
span.xfailed,
span.rerun,
.skipped .col-result,
.xfailed .col-result,
.rerun .col-result {
  color: orange;
}

span.error,
span.failed,
span.xpassed,
.error .col-result,
.failed .col-result,
.xpassed .col-result {
  color: red;
}

.col-links__extra {
  margin-right: 3px;
}

/******************************
 * RESULTS TABLE
 *
 * 1. Table Layout
 * 2. Extra
 * 3. Sorting items
 *
 ******************************/
/*------------------
 * 1. Table Layout
 *------------------*/
#results-table {
  border: 1px solid #e6e6e6;
  color: #999;
  font-size: 12px;
  width: 100%;
}
#results-table th,
#results-table td {
  padding: 5px;
  border: 1px solid #e6e6e6;
  text-align: left;
}
#results-table th {
  font-weight: bold;
}

/*------------------
 * 2. Extra
 *------------------*/
.logwrapper {
  max-height: 230px;
  overflow-y: scroll;
  background-color: #e6e6e6;
}
.logwrapper.expanded {
  max-height: none;
}
.logwrapper.expanded .logexpander:after {
  content: "collapse [-]";
}
.logwrapper .logexpander {
  z-index: 1;
  position: sticky;
  top: 10px;
  width: max-content;
  border: 1px solid;
  border-radius: 3px;
  padding: 5px 7px;
  margin: 10px 0 10px calc(100% - 80px);
  cursor: pointer;
  background-color: #e6e6e6;
}
.logwrapper .logexpander:after {
  content: "expand [+]";
}
.logwrapper .logexpander:hover {
  color: #000;
  border-color: #000;
}
.logwrapper .log {
  min-height: 40px;
  position: relative;
  top: -50px;
  height: calc(100% + 50px);
  border: 1px solid #e6e6e6;
  color: black;
  display: block;
  font-family: "Courier New", Courier, monospace;
  padding: 5px;
  padding-right: 80px;
  white-space: pre-wrap;
}

div.media {
  border: 1px solid #e6e6e6;
  float: right;
  height: 240px;
  margin: 0 5px;
  overflow: hidden;
  width: 320px;
}

.media-container {
  display: grid;
  grid-template-columns: 25px auto 25px;
  align-items: center;
  flex: 1 1;
  overflow: hidden;
  height: 200px;
}

.media-container--fullscreen {
  grid-template-columns: 0px auto 0px;
}

.media-container__nav--right,
.media-container__nav--left {
  text-align: center;
  cursor: pointer;
}

.media-container__viewport {
  cursor: pointer;
  text-align: center;
  height: inherit;
}
.media-container__viewport img,
.media-container__viewport video {
  object-fit: cover;
  width: 100%;
  max-height: 100%;
}

.media__name,
.media__counter {
  display: flex;
  flex-direction: row;
  justify-content: space-around;
  flex: 0 0 25px;
  align-items: center;
}

.collapsible td:not(.col-links) {
  cursor: pointer;
}
.collapsible td:not(.col-links):hover::after {
  color: #bbb;
  font-style: italic;
  cursor: pointer;
}

.col-result {
  width: 130px;
}
.col-result:hover::after {
  content: " (hide details)";
}

.col-result.collapsed:hover::after {
  content: " (show details)";
}

#environment-header h2:hover::after {
  content: " (hide details)";
  color: #bbb;
  font-style: italic;
  cursor: pointer;
  font-size: 12px;
}

#environment-header.collapsed h2:hover::after {
  content: " (show details)";
  color: #bbb;
  font-style: italic;
  cursor: pointer;
  font-size: 12px;
}

/*------------------
 * 3. Sorting items
 *------------------*/
.sortable {
  cursor: pointer;
}
.sortable.desc:after {
  content: " ";
  position: relative;
  left: 5px;
  bottom: -12.5px;
  border: 10px solid #4caf50;
  border-bottom: 0;
  border-left-color: transparent;
  border-right-color: transparent;
}
.sortable.asc:after {
  content: " ";
  position: relative;
  left: 5px;
  bottom: 12.5px;
  border: 10px solid #4caf50;
  border-top: 0;
  border-left-color: transparent;
  border-right-color: transparent;
}

.hidden, .summary__reload__button.hidden {
  display: none;
}

.summary__data {
  flex: 0 0 550px;
}
.summary__reload {
  flex: 1 1;
  display: flex;
  justify-content: center;
}
.summary__reload__button {
  flex: 0 0 300px;
  display: flex;
  color: white;
  font-weight: bold;
  background-color: #4caf50;
  text-align: center;
  justify-content: center;
  align-items: center;
  border-radius: 3px;
  cursor: pointer;
}
.summary__reload__button:hover {
  background-color: #46a049;
}
.summary__spacer {
  flex: 0 0 550px;
}

.controls {
  display: flex;
  justify-content: space-between;
}

.filters,
.collapse {
  display: flex;
  align-items: center;
}
.filters button,
.collapse button {
  color: #999;
  border: none;
  background: none;
  cursor: pointer;
  text-decoration: underline;
}
.filters button:hover,
.collapse button:hover {
  color: #ccc;
}

.filter__label {
  margin-right: 10px;
}

      </style>
    
  </head>
  <body>
    <h1 id="title">report.html</h1>
    <p>Report generated on 23-Oct-2025 at 20:31:17 by <a href="https://pypi.python.org/pypi/pytest-html">pytest-html</a>
        v4.1.1</p>
    <div id="environment-header">
      <h2>Environment</h2>
    </div>
    <table id="environment"></table>
    <!-- TEMPLATES -->
      <template id="template_environment_row">
      <tr>
        <td></td>
        <td></td>
      </tr>
    </template>
    <template id="template_results-table__body--empty">
      <tbody class="results-table-row">
        <tr id="not-found-message">
          <td colspan="4">No results found. Check the filters.</th>
        </tr>
    </template>
    <template id="template_results-table__tbody">
      <tbody class="results-table-row">
        <tr class="collapsible">
        </tr>
        <tr class="extras-row">
          <td class="extra" colspan="4">
            <div class="extraHTML"></div>
            <div class="media">
              <div class="media-container">
                  <div class="media-container__nav--left"><</div>
                  <div class="media-container__viewport">
                    <img src="" />
                    <video controls>
                      <source src="" type="video/mp4">
                    </video>
                  </div>
                  <div class="media-container__nav--right">></div>
                </div>
                <div class="media__name"></div>
                <div class="media__counter"></div>
            </div>
            <div class="logwrapper">
              <div class="logexpander"></div>
              <div class="log"></div>
            </div>
          </td>
        </tr>
      </tbody>
    </template>
    <!-- END TEMPLATES -->
    <div class="summary">
      <div class="summary__data">
        <h2>Summary</h2>
        <div class="additional-summary prefix">
        </div>
        <p class="run-count">62 tests took 00:07:09.</p>
        <p class="filter">(Un)check the boxes to filter the results.</p>
        <div class="summary__reload">
          <div class="summary__reload__button hidden" onclick="location.reload()">
            <div>There are still tests running. <br />Reload this page to get the latest results!</div>
          </div>
        </div>
        <div class="summary__spacer"></div>
        <div class="controls">
          <div class="filters">
            <input checked="true" class="filter" name="filter_checkbox" type="checkbox" data-test-result="failed" />
            <span class="failed">41 Failed,</span>
            <input checked="true" class="filter" name="filter_checkbox" type="checkbox" data-test-result="passed" />
            <span class="passed">21 Passed,</span>
            <input checked="true" class="filter" name="filter_checkbox" type="checkbox" data-test-result="skipped" disabled/>
            <span class="skipped">0 Skipped,</span>
            <input checked="true" class="filter" name="filter_checkbox" type="checkbox" data-test-result="xfailed" disabled/>
            <span class="xfailed">0 Expected failures,</span>
            <input checked="true" class="filter" name="filter_checkbox" type="checkbox" data-test-result="xpassed" disabled/>
            <span class="xpassed">0 Unexpected passes,</span>
            <input checked="true" class="filter" name="filter_checkbox" type="checkbox" data-test-result="error" disabled/>
            <span class="error">0 Errors,</span>
            <input checked="true" class="filter" name="filter_checkbox" type="checkbox" data-test-result="rerun" disabled/>
            <span class="rerun">0 Reruns</span>
          </div>
          <div class="collapse">
            <button id="show_all_details">Show all details</button>&nbsp;/&nbsp;<button id="hide_all_details">Hide all details</button>
          </div>
        </div>
      </div>
      <div class="additional-summary summary">
      </div>
      <div class="additional-summary postfix">
      </div>
    </div>
    <table id="results-table">
      <thead id="results-table-head">
        <tr>
          <th class="sortable" data-column-type="result">Result</th>
          <th class="sortable" data-column-type="testId">Test</th>
          <th class="sortable" data-column-type="duration">Duration</th>
          <th>Links</th>
        </tr>
      </thead>
    </table>
  </body>
  <footer>
    <div id="data-container" data-jsonblob="{&#34;environment&#34;: {&#34;Python&#34;: &#34;3.11.3&#34;, &#34;Platform&#34;: &#34;Windows-10-10.0.26100-SP0&#34;, &#34;Packages&#34;: {&#34;pytest&#34;: &#34;7.4.0&#34;, &#34;pluggy&#34;: &#34;1.6.0&#34;}, &#34;Plugins&#34;: {&#34;cov&#34;: &#34;4.1.0&#34;, &#34;html&#34;: &#34;4.1.1&#34;, &#34;metadata&#34;: &#34;3.1.1&#34;, &#34;mock&#34;: &#34;3.11.1&#34;}}, &#34;tests&#34;: {&#34;exercicio05/tests/test_busca_parametrizada.py::test_busca_google[Python]&#34;: [{&#34;extras&#34;: [], &#34;result&#34;: &#34;Failed&#34;, &#34;testId&#34;: &#34;exercicio05/tests/test_busca_parametrizada.py::test_busca_google[Python]&#34;, &#34;duration&#34;: &#34;00:00:26&#34;, &#34;resultsTableRow&#34;: [&#34;&lt;td class=\&#34;col-result\&#34;&gt;Failed&lt;/td&gt;&#34;, &#34;&lt;td class=\&#34;col-testId\&#34;&gt;exercicio05/tests/test_busca_parametrizada.py::test_busca_google[Python]&lt;/td&gt;&#34;, &#34;&lt;td class=\&#34;col-duration\&#34;&gt;00:00:26&lt;/td&gt;&#34;, &#34;&lt;td class=\&#34;col-links\&#34;&gt;&lt;/td&gt;&#34;], &#34;log&#34;: &#34;chrome_driver = &amp;lt;selenium.webdriver.chrome.webdriver.WebDriver (session=&amp;quot;dabef87ebfddf082687c8441c4f0cb0d&amp;quot;)&amp;gt;\ntermo_busca = &amp;#x27;Python&amp;#x27;\n\n    @pytest.mark.web\n    @pytest.mark.parametrize(&amp;quot;termo_busca&amp;quot;, [\n        &amp;quot;Python&amp;quot;,\n        &amp;quot;Selenium&amp;quot;,\n        &amp;quot;Pytest&amp;quot;,\n        &amp;quot;API Testing&amp;quot;,\n        &amp;quot;Automation&amp;quot;\n    ])\n    def test_busca_google(chrome_driver, termo_busca):\n        &amp;quot;&amp;quot;&amp;quot;Teste parametrizado de busca no Google&amp;quot;&amp;quot;&amp;quot;\n        driver = chrome_driver\n        driver.get(&amp;quot;https://www.google.com&amp;quot;)\n    \n        try:\n            # Aceitar cookies se aparecer\n            cookie_btn = WebDriverWait(driver, 5).until(\n                EC.element_to_be_clickable((By.XPATH, &amp;quot;//button[contains(., &amp;#x27;Aceitar&amp;#x27;) or contains(., &amp;#x27;Accept&amp;#x27;)]&amp;quot;))\n            )\n            cookie_btn.click()\n        except:\n            pass\n    \n        # Buscar elemento de pesquisa\n        search_box = driver.find_element(By.NAME, &amp;quot;q&amp;quot;)\n        search_box.send_keys(termo_busca)\n        search_box.send_keys(Keys.RETURN)\n    \n        # Aguardar resultados\n&amp;gt;       WebDriverWait(driver, 10).until(\n            EC.presence_of_element_located((By.ID, &amp;quot;search&amp;quot;))\n        )\n\nexercicio05\\tests\\test_busca_parametrizada.py:41: \n_ _ _ _ _ _ _ _ _ _ _ _ _ _ _ _ _ _ _ _ _ _ _ _ _ _ _ _ _ _ _ _ _ _ _ _ _ _ _ _ _ _ _ _ _ _ _ _ _ _ _ _ _ _ _ _ _ _ _ _\n\nself = &amp;lt;selenium.webdriver.support.wait.WebDriverWait (session=&amp;quot;dabef87ebfddf082687c8441c4f0cb0d&amp;quot;)&amp;gt;\nmethod = &amp;lt;function presence_of_element_located.&amp;lt;locals&amp;gt;._predicate at 0x0000028E705DBF60&amp;gt;, message = &amp;#x27;&amp;#x27;\n\n    def until(self, method: Callable[[D], Union[Literal[False], T]], message: str = &amp;quot;&amp;quot;) -&amp;gt; T:\n        &amp;quot;&amp;quot;&amp;quot;Wait until the method returns a value that is not False.\n    \n        Calls the method provided with the driver as an argument until the\n        return value does not evaluate to ``False``.\n    \n        Parameters:\n        -----------\n        method: callable(WebDriver)\n            - A callable object that takes a WebDriver instance as an argument.\n    \n        message: str\n            - Optional message for :exc:`TimeoutException`\n    \n        Return:\n        -------\n        object: T\n            - The result of the last call to `method`\n    \n        Raises:\n        -------\n        TimeoutException\n            - If &amp;#x27;method&amp;#x27; does not return a truthy value within the WebDriverWait\n            object&amp;#x27;s timeout\n    \n        Example:\n        --------\n        &amp;gt;&amp;gt;&amp;gt; from selenium.webdriver.common.by import By\n        &amp;gt;&amp;gt;&amp;gt; from selenium.webdriver.support.ui import WebDriverWait\n        &amp;gt;&amp;gt;&amp;gt; from selenium.webdriver.support import expected_conditions as EC\n    \n        # Wait until an element is visible on the page\n        &amp;gt;&amp;gt;&amp;gt; wait = WebDriverWait(driver, 10)\n        &amp;gt;&amp;gt;&amp;gt; element = wait.until(EC.visibility_of_element_located((By.ID, &amp;quot;exampleId&amp;quot;)))\n        &amp;gt;&amp;gt;&amp;gt; print(element.text)\n        &amp;quot;&amp;quot;&amp;quot;\n        screen = None\n        stacktrace = None\n    \n        end_time = time.monotonic() + self._timeout\n        while True:\n            try:\n                value = method(self._driver)\n                if value:\n                    return value\n            except self._ignored_exceptions as exc:\n                screen = getattr(exc, &amp;quot;screen&amp;quot;, None)\n                stacktrace = getattr(exc, &amp;quot;stacktrace&amp;quot;, None)\n            if time.monotonic() &amp;gt; end_time:\n                break\n            time.sleep(self._poll)\n&amp;gt;       raise TimeoutException(message, screen, stacktrace)\nE       selenium.common.exceptions.TimeoutException: Message: \nE       Stacktrace:\nE       \tGetHandleVerifier [0x00B98D03+51395]\nE       \t(No symbol) [0x00B05F61]\nE       \t(No symbol) [0x009BE13A]\nE       \t(No symbol) [0x009F62BB]\nE       \t(No symbol) [0x009F63EB]\nE       \t(No symbol) [0x00A2C162]\nE       \t(No symbol) [0x00A13ED4]\nE       \t(No symbol) [0x00A2A570]\nE       \t(No symbol) [0x00A13C26]\nE       \t(No symbol) [0x009EC629]\nE       \t(No symbol) [0x009ED40D]\nE       \tGetHandleVerifier [0x00F168D3+3712147]\nE       \tGetHandleVerifier [0x00F55CBA+3971194]\nE       \tGetHandleVerifier [0x00F50FA8+3951464]\nE       \tGetHandleVerifier [0x00C49D09+776393]\nE       \t(No symbol) [0x00B11734]\nE       \t(No symbol) [0x00B0C618]\nE       \t(No symbol) [0x00B0C7C9]\nE       \t(No symbol) [0x00AFDDF0]\nE       \tBaseThreadInitThunk [0x765F5D49+25]\nE       \tRtlInitializeExceptionChain [0x7745D6DB+107]\nE       \tRtlGetAppContainerNamedObjectPath [0x7745D661+561]\n\n..\\AppData\\Local\\Programs\\Python\\Python311\\Lib\\site-packages\\selenium\\webdriver\\support\\wait.py:138: TimeoutException\n&#34;}], &#34;exercicio05/tests/test_busca_parametrizada.py::test_busca_google[Selenium]&#34;: [{&#34;extras&#34;: [], &#34;result&#34;: &#34;Failed&#34;, &#34;testId&#34;: &#34;exercicio05/tests/test_busca_parametrizada.py::test_busca_google[Selenium]&#34;, &#34;duration&#34;: &#34;00:00:38&#34;, &#34;resultsTableRow&#34;: [&#34;&lt;td class=\&#34;col-result\&#34;&gt;Failed&lt;/td&gt;&#34;, &#34;&lt;td class=\&#34;col-testId\&#34;&gt;exercicio05/tests/test_busca_parametrizada.py::test_busca_google[Selenium]&lt;/td&gt;&#34;, &#34;&lt;td class=\&#34;col-duration\&#34;&gt;00:00:38&lt;/td&gt;&#34;, &#34;&lt;td class=\&#34;col-links\&#34;&gt;&lt;/td&gt;&#34;], &#34;log&#34;: &#34;chrome_driver = &amp;lt;selenium.webdriver.chrome.webdriver.WebDriver (session=&amp;quot;9886d082792d495ec6e20a27e98a6179&amp;quot;)&amp;gt;\ntermo_busca = &amp;#x27;Selenium&amp;#x27;\n\n    @pytest.mark.web\n    @pytest.mark.parametrize(&amp;quot;termo_busca&amp;quot;, [\n        &amp;quot;Python&amp;quot;,\n        &amp;quot;Selenium&amp;quot;,\n        &amp;quot;Pytest&amp;quot;,\n        &amp;quot;API Testing&amp;quot;,\n        &amp;quot;Automation&amp;quot;\n    ])\n    def test_busca_google(chrome_driver, termo_busca):\n        &amp;quot;&amp;quot;&amp;quot;Teste parametrizado de busca no Google&amp;quot;&amp;quot;&amp;quot;\n        driver = chrome_driver\n        driver.get(&amp;quot;https://www.google.com&amp;quot;)\n    \n        try:\n            # Aceitar cookies se aparecer\n            cookie_btn = WebDriverWait(driver, 5).until(\n                EC.element_to_be_clickable((By.XPATH, &amp;quot;//button[contains(., &amp;#x27;Aceitar&amp;#x27;) or contains(., &amp;#x27;Accept&amp;#x27;)]&amp;quot;))\n            )\n            cookie_btn.click()\n        except:\n            pass\n    \n        # Buscar elemento de pesquisa\n        search_box = driver.find_element(By.NAME, &amp;quot;q&amp;quot;)\n        search_box.send_keys(termo_busca)\n        search_box.send_keys(Keys.RETURN)\n    \n        # Aguardar resultados\n&amp;gt;       WebDriverWait(driver, 10).until(\n            EC.presence_of_element_located((By.ID, &amp;quot;search&amp;quot;))\n        )\n\nexercicio05\\tests\\test_busca_parametrizada.py:41: \n_ _ _ _ _ _ _ _ _ _ _ _ _ _ _ _ _ _ _ _ _ _ _ _ _ _ _ _ _ _ _ _ _ _ _ _ _ _ _ _ _ _ _ _ _ _ _ _ _ _ _ _ _ _ _ _ _ _ _ _\n\nself = &amp;lt;selenium.webdriver.support.wait.WebDriverWait (session=&amp;quot;9886d082792d495ec6e20a27e98a6179&amp;quot;)&amp;gt;\nmethod = &amp;lt;function presence_of_element_located.&amp;lt;locals&amp;gt;._predicate at 0x0000028E705DB240&amp;gt;, message = &amp;#x27;&amp;#x27;\n\n    def until(self, method: Callable[[D], Union[Literal[False], T]], message: str = &amp;quot;&amp;quot;) -&amp;gt; T:\n        &amp;quot;&amp;quot;&amp;quot;Wait until the method returns a value that is not False.\n    \n        Calls the method provided with the driver as an argument until the\n        return value does not evaluate to ``False``.\n    \n        Parameters:\n        -----------\n        method: callable(WebDriver)\n            - A callable object that takes a WebDriver instance as an argument.\n    \n        message: str\n            - Optional message for :exc:`TimeoutException`\n    \n        Return:\n        -------\n        object: T\n            - The result of the last call to `method`\n    \n        Raises:\n        -------\n        TimeoutException\n            - If &amp;#x27;method&amp;#x27; does not return a truthy value within the WebDriverWait\n            object&amp;#x27;s timeout\n    \n        Example:\n        --------\n        &amp;gt;&amp;gt;&amp;gt; from selenium.webdriver.common.by import By\n        &amp;gt;&amp;gt;&amp;gt; from selenium.webdriver.support.ui import WebDriverWait\n        &amp;gt;&amp;gt;&amp;gt; from selenium.webdriver.support import expected_conditions as EC\n    \n        # Wait until an element is visible on the page\n        &amp;gt;&amp;gt;&amp;gt; wait = WebDriverWait(driver, 10)\n        &amp;gt;&amp;gt;&amp;gt; element = wait.until(EC.visibility_of_element_located((By.ID, &amp;quot;exampleId&amp;quot;)))\n        &amp;gt;&amp;gt;&amp;gt; print(element.text)\n        &amp;quot;&amp;quot;&amp;quot;\n        screen = None\n        stacktrace = None\n    \n        end_time = time.monotonic() + self._timeout\n        while True:\n            try:\n                value = method(self._driver)\n                if value:\n                    return value\n            except self._ignored_exceptions as exc:\n                screen = getattr(exc, &amp;quot;screen&amp;quot;, None)\n                stacktrace = getattr(exc, &amp;quot;stacktrace&amp;quot;, None)\n            if time.monotonic() &amp;gt; end_time:\n                break\n            time.sleep(self._poll)\n&amp;gt;       raise TimeoutException(message, screen, stacktrace)\nE       selenium.common.exceptions.TimeoutException: Message: \nE       Stacktrace:\nE       \tGetHandleVerifier [0x00B98D03+51395]\nE       \t(No symbol) [0x00B05F61]\nE       \t(No symbol) [0x009BE13A]\nE       \t(No symbol) [0x009F62BB]\nE       \t(No symbol) [0x009F63EB]\nE       \t(No symbol) [0x00A2C162]\nE       \t(No symbol) [0x00A13ED4]\nE       \t(No symbol) [0x00A2A570]\nE       \t(No symbol) [0x00A13C26]\nE       \t(No symbol) [0x009EC629]\nE       \t(No symbol) [0x009ED40D]\nE       \tGetHandleVerifier [0x00F168D3+3712147]\nE       \tGetHandleVerifier [0x00F55CBA+3971194]\nE       \tGetHandleVerifier [0x00F50FA8+3951464]\nE       \tGetHandleVerifier [0x00C49D09+776393]\nE       \t(No symbol) [0x00B11734]\nE       \t(No symbol) [0x00B0C618]\nE       \t(No symbol) [0x00B0C7C9]\nE       \t(No symbol) [0x00AFDDF0]\nE       \tBaseThreadInitThunk [0x765F5D49+25]\nE       \tRtlInitializeExceptionChain [0x7745D6DB+107]\nE       \tRtlGetAppContainerNamedObjectPath [0x7745D661+561]\n\n..\\AppData\\Local\\Programs\\Python\\Python311\\Lib\\site-packages\\selenium\\webdriver\\support\\wait.py:138: TimeoutException\n&#34;}], &#34;exercicio05/tests/test_busca_parametrizada.py::test_busca_google[Pytest]&#34;: [{&#34;extras&#34;: [], &#34;result&#34;: &#34;Failed&#34;, &#34;testId&#34;: &#34;exercicio05/tests/test_busca_parametrizada.py::test_busca_google[Pytest]&#34;, &#34;duration&#34;: &#34;00:00:26&#34;, &#34;resultsTableRow&#34;: [&#34;&lt;td class=\&#34;col-result\&#34;&gt;Failed&lt;/td&gt;&#34;, &#34;&lt;td class=\&#34;col-testId\&#34;&gt;exercicio05/tests/test_busca_parametrizada.py::test_busca_google[Pytest]&lt;/td&gt;&#34;, &#34;&lt;td class=\&#34;col-duration\&#34;&gt;00:00:26&lt;/td&gt;&#34;, &#34;&lt;td class=\&#34;col-links\&#34;&gt;&lt;/td&gt;&#34;], &#34;log&#34;: &#34;chrome_driver = &amp;lt;selenium.webdriver.chrome.webdriver.WebDriver (session=&amp;quot;5cbbbbd022074440d016763080f8d988&amp;quot;)&amp;gt;\ntermo_busca = &amp;#x27;Pytest&amp;#x27;\n\n    @pytest.mark.web\n    @pytest.mark.parametrize(&amp;quot;termo_busca&amp;quot;, [\n        &amp;quot;Python&amp;quot;,\n        &amp;quot;Selenium&amp;quot;,\n        &amp;quot;Pytest&amp;quot;,\n        &amp;quot;API Testing&amp;quot;,\n        &amp;quot;Automation&amp;quot;\n    ])\n    def test_busca_google(chrome_driver, termo_busca):\n        &amp;quot;&amp;quot;&amp;quot;Teste parametrizado de busca no Google&amp;quot;&amp;quot;&amp;quot;\n        driver = chrome_driver\n        driver.get(&amp;quot;https://www.google.com&amp;quot;)\n    \n        try:\n            # Aceitar cookies se aparecer\n            cookie_btn = WebDriverWait(driver, 5).until(\n                EC.element_to_be_clickable((By.XPATH, &amp;quot;//button[contains(., &amp;#x27;Aceitar&amp;#x27;) or contains(., &amp;#x27;Accept&amp;#x27;)]&amp;quot;))\n            )\n            cookie_btn.click()\n        except:\n            pass\n    \n        # Buscar elemento de pesquisa\n        search_box = driver.find_element(By.NAME, &amp;quot;q&amp;quot;)\n        search_box.send_keys(termo_busca)\n        search_box.send_keys(Keys.RETURN)\n    \n        # Aguardar resultados\n&amp;gt;       WebDriverWait(driver, 10).until(\n            EC.presence_of_element_located((By.ID, &amp;quot;search&amp;quot;))\n        )\n\nexercicio05\\tests\\test_busca_parametrizada.py:41: \n_ _ _ _ _ _ _ _ _ _ _ _ _ _ _ _ _ _ _ _ _ _ _ _ _ _ _ _ _ _ _ _ _ _ _ _ _ _ _ _ _ _ _ _ _ _ _ _ _ _ _ _ _ _ _ _ _ _ _ _\n\nself = &amp;lt;selenium.webdriver.support.wait.WebDriverWait (session=&amp;quot;5cbbbbd022074440d016763080f8d988&amp;quot;)&amp;gt;\nmethod = &amp;lt;function presence_of_element_located.&amp;lt;locals&amp;gt;._predicate at 0x0000028E705DFBA0&amp;gt;, message = &amp;#x27;&amp;#x27;\n\n    def until(self, method: Callable[[D], Union[Literal[False], T]], message: str = &amp;quot;&amp;quot;) -&amp;gt; T:\n        &amp;quot;&amp;quot;&amp;quot;Wait until the method returns a value that is not False.\n    \n        Calls the method provided with the driver as an argument until the\n        return value does not evaluate to ``False``.\n    \n        Parameters:\n        -----------\n        method: callable(WebDriver)\n            - A callable object that takes a WebDriver instance as an argument.\n    \n        message: str\n            - Optional message for :exc:`TimeoutException`\n    \n        Return:\n        -------\n        object: T\n            - The result of the last call to `method`\n    \n        Raises:\n        -------\n        TimeoutException\n            - If &amp;#x27;method&amp;#x27; does not return a truthy value within the WebDriverWait\n            object&amp;#x27;s timeout\n    \n        Example:\n        --------\n        &amp;gt;&amp;gt;&amp;gt; from selenium.webdriver.common.by import By\n        &amp;gt;&amp;gt;&amp;gt; from selenium.webdriver.support.ui import WebDriverWait\n        &amp;gt;&amp;gt;&amp;gt; from selenium.webdriver.support import expected_conditions as EC\n    \n        # Wait until an element is visible on the page\n        &amp;gt;&amp;gt;&amp;gt; wait = WebDriverWait(driver, 10)\n        &amp;gt;&amp;gt;&amp;gt; element = wait.until(EC.visibility_of_element_located((By.ID, &amp;quot;exampleId&amp;quot;)))\n        &amp;gt;&amp;gt;&amp;gt; print(element.text)\n        &amp;quot;&amp;quot;&amp;quot;\n        screen = None\n        stacktrace = None\n    \n        end_time = time.monotonic() + self._timeout\n        while True:\n            try:\n                value = method(self._driver)\n                if value:\n                    return value\n            except self._ignored_exceptions as exc:\n                screen = getattr(exc, &amp;quot;screen&amp;quot;, None)\n                stacktrace = getattr(exc, &amp;quot;stacktrace&amp;quot;, None)\n            if time.monotonic() &amp;gt; end_time:\n                break\n            time.sleep(self._poll)\n&amp;gt;       raise TimeoutException(message, screen, stacktrace)\nE       selenium.common.exceptions.TimeoutException: Message: \nE       Stacktrace:\nE       \tGetHandleVerifier [0x00B98D03+51395]\nE       \t(No symbol) [0x00B05F61]\nE       \t(No symbol) [0x009BE13A]\nE       \t(No symbol) [0x009F62BB]\nE       \t(No symbol) [0x009F63EB]\nE       \t(No symbol) [0x00A2C162]\nE       \t(No symbol) [0x00A13ED4]\nE       \t(No symbol) [0x00A2A570]\nE       \t(No symbol) [0x00A13C26]\nE       \t(No symbol) [0x009EC629]\nE       \t(No symbol) [0x009ED40D]\nE       \tGetHandleVerifier [0x00F168D3+3712147]\nE       \tGetHandleVerifier [0x00F55CBA+3971194]\nE       \tGetHandleVerifier [0x00F50FA8+3951464]\nE       \tGetHandleVerifier [0x00C49D09+776393]\nE       \t(No symbol) [0x00B11734]\nE       \t(No symbol) [0x00B0C618]\nE       \t(No symbol) [0x00B0C7C9]\nE       \t(No symbol) [0x00AFDDF0]\nE       \tBaseThreadInitThunk [0x765F5D49+25]\nE       \tRtlInitializeExceptionChain [0x7745D6DB+107]\nE       \tRtlGetAppContainerNamedObjectPath [0x7745D661+561]\n\n..\\AppData\\Local\\Programs\\Python\\Python311\\Lib\\site-packages\\selenium\\webdriver\\support\\wait.py:138: TimeoutException\n&#34;}], &#34;exercicio05/tests/test_busca_parametrizada.py::test_busca_google[API Testing]&#34;: [{&#34;extras&#34;: [], &#34;result&#34;: &#34;Failed&#34;, &#34;testId&#34;: &#34;exercicio05/tests/test_busca_parametrizada.py::test_busca_google[API Testing]&#34;, &#34;duration&#34;: &#34;00:00:27&#34;, &#34;resultsTableRow&#34;: [&#34;&lt;td class=\&#34;col-result\&#34;&gt;Failed&lt;/td&gt;&#34;, &#34;&lt;td class=\&#34;col-testId\&#34;&gt;exercicio05/tests/test_busca_parametrizada.py::test_busca_google[API Testing]&lt;/td&gt;&#34;, &#34;&lt;td class=\&#34;col-duration\&#34;&gt;00:00:27&lt;/td&gt;&#34;, &#34;&lt;td class=\&#34;col-links\&#34;&gt;&lt;/td&gt;&#34;], &#34;log&#34;: &#34;chrome_driver = &amp;lt;selenium.webdriver.chrome.webdriver.WebDriver (session=&amp;quot;f7e2e57e0d4c54ce69ec0eb659b314d7&amp;quot;)&amp;gt;\ntermo_busca = &amp;#x27;API Testing&amp;#x27;\n\n    @pytest.mark.web\n    @pytest.mark.parametrize(&amp;quot;termo_busca&amp;quot;, [\n        &amp;quot;Python&amp;quot;,\n        &amp;quot;Selenium&amp;quot;,\n        &amp;quot;Pytest&amp;quot;,\n        &amp;quot;API Testing&amp;quot;,\n        &amp;quot;Automation&amp;quot;\n    ])\n    def test_busca_google(chrome_driver, termo_busca):\n        &amp;quot;&amp;quot;&amp;quot;Teste parametrizado de busca no Google&amp;quot;&amp;quot;&amp;quot;\n        driver = chrome_driver\n        driver.get(&amp;quot;https://www.google.com&amp;quot;)\n    \n        try:\n            # Aceitar cookies se aparecer\n            cookie_btn = WebDriverWait(driver, 5).until(\n                EC.element_to_be_clickable((By.XPATH, &amp;quot;//button[contains(., &amp;#x27;Aceitar&amp;#x27;) or contains(., &amp;#x27;Accept&amp;#x27;)]&amp;quot;))\n            )\n            cookie_btn.click()\n        except:\n            pass\n    \n        # Buscar elemento de pesquisa\n        search_box = driver.find_element(By.NAME, &amp;quot;q&amp;quot;)\n        search_box.send_keys(termo_busca)\n        search_box.send_keys(Keys.RETURN)\n    \n        # Aguardar resultados\n&amp;gt;       WebDriverWait(driver, 10).until(\n            EC.presence_of_element_located((By.ID, &amp;quot;search&amp;quot;))\n        )\n\nexercicio05\\tests\\test_busca_parametrizada.py:41: \n_ _ _ _ _ _ _ _ _ _ _ _ _ _ _ _ _ _ _ _ _ _ _ _ _ _ _ _ _ _ _ _ _ _ _ _ _ _ _ _ _ _ _ _ _ _ _ _ _ _ _ _ _ _ _ _ _ _ _ _\n\nself = &amp;lt;selenium.webdriver.support.wait.WebDriverWait (session=&amp;quot;f7e2e57e0d4c54ce69ec0eb659b314d7&amp;quot;)&amp;gt;\nmethod = &amp;lt;function presence_of_element_located.&amp;lt;locals&amp;gt;._predicate at 0x0000028E70660C20&amp;gt;, message = &amp;#x27;&amp;#x27;\n\n    def until(self, method: Callable[[D], Union[Literal[False], T]], message: str = &amp;quot;&amp;quot;) -&amp;gt; T:\n        &amp;quot;&amp;quot;&amp;quot;Wait until the method returns a value that is not False.\n    \n        Calls the method provided with the driver as an argument until the\n        return value does not evaluate to ``False``.\n    \n        Parameters:\n        -----------\n        method: callable(WebDriver)\n            - A callable object that takes a WebDriver instance as an argument.\n    \n        message: str\n            - Optional message for :exc:`TimeoutException`\n    \n        Return:\n        -------\n        object: T\n            - The result of the last call to `method`\n    \n        Raises:\n        -------\n        TimeoutException\n            - If &amp;#x27;method&amp;#x27; does not return a truthy value within the WebDriverWait\n            object&amp;#x27;s timeout\n    \n        Example:\n        --------\n        &amp;gt;&amp;gt;&amp;gt; from selenium.webdriver.common.by import By\n        &amp;gt;&amp;gt;&amp;gt; from selenium.webdriver.support.ui import WebDriverWait\n        &amp;gt;&amp;gt;&amp;gt; from selenium.webdriver.support import expected_conditions as EC\n    \n        # Wait until an element is visible on the page\n        &amp;gt;&amp;gt;&amp;gt; wait = WebDriverWait(driver, 10)\n        &amp;gt;&amp;gt;&amp;gt; element = wait.until(EC.visibility_of_element_located((By.ID, &amp;quot;exampleId&amp;quot;)))\n        &amp;gt;&amp;gt;&amp;gt; print(element.text)\n        &amp;quot;&amp;quot;&amp;quot;\n        screen = None\n        stacktrace = None\n    \n        end_time = time.monotonic() + self._timeout\n        while True:\n            try:\n                value = method(self._driver)\n                if value:\n                    return value\n            except self._ignored_exceptions as exc:\n                screen = getattr(exc, &amp;quot;screen&amp;quot;, None)\n                stacktrace = getattr(exc, &amp;quot;stacktrace&amp;quot;, None)\n            if time.monotonic() &amp;gt; end_time:\n                break\n            time.sleep(self._poll)\n&amp;gt;       raise TimeoutException(message, screen, stacktrace)\nE       selenium.common.exceptions.TimeoutException: Message: \nE       Stacktrace:\nE       \tGetHandleVerifier [0x00B98D03+51395]\nE       \t(No symbol) [0x00B05F61]\nE       \t(No symbol) [0x009BE13A]\nE       \t(No symbol) [0x009F62BB]\nE       \t(No symbol) [0x009F63EB]\nE       \t(No symbol) [0x00A2C162]\nE       \t(No symbol) [0x00A13ED4]\nE       \t(No symbol) [0x00A2A570]\nE       \t(No symbol) [0x00A13C26]\nE       \t(No symbol) [0x009EC629]\nE       \t(No symbol) [0x009ED40D]\nE       \tGetHandleVerifier [0x00F168D3+3712147]\nE       \tGetHandleVerifier [0x00F55CBA+3971194]\nE       \tGetHandleVerifier [0x00F50FA8+3951464]\nE       \tGetHandleVerifier [0x00C49D09+776393]\nE       \t(No symbol) [0x00B11734]\nE       \t(No symbol) [0x00B0C618]\nE       \t(No symbol) [0x00B0C7C9]\nE       \t(No symbol) [0x00AFDDF0]\nE       \tBaseThreadInitThunk [0x765F5D49+25]\nE       \tRtlInitializeExceptionChain [0x7745D6DB+107]\nE       \tRtlGetAppContainerNamedObjectPath [0x7745D661+561]\n\n..\\AppData\\Local\\Programs\\Python\\Python311\\Lib\\site-packages\\selenium\\webdriver\\support\\wait.py:138: TimeoutException\n&#34;}], &#34;exercicio05/tests/test_busca_parametrizada.py::test_busca_google[Automation]&#34;: [{&#34;extras&#34;: [], &#34;result&#34;: &#34;Failed&#34;, &#34;testId&#34;: &#34;exercicio05/tests/test_busca_parametrizada.py::test_busca_google[Automation]&#34;, &#34;duration&#34;: &#34;00:00:26&#34;, &#34;resultsTableRow&#34;: [&#34;&lt;td class=\&#34;col-result\&#34;&gt;Failed&lt;/td&gt;&#34;, &#34;&lt;td class=\&#34;col-testId\&#34;&gt;exercicio05/tests/test_busca_parametrizada.py::test_busca_google[Automation]&lt;/td&gt;&#34;, &#34;&lt;td class=\&#34;col-duration\&#34;&gt;00:00:26&lt;/td&gt;&#34;, &#34;&lt;td class=\&#34;col-links\&#34;&gt;&lt;/td&gt;&#34;], &#34;log&#34;: &#34;chrome_driver = &amp;lt;selenium.webdriver.chrome.webdriver.WebDriver (session=&amp;quot;1d6f55c424864aa44ada68f50180fe94&amp;quot;)&amp;gt;\ntermo_busca = &amp;#x27;Automation&amp;#x27;\n\n    @pytest.mark.web\n    @pytest.mark.parametrize(&amp;quot;termo_busca&amp;quot;, [\n        &amp;quot;Python&amp;quot;,\n        &amp;quot;Selenium&amp;quot;,\n        &amp;quot;Pytest&amp;quot;,\n        &amp;quot;API Testing&amp;quot;,\n        &amp;quot;Automation&amp;quot;\n    ])\n    def test_busca_google(chrome_driver, termo_busca):\n        &amp;quot;&amp;quot;&amp;quot;Teste parametrizado de busca no Google&amp;quot;&amp;quot;&amp;quot;\n        driver = chrome_driver\n        driver.get(&amp;quot;https://www.google.com&amp;quot;)\n    \n        try:\n            # Aceitar cookies se aparecer\n            cookie_btn = WebDriverWait(driver, 5).until(\n                EC.element_to_be_clickable((By.XPATH, &amp;quot;//button[contains(., &amp;#x27;Aceitar&amp;#x27;) or contains(., &amp;#x27;Accept&amp;#x27;)]&amp;quot;))\n            )\n            cookie_btn.click()\n        except:\n            pass\n    \n        # Buscar elemento de pesquisa\n        search_box = driver.find_element(By.NAME, &amp;quot;q&amp;quot;)\n        search_box.send_keys(termo_busca)\n        search_box.send_keys(Keys.RETURN)\n    \n        # Aguardar resultados\n&amp;gt;       WebDriverWait(driver, 10).until(\n            EC.presence_of_element_located((By.ID, &amp;quot;search&amp;quot;))\n        )\n\nexercicio05\\tests\\test_busca_parametrizada.py:41: \n_ _ _ _ _ _ _ _ _ _ _ _ _ _ _ _ _ _ _ _ _ _ _ _ _ _ _ _ _ _ _ _ _ _ _ _ _ _ _ _ _ _ _ _ _ _ _ _ _ _ _ _ _ _ _ _ _ _ _ _\n\nself = &amp;lt;selenium.webdriver.support.wait.WebDriverWait (session=&amp;quot;1d6f55c424864aa44ada68f50180fe94&amp;quot;)&amp;gt;\nmethod = &amp;lt;function presence_of_element_located.&amp;lt;locals&amp;gt;._predicate at 0x0000028E709F4720&amp;gt;, message = &amp;#x27;&amp;#x27;\n\n    def until(self, method: Callable[[D], Union[Literal[False], T]], message: str = &amp;quot;&amp;quot;) -&amp;gt; T:\n        &amp;quot;&amp;quot;&amp;quot;Wait until the method returns a value that is not False.\n    \n        Calls the method provided with the driver as an argument until the\n        return value does not evaluate to ``False``.\n    \n        Parameters:\n        -----------\n        method: callable(WebDriver)\n            - A callable object that takes a WebDriver instance as an argument.\n    \n        message: str\n            - Optional message for :exc:`TimeoutException`\n    \n        Return:\n        -------\n        object: T\n            - The result of the last call to `method`\n    \n        Raises:\n        -------\n        TimeoutException\n            - If &amp;#x27;method&amp;#x27; does not return a truthy value within the WebDriverWait\n            object&amp;#x27;s timeout\n    \n        Example:\n        --------\n        &amp;gt;&amp;gt;&amp;gt; from selenium.webdriver.common.by import By\n        &amp;gt;&amp;gt;&amp;gt; from selenium.webdriver.support.ui import WebDriverWait\n        &amp;gt;&amp;gt;&amp;gt; from selenium.webdriver.support import expected_conditions as EC\n    \n        # Wait until an element is visible on the page\n        &amp;gt;&amp;gt;&amp;gt; wait = WebDriverWait(driver, 10)\n        &amp;gt;&amp;gt;&amp;gt; element = wait.until(EC.visibility_of_element_located((By.ID, &amp;quot;exampleId&amp;quot;)))\n        &amp;gt;&amp;gt;&amp;gt; print(element.text)\n        &amp;quot;&amp;quot;&amp;quot;\n        screen = None\n        stacktrace = None\n    \n        end_time = time.monotonic() + self._timeout\n        while True:\n            try:\n                value = method(self._driver)\n                if value:\n                    return value\n            except self._ignored_exceptions as exc:\n                screen = getattr(exc, &amp;quot;screen&amp;quot;, None)\n                stacktrace = getattr(exc, &amp;quot;stacktrace&amp;quot;, None)\n            if time.monotonic() &amp;gt; end_time:\n                break\n            time.sleep(self._poll)\n&amp;gt;       raise TimeoutException(message, screen, stacktrace)\nE       selenium.common.exceptions.TimeoutException: Message: \nE       Stacktrace:\nE       \tGetHandleVerifier [0x00B98D03+51395]\nE       \t(No symbol) [0x00B05F61]\nE       \t(No symbol) [0x009BE13A]\nE       \t(No symbol) [0x009F62BB]\nE       \t(No symbol) [0x009F63EB]\nE       \t(No symbol) [0x00A2C162]\nE       \t(No symbol) [0x00A13ED4]\nE       \t(No symbol) [0x00A2A570]\nE       \t(No symbol) [0x00A13C26]\nE       \t(No symbol) [0x009EC629]\nE       \t(No symbol) [0x009ED40D]\nE       \tGetHandleVerifier [0x00F168D3+3712147]\nE       \tGetHandleVerifier [0x00F55CBA+3971194]\nE       \tGetHandleVerifier [0x00F50FA8+3951464]\nE       \tGetHandleVerifier [0x00C49D09+776393]\nE       \t(No symbol) [0x00B11734]\nE       \t(No symbol) [0x00B0C618]\nE       \t(No symbol) [0x00B0C7C9]\nE       \t(No symbol) [0x00AFDDF0]\nE       \tBaseThreadInitThunk [0x765F5D49+25]\nE       \tRtlInitializeExceptionChain [0x7745D6DB+107]\nE       \tRtlGetAppContainerNamedObjectPath [0x7745D661+561]\n\n..\\AppData\\Local\\Programs\\Python\\Python311\\Lib\\site-packages\\selenium\\webdriver\\support\\wait.py:138: TimeoutException\n&#34;}], &#34;exercicio05/tests/test_busca_parametrizada.py::test_busca_produtos_categoria[electronics]&#34;: [{&#34;extras&#34;: [], &#34;result&#34;: &#34;Passed&#34;, &#34;testId&#34;: &#34;exercicio05/tests/test_busca_parametrizada.py::test_busca_produtos_categoria[electronics]&#34;, &#34;duration&#34;: &#34;00:00:06&#34;, &#34;resultsTableRow&#34;: [&#34;&lt;td class=\&#34;col-result\&#34;&gt;Passed&lt;/td&gt;&#34;, &#34;&lt;td class=\&#34;col-testId\&#34;&gt;exercicio05/tests/test_busca_parametrizada.py::test_busca_produtos_categoria[electronics]&lt;/td&gt;&#34;, &#34;&lt;td class=\&#34;col-duration\&#34;&gt;00:00:06&lt;/td&gt;&#34;, &#34;&lt;td class=\&#34;col-links\&#34;&gt;&lt;/td&gt;&#34;], &#34;log&#34;: &#34;No log output captured.&#34;}], &#34;exercicio05/tests/test_busca_parametrizada.py::test_busca_produtos_categoria[jewelery]&#34;: [{&#34;extras&#34;: [], &#34;result&#34;: &#34;Passed&#34;, &#34;testId&#34;: &#34;exercicio05/tests/test_busca_parametrizada.py::test_busca_produtos_categoria[jewelery]&#34;, &#34;duration&#34;: &#34;00:00:06&#34;, &#34;resultsTableRow&#34;: [&#34;&lt;td class=\&#34;col-result\&#34;&gt;Passed&lt;/td&gt;&#34;, &#34;&lt;td class=\&#34;col-testId\&#34;&gt;exercicio05/tests/test_busca_parametrizada.py::test_busca_produtos_categoria[jewelery]&lt;/td&gt;&#34;, &#34;&lt;td class=\&#34;col-duration\&#34;&gt;00:00:06&lt;/td&gt;&#34;, &#34;&lt;td class=\&#34;col-links\&#34;&gt;&lt;/td&gt;&#34;], &#34;log&#34;: &#34;No log output captured.&#34;}], &#34;exercicio05/tests/test_busca_parametrizada.py::test_busca_produtos_categoria[men&#39;s clothing]&#34;: [{&#34;extras&#34;: [], &#34;result&#34;: &#34;Passed&#34;, &#34;testId&#34;: &#34;exercicio05/tests/test_busca_parametrizada.py::test_busca_produtos_categoria[men&#39;s clothing]&#34;, &#34;duration&#34;: &#34;00:00:06&#34;, &#34;resultsTableRow&#34;: [&#34;&lt;td class=\&#34;col-result\&#34;&gt;Passed&lt;/td&gt;&#34;, &#34;&lt;td class=\&#34;col-testId\&#34;&gt;exercicio05/tests/test_busca_parametrizada.py::test_busca_produtos_categoria[men&#39;s clothing]&lt;/td&gt;&#34;, &#34;&lt;td class=\&#34;col-duration\&#34;&gt;00:00:06&lt;/td&gt;&#34;, &#34;&lt;td class=\&#34;col-links\&#34;&gt;&lt;/td&gt;&#34;], &#34;log&#34;: &#34;No log output captured.&#34;}], &#34;exercicio05/tests/test_busca_parametrizada.py::test_busca_produtos_categoria[women&#39;s clothing]&#34;: [{&#34;extras&#34;: [], &#34;result&#34;: &#34;Passed&#34;, &#34;testId&#34;: &#34;exercicio05/tests/test_busca_parametrizada.py::test_busca_produtos_categoria[women&#39;s clothing]&#34;, &#34;duration&#34;: &#34;00:00:06&#34;, &#34;resultsTableRow&#34;: [&#34;&lt;td class=\&#34;col-result\&#34;&gt;Passed&lt;/td&gt;&#34;, &#34;&lt;td class=\&#34;col-testId\&#34;&gt;exercicio05/tests/test_busca_parametrizada.py::test_busca_produtos_categoria[women&#39;s clothing]&lt;/td&gt;&#34;, &#34;&lt;td class=\&#34;col-duration\&#34;&gt;00:00:06&lt;/td&gt;&#34;, &#34;&lt;td class=\&#34;col-links\&#34;&gt;&lt;/td&gt;&#34;], &#34;log&#34;: &#34;No log output captured.&#34;}], &#34;exercicio05/tests/test_busca_parametrizada.py::test_login_multiplos_cenarios[student-Password123-sucesso]&#34;: [{&#34;extras&#34;: [], &#34;result&#34;: &#34;Failed&#34;, &#34;testId&#34;: &#34;exercicio05/tests/test_busca_parametrizada.py::test_login_multiplos_cenarios[student-Password123-sucesso]&#34;, &#34;duration&#34;: &#34;00:00:25&#34;, &#34;resultsTableRow&#34;: [&#34;&lt;td class=\&#34;col-result\&#34;&gt;Failed&lt;/td&gt;&#34;, &#34;&lt;td class=\&#34;col-testId\&#34;&gt;exercicio05/tests/test_busca_parametrizada.py::test_login_multiplos_cenarios[student-Password123-sucesso]&lt;/td&gt;&#34;, &#34;&lt;td class=\&#34;col-duration\&#34;&gt;00:00:25&lt;/td&gt;&#34;, &#34;&lt;td class=\&#34;col-links\&#34;&gt;&lt;/td&gt;&#34;], &#34;log&#34;: &#34;chrome_driver = &amp;lt;selenium.webdriver.chrome.webdriver.WebDriver (session=&amp;quot;db01105992e9c5fbd1d3b2114441eb2a&amp;quot;)&amp;gt;\nusername = &amp;#x27;student&amp;#x27;, senha = &amp;#x27;Password123&amp;#x27;, resultado = &amp;#x27;sucesso&amp;#x27;\n\n    @pytest.mark.web\n    @pytest.mark.parametrize(&amp;quot;username,senha,resultado&amp;quot;, [\n        (&amp;quot;student&amp;quot;, &amp;quot;Password123&amp;quot;, &amp;quot;sucesso&amp;quot;),\n        (&amp;quot;invaliduser&amp;quot;, &amp;quot;Password123&amp;quot;, &amp;quot;erro&amp;quot;),\n        (&amp;quot;student&amp;quot;, &amp;quot;wrongpass&amp;quot;, &amp;quot;erro&amp;quot;),\n        (&amp;quot;&amp;quot;, &amp;quot;Password123&amp;quot;, &amp;quot;erro&amp;quot;),\n        (&amp;quot;student&amp;quot;, &amp;quot;&amp;quot;, &amp;quot;erro&amp;quot;),\n    ])\n    def test_login_multiplos_cenarios(chrome_driver, username, senha, resultado):\n        &amp;quot;&amp;quot;&amp;quot;Teste parametrizado de m\u00faltiplos cen\u00e1rios de login&amp;quot;&amp;quot;&amp;quot;\n        driver = chrome_driver\n&amp;gt;       driver.get(&amp;quot;https://practicetestautomation.com/practice-test-login/&amp;quot;)\n\nexercicio05\\tests\\test_busca_parametrizada.py:78: \n_ _ _ _ _ _ _ _ _ _ _ _ _ _ _ _ _ _ _ _ _ _ _ _ _ _ _ _ _ _ _ _ _ _ _ _ _ _ _ _ _ _ _ _ _ _ _ _ _ _ _ _ _ _ _ _ _ _ _ _\n..\\AppData\\Local\\Programs\\Python\\Python311\\Lib\\site-packages\\selenium\\webdriver\\remote\\webdriver.py:483: in get\n    self.execute(Command.GET, {&amp;quot;url&amp;quot;: url})\n..\\AppData\\Local\\Programs\\Python\\Python311\\Lib\\site-packages\\selenium\\webdriver\\remote\\webdriver.py:458: in execute\n    self.error_handler.check_response(response)\n_ _ _ _ _ _ _ _ _ _ _ _ _ _ _ _ _ _ _ _ _ _ _ _ _ _ _ _ _ _ _ _ _ _ _ _ _ _ _ _ _ _ _ _ _ _ _ _ _ _ _ _ _ _ _ _ _ _ _ _\n\nself = &amp;lt;selenium.webdriver.remote.errorhandler.ErrorHandler object at 0x0000028E705C7150&amp;gt;\nresponse = {&amp;#x27;status&amp;#x27;: 500, &amp;#x27;value&amp;#x27;: &amp;#x27;{&amp;quot;value&amp;quot;:{&amp;quot;error&amp;quot;:&amp;quot;unknown error&amp;quot;,&amp;quot;message&amp;quot;:&amp;quot;unknown error: net::ERR_CONNECTION_TIMED_OUT\\\\n...9+25]\\\\n\\\\tRtlInitializeExceptionChain [0x7745D6DB+107]\\\\n\\\\tRtlGetAppContainerNamedObjectPath [0x7745D661+561]\\\\n&amp;quot;}}&amp;#x27;}\n\n    def check_response(self, response: dict[str, Any]) -&amp;gt; None:\n        &amp;quot;&amp;quot;&amp;quot;Checks that a JSON response from the WebDriver does not have an\n        error.\n    \n        :Args:\n         - response - The JSON response from the WebDriver server as a dictionary\n           object.\n    \n        :Raises: If the response contains an error message.\n        &amp;quot;&amp;quot;&amp;quot;\n        status = response.get(&amp;quot;status&amp;quot;, None)\n        if not status or status == ErrorCode.SUCCESS:\n            return\n        value = None\n        message = response.get(&amp;quot;message&amp;quot;, &amp;quot;&amp;quot;)\n        screen: str = response.get(&amp;quot;screen&amp;quot;, &amp;quot;&amp;quot;)\n        stacktrace = None\n        if isinstance(status, int):\n            value_json = response.get(&amp;quot;value&amp;quot;, None)\n            if value_json and isinstance(value_json, str):\n                try:\n                    value = json.loads(value_json)\n                    if isinstance(value, dict):\n                        if len(value) == 1:\n                            value = value[&amp;quot;value&amp;quot;]\n                        status = value.get(&amp;quot;error&amp;quot;, None)\n                        if not status:\n                            status = value.get(&amp;quot;status&amp;quot;, ErrorCode.UNKNOWN_ERROR)\n                            message = value.get(&amp;quot;value&amp;quot;) or value.get(&amp;quot;message&amp;quot;)\n                            if not isinstance(message, str):\n                                value = message\n                                message = message.get(&amp;quot;message&amp;quot;) if isinstance(message, dict) else None\n                        else:\n                            message = value.get(&amp;quot;message&amp;quot;, None)\n                except ValueError:\n                    pass\n    \n        exception_class: type[WebDriverException]\n        e = ErrorCode()\n        error_codes = [item for item in dir(e) if not item.startswith(&amp;quot;__&amp;quot;)]\n        for error_code in error_codes:\n            error_info = getattr(ErrorCode, error_code)\n            if isinstance(error_info, list) and status in error_info:\n                exception_class = getattr(ExceptionMapping, error_code, WebDriverException)\n                break\n        else:\n            exception_class = WebDriverException\n    \n        if not value:\n            value = response[&amp;quot;value&amp;quot;]\n        if isinstance(value, str):\n            raise exception_class(value)\n        if message == &amp;quot;&amp;quot; and &amp;quot;message&amp;quot; in value:\n            message = value[&amp;quot;message&amp;quot;]\n    \n        screen = None  # type: ignore[assignment]\n        if &amp;quot;screen&amp;quot; in value:\n            screen = value[&amp;quot;screen&amp;quot;]\n    \n        stacktrace = None\n        st_value = value.get(&amp;quot;stackTrace&amp;quot;) or value.get(&amp;quot;stacktrace&amp;quot;)\n        if st_value:\n            if isinstance(st_value, str):\n                stacktrace = st_value.split(&amp;quot;\\n&amp;quot;)\n            else:\n                stacktrace = []\n                try:\n                    for frame in st_value:\n                        line = frame.get(&amp;quot;lineNumber&amp;quot;, &amp;quot;&amp;quot;)\n                        file = frame.get(&amp;quot;fileName&amp;quot;, &amp;quot;&amp;lt;anonymous&amp;gt;&amp;quot;)\n                        if line:\n                            file = f&amp;quot;{file}:{line}&amp;quot;\n                        meth = frame.get(&amp;quot;methodName&amp;quot;, &amp;quot;&amp;lt;anonymous&amp;gt;&amp;quot;)\n                        if &amp;quot;className&amp;quot; in frame:\n                            meth = f&amp;quot;{frame[&amp;#x27;className&amp;#x27;]}.{meth}&amp;quot;\n                        msg = &amp;quot;    at %s (%s)&amp;quot;\n                        msg = msg % (meth, file)\n                        stacktrace.append(msg)\n                except TypeError:\n                    pass\n        if exception_class == UnexpectedAlertPresentException:\n            alert_text = None\n            if &amp;quot;data&amp;quot; in value:\n                alert_text = value[&amp;quot;data&amp;quot;].get(&amp;quot;text&amp;quot;)\n            elif &amp;quot;alert&amp;quot; in value:\n                alert_text = value[&amp;quot;alert&amp;quot;].get(&amp;quot;text&amp;quot;)\n            raise exception_class(message, screen, stacktrace, alert_text)  # type: ignore[call-arg]  # mypy is not smart enough here\n&amp;gt;       raise exception_class(message, screen, stacktrace)\nE       selenium.common.exceptions.WebDriverException: Message: unknown error: net::ERR_CONNECTION_TIMED_OUT\nE         (Session info: chrome-headless-shell=122.0.6261.129)\nE       Stacktrace:\nE       \tGetHandleVerifier [0x00B98D03+51395]\nE       \t(No symbol) [0x00B05F61]\nE       \t(No symbol) [0x009BE13A]\nE       \t(No symbol) [0x009BA6BF]\nE       \t(No symbol) [0x009AF68C]\nE       \t(No symbol) [0x009B0698]\nE       \t(No symbol) [0x009AF8F3]\nE       \t(No symbol) [0x009AED73]\nE       \t(No symbol) [0x009AECA3]\nE       \t(No symbol) [0x009AD98B]\nE       \t(No symbol) [0x009AE0AB]\nE       \t(No symbol) [0x009C0258]\nE       \t(No symbol) [0x00A2AC91]\nE       \t(No symbol) [0x00A13E8C]\nE       \t(No symbol) [0x00A2A570]\nE       \t(No symbol) [0x00A13C26]\nE       \t(No symbol) [0x009EC629]\nE       \t(No symbol) [0x009ED40D]\nE       \tGetHandleVerifier [0x00F168D3+3712147]\nE       \tGetHandleVerifier [0x00F55CBA+3971194]\nE       \tGetHandleVerifier [0x00F50FA8+3951464]\nE       \tGetHandleVerifier [0x00C49D09+776393]\nE       \t(No symbol) [0x00B11734]\nE       \t(No symbol) [0x00B0C618]\nE       \t(No symbol) [0x00B0C7C9]\nE       \t(No symbol) [0x00AFDDF0]\nE       \tBaseThreadInitThunk [0x765F5D49+25]\nE       \tRtlInitializeExceptionChain [0x7745D6DB+107]\nE       \tRtlGetAppContainerNamedObjectPath [0x7745D661+561]\n\n..\\AppData\\Local\\Programs\\Python\\Python311\\Lib\\site-packages\\selenium\\webdriver\\remote\\errorhandler.py:232: WebDriverException\n&#34;}], &#34;exercicio05/tests/test_busca_parametrizada.py::test_login_multiplos_cenarios[invaliduser-Password123-erro]&#34;: [{&#34;extras&#34;: [], &#34;result&#34;: &#34;Failed&#34;, &#34;testId&#34;: &#34;exercicio05/tests/test_busca_parametrizada.py::test_login_multiplos_cenarios[invaliduser-Password123-erro]&#34;, &#34;duration&#34;: &#34;00:00:25&#34;, &#34;resultsTableRow&#34;: [&#34;&lt;td class=\&#34;col-result\&#34;&gt;Failed&lt;/td&gt;&#34;, &#34;&lt;td class=\&#34;col-testId\&#34;&gt;exercicio05/tests/test_busca_parametrizada.py::test_login_multiplos_cenarios[invaliduser-Password123-erro]&lt;/td&gt;&#34;, &#34;&lt;td class=\&#34;col-duration\&#34;&gt;00:00:25&lt;/td&gt;&#34;, &#34;&lt;td class=\&#34;col-links\&#34;&gt;&lt;/td&gt;&#34;], &#34;log&#34;: &#34;chrome_driver = &amp;lt;selenium.webdriver.chrome.webdriver.WebDriver (session=&amp;quot;df846c1ba69e9e3d7d22e7d3f943bf90&amp;quot;)&amp;gt;\nusername = &amp;#x27;invaliduser&amp;#x27;, senha = &amp;#x27;Password123&amp;#x27;, resultado = &amp;#x27;erro&amp;#x27;\n\n    @pytest.mark.web\n    @pytest.mark.parametrize(&amp;quot;username,senha,resultado&amp;quot;, [\n        (&amp;quot;student&amp;quot;, &amp;quot;Password123&amp;quot;, &amp;quot;sucesso&amp;quot;),\n        (&amp;quot;invaliduser&amp;quot;, &amp;quot;Password123&amp;quot;, &amp;quot;erro&amp;quot;),\n        (&amp;quot;student&amp;quot;, &amp;quot;wrongpass&amp;quot;, &amp;quot;erro&amp;quot;),\n        (&amp;quot;&amp;quot;, &amp;quot;Password123&amp;quot;, &amp;quot;erro&amp;quot;),\n        (&amp;quot;student&amp;quot;, &amp;quot;&amp;quot;, &amp;quot;erro&amp;quot;),\n    ])\n    def test_login_multiplos_cenarios(chrome_driver, username, senha, resultado):\n        &amp;quot;&amp;quot;&amp;quot;Teste parametrizado de m\u00faltiplos cen\u00e1rios de login&amp;quot;&amp;quot;&amp;quot;\n        driver = chrome_driver\n&amp;gt;       driver.get(&amp;quot;https://practicetestautomation.com/practice-test-login/&amp;quot;)\n\nexercicio05\\tests\\test_busca_parametrizada.py:78: \n_ _ _ _ _ _ _ _ _ _ _ _ _ _ _ _ _ _ _ _ _ _ _ _ _ _ _ _ _ _ _ _ _ _ _ _ _ _ _ _ _ _ _ _ _ _ _ _ _ _ _ _ _ _ _ _ _ _ _ _\n..\\AppData\\Local\\Programs\\Python\\Python311\\Lib\\site-packages\\selenium\\webdriver\\remote\\webdriver.py:483: in get\n    self.execute(Command.GET, {&amp;quot;url&amp;quot;: url})\n..\\AppData\\Local\\Programs\\Python\\Python311\\Lib\\site-packages\\selenium\\webdriver\\remote\\webdriver.py:458: in execute\n    self.error_handler.check_response(response)\n_ _ _ _ _ _ _ _ _ _ _ _ _ _ _ _ _ _ _ _ _ _ _ _ _ _ _ _ _ _ _ _ _ _ _ _ _ _ _ _ _ _ _ _ _ _ _ _ _ _ _ _ _ _ _ _ _ _ _ _\n\nself = &amp;lt;selenium.webdriver.remote.errorhandler.ErrorHandler object at 0x0000028E709FB6D0&amp;gt;\nresponse = {&amp;#x27;status&amp;#x27;: 500, &amp;#x27;value&amp;#x27;: &amp;#x27;{&amp;quot;value&amp;quot;:{&amp;quot;error&amp;quot;:&amp;quot;unknown error&amp;quot;,&amp;quot;message&amp;quot;:&amp;quot;unknown error: net::ERR_CONNECTION_TIMED_OUT\\\\n...9+25]\\\\n\\\\tRtlInitializeExceptionChain [0x7745D6DB+107]\\\\n\\\\tRtlGetAppContainerNamedObjectPath [0x7745D661+561]\\\\n&amp;quot;}}&amp;#x27;}\n\n    def check_response(self, response: dict[str, Any]) -&amp;gt; None:\n        &amp;quot;&amp;quot;&amp;quot;Checks that a JSON response from the WebDriver does not have an\n        error.\n    \n        :Args:\n         - response - The JSON response from the WebDriver server as a dictionary\n           object.\n    \n        :Raises: If the response contains an error message.\n        &amp;quot;&amp;quot;&amp;quot;\n        status = response.get(&amp;quot;status&amp;quot;, None)\n        if not status or status == ErrorCode.SUCCESS:\n            return\n        value = None\n        message = response.get(&amp;quot;message&amp;quot;, &amp;quot;&amp;quot;)\n        screen: str = response.get(&amp;quot;screen&amp;quot;, &amp;quot;&amp;quot;)\n        stacktrace = None\n        if isinstance(status, int):\n            value_json = response.get(&amp;quot;value&amp;quot;, None)\n            if value_json and isinstance(value_json, str):\n                try:\n                    value = json.loads(value_json)\n                    if isinstance(value, dict):\n                        if len(value) == 1:\n                            value = value[&amp;quot;value&amp;quot;]\n                        status = value.get(&amp;quot;error&amp;quot;, None)\n                        if not status:\n                            status = value.get(&amp;quot;status&amp;quot;, ErrorCode.UNKNOWN_ERROR)\n                            message = value.get(&amp;quot;value&amp;quot;) or value.get(&amp;quot;message&amp;quot;)\n                            if not isinstance(message, str):\n                                value = message\n                                message = message.get(&amp;quot;message&amp;quot;) if isinstance(message, dict) else None\n                        else:\n                            message = value.get(&amp;quot;message&amp;quot;, None)\n                except ValueError:\n                    pass\n    \n        exception_class: type[WebDriverException]\n        e = ErrorCode()\n        error_codes = [item for item in dir(e) if not item.startswith(&amp;quot;__&amp;quot;)]\n        for error_code in error_codes:\n            error_info = getattr(ErrorCode, error_code)\n            if isinstance(error_info, list) and status in error_info:\n                exception_class = getattr(ExceptionMapping, error_code, WebDriverException)\n                break\n        else:\n            exception_class = WebDriverException\n    \n        if not value:\n            value = response[&amp;quot;value&amp;quot;]\n        if isinstance(value, str):\n            raise exception_class(value)\n        if message == &amp;quot;&amp;quot; and &amp;quot;message&amp;quot; in value:\n            message = value[&amp;quot;message&amp;quot;]\n    \n        screen = None  # type: ignore[assignment]\n        if &amp;quot;screen&amp;quot; in value:\n            screen = value[&amp;quot;screen&amp;quot;]\n    \n        stacktrace = None\n        st_value = value.get(&amp;quot;stackTrace&amp;quot;) or value.get(&amp;quot;stacktrace&amp;quot;)\n        if st_value:\n            if isinstance(st_value, str):\n                stacktrace = st_value.split(&amp;quot;\\n&amp;quot;)\n            else:\n                stacktrace = []\n                try:\n                    for frame in st_value:\n                        line = frame.get(&amp;quot;lineNumber&amp;quot;, &amp;quot;&amp;quot;)\n                        file = frame.get(&amp;quot;fileName&amp;quot;, &amp;quot;&amp;lt;anonymous&amp;gt;&amp;quot;)\n                        if line:\n                            file = f&amp;quot;{file}:{line}&amp;quot;\n                        meth = frame.get(&amp;quot;methodName&amp;quot;, &amp;quot;&amp;lt;anonymous&amp;gt;&amp;quot;)\n                        if &amp;quot;className&amp;quot; in frame:\n                            meth = f&amp;quot;{frame[&amp;#x27;className&amp;#x27;]}.{meth}&amp;quot;\n                        msg = &amp;quot;    at %s (%s)&amp;quot;\n                        msg = msg % (meth, file)\n                        stacktrace.append(msg)\n                except TypeError:\n                    pass\n        if exception_class == UnexpectedAlertPresentException:\n            alert_text = None\n            if &amp;quot;data&amp;quot; in value:\n                alert_text = value[&amp;quot;data&amp;quot;].get(&amp;quot;text&amp;quot;)\n            elif &amp;quot;alert&amp;quot; in value:\n                alert_text = value[&amp;quot;alert&amp;quot;].get(&amp;quot;text&amp;quot;)\n            raise exception_class(message, screen, stacktrace, alert_text)  # type: ignore[call-arg]  # mypy is not smart enough here\n&amp;gt;       raise exception_class(message, screen, stacktrace)\nE       selenium.common.exceptions.WebDriverException: Message: unknown error: net::ERR_CONNECTION_TIMED_OUT\nE         (Session info: chrome-headless-shell=122.0.6261.129)\nE       Stacktrace:\nE       \tGetHandleVerifier [0x00B98D03+51395]\nE       \t(No symbol) [0x00B05F61]\nE       \t(No symbol) [0x009BE13A]\nE       \t(No symbol) [0x009BA6BF]\nE       \t(No symbol) [0x009AF68C]\nE       \t(No symbol) [0x009B0698]\nE       \t(No symbol) [0x009AF8F3]\nE       \t(No symbol) [0x009AED73]\nE       \t(No symbol) [0x009AECA3]\nE       \t(No symbol) [0x009AD98B]\nE       \t(No symbol) [0x009AE0AB]\nE       \t(No symbol) [0x009C0258]\nE       \t(No symbol) [0x00A2AC91]\nE       \t(No symbol) [0x00A13E8C]\nE       \t(No symbol) [0x00A2A570]\nE       \t(No symbol) [0x00A13C26]\nE       \t(No symbol) [0x009EC629]\nE       \t(No symbol) [0x009ED40D]\nE       \tGetHandleVerifier [0x00F168D3+3712147]\nE       \tGetHandleVerifier [0x00F55CBA+3971194]\nE       \tGetHandleVerifier [0x00F50FA8+3951464]\nE       \tGetHandleVerifier [0x00C49D09+776393]\nE       \t(No symbol) [0x00B11734]\nE       \t(No symbol) [0x00B0C618]\nE       \t(No symbol) [0x00B0C7C9]\nE       \t(No symbol) [0x00AFDDF0]\nE       \tBaseThreadInitThunk [0x765F5D49+25]\nE       \tRtlInitializeExceptionChain [0x7745D6DB+107]\nE       \tRtlGetAppContainerNamedObjectPath [0x7745D661+561]\n\n..\\AppData\\Local\\Programs\\Python\\Python311\\Lib\\site-packages\\selenium\\webdriver\\remote\\errorhandler.py:232: WebDriverException\n&#34;}], &#34;exercicio05/tests/test_busca_parametrizada.py::test_login_multiplos_cenarios[student-wrongpass-erro]&#34;: [{&#34;extras&#34;: [], &#34;result&#34;: &#34;Failed&#34;, &#34;testId&#34;: &#34;exercicio05/tests/test_busca_parametrizada.py::test_login_multiplos_cenarios[student-wrongpass-erro]&#34;, &#34;duration&#34;: &#34;00:00:26&#34;, &#34;resultsTableRow&#34;: [&#34;&lt;td class=\&#34;col-result\&#34;&gt;Failed&lt;/td&gt;&#34;, &#34;&lt;td class=\&#34;col-testId\&#34;&gt;exercicio05/tests/test_busca_parametrizada.py::test_login_multiplos_cenarios[student-wrongpass-erro]&lt;/td&gt;&#34;, &#34;&lt;td class=\&#34;col-duration\&#34;&gt;00:00:26&lt;/td&gt;&#34;, &#34;&lt;td class=\&#34;col-links\&#34;&gt;&lt;/td&gt;&#34;], &#34;log&#34;: &#34;chrome_driver = &amp;lt;selenium.webdriver.chrome.webdriver.WebDriver (session=&amp;quot;d84162fd3120619ce1d563637de82871&amp;quot;)&amp;gt;\nusername = &amp;#x27;student&amp;#x27;, senha = &amp;#x27;wrongpass&amp;#x27;, resultado = &amp;#x27;erro&amp;#x27;\n\n    @pytest.mark.web\n    @pytest.mark.parametrize(&amp;quot;username,senha,resultado&amp;quot;, [\n        (&amp;quot;student&amp;quot;, &amp;quot;Password123&amp;quot;, &amp;quot;sucesso&amp;quot;),\n        (&amp;quot;invaliduser&amp;quot;, &amp;quot;Password123&amp;quot;, &amp;quot;erro&amp;quot;),\n        (&amp;quot;student&amp;quot;, &amp;quot;wrongpass&amp;quot;, &amp;quot;erro&amp;quot;),\n        (&amp;quot;&amp;quot;, &amp;quot;Password123&amp;quot;, &amp;quot;erro&amp;quot;),\n        (&amp;quot;student&amp;quot;, &amp;quot;&amp;quot;, &amp;quot;erro&amp;quot;),\n    ])\n    def test_login_multiplos_cenarios(chrome_driver, username, senha, resultado):\n        &amp;quot;&amp;quot;&amp;quot;Teste parametrizado de m\u00faltiplos cen\u00e1rios de login&amp;quot;&amp;quot;&amp;quot;\n        driver = chrome_driver\n&amp;gt;       driver.get(&amp;quot;https://practicetestautomation.com/practice-test-login/&amp;quot;)\n\nexercicio05\\tests\\test_busca_parametrizada.py:78: \n_ _ _ _ _ _ _ _ _ _ _ _ _ _ _ _ _ _ _ _ _ _ _ _ _ _ _ _ _ _ _ _ _ _ _ _ _ _ _ _ _ _ _ _ _ _ _ _ _ _ _ _ _ _ _ _ _ _ _ _\n..\\AppData\\Local\\Programs\\Python\\Python311\\Lib\\site-packages\\selenium\\webdriver\\remote\\webdriver.py:483: in get\n    self.execute(Command.GET, {&amp;quot;url&amp;quot;: url})\n..\\AppData\\Local\\Programs\\Python\\Python311\\Lib\\site-packages\\selenium\\webdriver\\remote\\webdriver.py:458: in execute\n    self.error_handler.check_response(response)\n_ _ _ _ _ _ _ _ _ _ _ _ _ _ _ _ _ _ _ _ _ _ _ _ _ _ _ _ _ _ _ _ _ _ _ _ _ _ _ _ _ _ _ _ _ _ _ _ _ _ _ _ _ _ _ _ _ _ _ _\n\nself = &amp;lt;selenium.webdriver.remote.errorhandler.ErrorHandler object at 0x0000028E7058B890&amp;gt;\nresponse = {&amp;#x27;status&amp;#x27;: 500, &amp;#x27;value&amp;#x27;: &amp;#x27;{&amp;quot;value&amp;quot;:{&amp;quot;error&amp;quot;:&amp;quot;unknown error&amp;quot;,&amp;quot;message&amp;quot;:&amp;quot;unknown error: net::ERR_CONNECTION_TIMED_OUT\\\\n...9+25]\\\\n\\\\tRtlInitializeExceptionChain [0x7745D6DB+107]\\\\n\\\\tRtlGetAppContainerNamedObjectPath [0x7745D661+561]\\\\n&amp;quot;}}&amp;#x27;}\n\n    def check_response(self, response: dict[str, Any]) -&amp;gt; None:\n        &amp;quot;&amp;quot;&amp;quot;Checks that a JSON response from the WebDriver does not have an\n        error.\n    \n        :Args:\n         - response - The JSON response from the WebDriver server as a dictionary\n           object.\n    \n        :Raises: If the response contains an error message.\n        &amp;quot;&amp;quot;&amp;quot;\n        status = response.get(&amp;quot;status&amp;quot;, None)\n        if not status or status == ErrorCode.SUCCESS:\n            return\n        value = None\n        message = response.get(&amp;quot;message&amp;quot;, &amp;quot;&amp;quot;)\n        screen: str = response.get(&amp;quot;screen&amp;quot;, &amp;quot;&amp;quot;)\n        stacktrace = None\n        if isinstance(status, int):\n            value_json = response.get(&amp;quot;value&amp;quot;, None)\n            if value_json and isinstance(value_json, str):\n                try:\n                    value = json.loads(value_json)\n                    if isinstance(value, dict):\n                        if len(value) == 1:\n                            value = value[&amp;quot;value&amp;quot;]\n                        status = value.get(&amp;quot;error&amp;quot;, None)\n                        if not status:\n                            status = value.get(&amp;quot;status&amp;quot;, ErrorCode.UNKNOWN_ERROR)\n                            message = value.get(&amp;quot;value&amp;quot;) or value.get(&amp;quot;message&amp;quot;)\n                            if not isinstance(message, str):\n                                value = message\n                                message = message.get(&amp;quot;message&amp;quot;) if isinstance(message, dict) else None\n                        else:\n                            message = value.get(&amp;quot;message&amp;quot;, None)\n                except ValueError:\n                    pass\n    \n        exception_class: type[WebDriverException]\n        e = ErrorCode()\n        error_codes = [item for item in dir(e) if not item.startswith(&amp;quot;__&amp;quot;)]\n        for error_code in error_codes:\n            error_info = getattr(ErrorCode, error_code)\n            if isinstance(error_info, list) and status in error_info:\n                exception_class = getattr(ExceptionMapping, error_code, WebDriverException)\n                break\n        else:\n            exception_class = WebDriverException\n    \n        if not value:\n            value = response[&amp;quot;value&amp;quot;]\n        if isinstance(value, str):\n            raise exception_class(value)\n        if message == &amp;quot;&amp;quot; and &amp;quot;message&amp;quot; in value:\n            message = value[&amp;quot;message&amp;quot;]\n    \n        screen = None  # type: ignore[assignment]\n        if &amp;quot;screen&amp;quot; in value:\n            screen = value[&amp;quot;screen&amp;quot;]\n    \n        stacktrace = None\n        st_value = value.get(&amp;quot;stackTrace&amp;quot;) or value.get(&amp;quot;stacktrace&amp;quot;)\n        if st_value:\n            if isinstance(st_value, str):\n                stacktrace = st_value.split(&amp;quot;\\n&amp;quot;)\n            else:\n                stacktrace = []\n                try:\n                    for frame in st_value:\n                        line = frame.get(&amp;quot;lineNumber&amp;quot;, &amp;quot;&amp;quot;)\n                        file = frame.get(&amp;quot;fileName&amp;quot;, &amp;quot;&amp;lt;anonymous&amp;gt;&amp;quot;)\n                        if line:\n                            file = f&amp;quot;{file}:{line}&amp;quot;\n                        meth = frame.get(&amp;quot;methodName&amp;quot;, &amp;quot;&amp;lt;anonymous&amp;gt;&amp;quot;)\n                        if &amp;quot;className&amp;quot; in frame:\n                            meth = f&amp;quot;{frame[&amp;#x27;className&amp;#x27;]}.{meth}&amp;quot;\n                        msg = &amp;quot;    at %s (%s)&amp;quot;\n                        msg = msg % (meth, file)\n                        stacktrace.append(msg)\n                except TypeError:\n                    pass\n        if exception_class == UnexpectedAlertPresentException:\n            alert_text = None\n            if &amp;quot;data&amp;quot; in value:\n                alert_text = value[&amp;quot;data&amp;quot;].get(&amp;quot;text&amp;quot;)\n            elif &amp;quot;alert&amp;quot; in value:\n                alert_text = value[&amp;quot;alert&amp;quot;].get(&amp;quot;text&amp;quot;)\n            raise exception_class(message, screen, stacktrace, alert_text)  # type: ignore[call-arg]  # mypy is not smart enough here\n&amp;gt;       raise exception_class(message, screen, stacktrace)\nE       selenium.common.exceptions.WebDriverException: Message: unknown error: net::ERR_CONNECTION_TIMED_OUT\nE         (Session info: chrome-headless-shell=122.0.6261.129)\nE       Stacktrace:\nE       \tGetHandleVerifier [0x00B98D03+51395]\nE       \t(No symbol) [0x00B05F61]\nE       \t(No symbol) [0x009BE13A]\nE       \t(No symbol) [0x009BA6BF]\nE       \t(No symbol) [0x009AF68C]\nE       \t(No symbol) [0x009B0698]\nE       \t(No symbol) [0x009AF8F3]\nE       \t(No symbol) [0x009AED73]\nE       \t(No symbol) [0x009AECA3]\nE       \t(No symbol) [0x009AD98B]\nE       \t(No symbol) [0x009AE0AB]\nE       \t(No symbol) [0x009C0258]\nE       \t(No symbol) [0x00A2AC91]\nE       \t(No symbol) [0x00A13E8C]\nE       \t(No symbol) [0x00A2A570]\nE       \t(No symbol) [0x00A13C26]\nE       \t(No symbol) [0x009EC629]\nE       \t(No symbol) [0x009ED40D]\nE       \tGetHandleVerifier [0x00F168D3+3712147]\nE       \tGetHandleVerifier [0x00F55CBA+3971194]\nE       \tGetHandleVerifier [0x00F50FA8+3951464]\nE       \tGetHandleVerifier [0x00C49D09+776393]\nE       \t(No symbol) [0x00B11734]\nE       \t(No symbol) [0x00B0C618]\nE       \t(No symbol) [0x00B0C7C9]\nE       \t(No symbol) [0x00AFDDF0]\nE       \tBaseThreadInitThunk [0x765F5D49+25]\nE       \tRtlInitializeExceptionChain [0x7745D6DB+107]\nE       \tRtlGetAppContainerNamedObjectPath [0x7745D661+561]\n\n..\\AppData\\Local\\Programs\\Python\\Python311\\Lib\\site-packages\\selenium\\webdriver\\remote\\errorhandler.py:232: WebDriverException\n&#34;}], &#34;exercicio05/tests/test_busca_parametrizada.py::test_login_multiplos_cenarios[-Password123-erro]&#34;: [{&#34;extras&#34;: [], &#34;result&#34;: &#34;Failed&#34;, &#34;testId&#34;: &#34;exercicio05/tests/test_busca_parametrizada.py::test_login_multiplos_cenarios[-Password123-erro]&#34;, &#34;duration&#34;: &#34;00:00:25&#34;, &#34;resultsTableRow&#34;: [&#34;&lt;td class=\&#34;col-result\&#34;&gt;Failed&lt;/td&gt;&#34;, &#34;&lt;td class=\&#34;col-testId\&#34;&gt;exercicio05/tests/test_busca_parametrizada.py::test_login_multiplos_cenarios[-Password123-erro]&lt;/td&gt;&#34;, &#34;&lt;td class=\&#34;col-duration\&#34;&gt;00:00:25&lt;/td&gt;&#34;, &#34;&lt;td class=\&#34;col-links\&#34;&gt;&lt;/td&gt;&#34;], &#34;log&#34;: &#34;chrome_driver = &amp;lt;selenium.webdriver.chrome.webdriver.WebDriver (session=&amp;quot;db9d2fbaa34148bffb862530cecbc7d6&amp;quot;)&amp;gt;\nusername = &amp;#x27;&amp;#x27;, senha = &amp;#x27;Password123&amp;#x27;, resultado = &amp;#x27;erro&amp;#x27;\n\n    @pytest.mark.web\n    @pytest.mark.parametrize(&amp;quot;username,senha,resultado&amp;quot;, [\n        (&amp;quot;student&amp;quot;, &amp;quot;Password123&amp;quot;, &amp;quot;sucesso&amp;quot;),\n        (&amp;quot;invaliduser&amp;quot;, &amp;quot;Password123&amp;quot;, &amp;quot;erro&amp;quot;),\n        (&amp;quot;student&amp;quot;, &amp;quot;wrongpass&amp;quot;, &amp;quot;erro&amp;quot;),\n        (&amp;quot;&amp;quot;, &amp;quot;Password123&amp;quot;, &amp;quot;erro&amp;quot;),\n        (&amp;quot;student&amp;quot;, &amp;quot;&amp;quot;, &amp;quot;erro&amp;quot;),\n    ])\n    def test_login_multiplos_cenarios(chrome_driver, username, senha, resultado):\n        &amp;quot;&amp;quot;&amp;quot;Teste parametrizado de m\u00faltiplos cen\u00e1rios de login&amp;quot;&amp;quot;&amp;quot;\n        driver = chrome_driver\n&amp;gt;       driver.get(&amp;quot;https://practicetestautomation.com/practice-test-login/&amp;quot;)\n\nexercicio05\\tests\\test_busca_parametrizada.py:78: \n_ _ _ _ _ _ _ _ _ _ _ _ _ _ _ _ _ _ _ _ _ _ _ _ _ _ _ _ _ _ _ _ _ _ _ _ _ _ _ _ _ _ _ _ _ _ _ _ _ _ _ _ _ _ _ _ _ _ _ _\n..\\AppData\\Local\\Programs\\Python\\Python311\\Lib\\site-packages\\selenium\\webdriver\\remote\\webdriver.py:483: in get\n    self.execute(Command.GET, {&amp;quot;url&amp;quot;: url})\n..\\AppData\\Local\\Programs\\Python\\Python311\\Lib\\site-packages\\selenium\\webdriver\\remote\\webdriver.py:458: in execute\n    self.error_handler.check_response(response)\n_ _ _ _ _ _ _ _ _ _ _ _ _ _ _ _ _ _ _ _ _ _ _ _ _ _ _ _ _ _ _ _ _ _ _ _ _ _ _ _ _ _ _ _ _ _ _ _ _ _ _ _ _ _ _ _ _ _ _ _\n\nself = &amp;lt;selenium.webdriver.remote.errorhandler.ErrorHandler object at 0x0000028E709CA150&amp;gt;\nresponse = {&amp;#x27;status&amp;#x27;: 500, &amp;#x27;value&amp;#x27;: &amp;#x27;{&amp;quot;value&amp;quot;:{&amp;quot;error&amp;quot;:&amp;quot;unknown error&amp;quot;,&amp;quot;message&amp;quot;:&amp;quot;unknown error: net::ERR_CONNECTION_TIMED_OUT\\\\n...9+25]\\\\n\\\\tRtlInitializeExceptionChain [0x7745D6DB+107]\\\\n\\\\tRtlGetAppContainerNamedObjectPath [0x7745D661+561]\\\\n&amp;quot;}}&amp;#x27;}\n\n    def check_response(self, response: dict[str, Any]) -&amp;gt; None:\n        &amp;quot;&amp;quot;&amp;quot;Checks that a JSON response from the WebDriver does not have an\n        error.\n    \n        :Args:\n         - response - The JSON response from the WebDriver server as a dictionary\n           object.\n    \n        :Raises: If the response contains an error message.\n        &amp;quot;&amp;quot;&amp;quot;\n        status = response.get(&amp;quot;status&amp;quot;, None)\n        if not status or status == ErrorCode.SUCCESS:\n            return\n        value = None\n        message = response.get(&amp;quot;message&amp;quot;, &amp;quot;&amp;quot;)\n        screen: str = response.get(&amp;quot;screen&amp;quot;, &amp;quot;&amp;quot;)\n        stacktrace = None\n        if isinstance(status, int):\n            value_json = response.get(&amp;quot;value&amp;quot;, None)\n            if value_json and isinstance(value_json, str):\n                try:\n                    value = json.loads(value_json)\n                    if isinstance(value, dict):\n                        if len(value) == 1:\n                            value = value[&amp;quot;value&amp;quot;]\n                        status = value.get(&amp;quot;error&amp;quot;, None)\n                        if not status:\n                            status = value.get(&amp;quot;status&amp;quot;, ErrorCode.UNKNOWN_ERROR)\n                            message = value.get(&amp;quot;value&amp;quot;) or value.get(&amp;quot;message&amp;quot;)\n                            if not isinstance(message, str):\n                                value = message\n                                message = message.get(&amp;quot;message&amp;quot;) if isinstance(message, dict) else None\n                        else:\n                            message = value.get(&amp;quot;message&amp;quot;, None)\n                except ValueError:\n                    pass\n    \n        exception_class: type[WebDriverException]\n        e = ErrorCode()\n        error_codes = [item for item in dir(e) if not item.startswith(&amp;quot;__&amp;quot;)]\n        for error_code in error_codes:\n            error_info = getattr(ErrorCode, error_code)\n            if isinstance(error_info, list) and status in error_info:\n                exception_class = getattr(ExceptionMapping, error_code, WebDriverException)\n                break\n        else:\n            exception_class = WebDriverException\n    \n        if not value:\n            value = response[&amp;quot;value&amp;quot;]\n        if isinstance(value, str):\n            raise exception_class(value)\n        if message == &amp;quot;&amp;quot; and &amp;quot;message&amp;quot; in value:\n            message = value[&amp;quot;message&amp;quot;]\n    \n        screen = None  # type: ignore[assignment]\n        if &amp;quot;screen&amp;quot; in value:\n            screen = value[&amp;quot;screen&amp;quot;]\n    \n        stacktrace = None\n        st_value = value.get(&amp;quot;stackTrace&amp;quot;) or value.get(&amp;quot;stacktrace&amp;quot;)\n        if st_value:\n            if isinstance(st_value, str):\n                stacktrace = st_value.split(&amp;quot;\\n&amp;quot;)\n            else:\n                stacktrace = []\n                try:\n                    for frame in st_value:\n                        line = frame.get(&amp;quot;lineNumber&amp;quot;, &amp;quot;&amp;quot;)\n                        file = frame.get(&amp;quot;fileName&amp;quot;, &amp;quot;&amp;lt;anonymous&amp;gt;&amp;quot;)\n                        if line:\n                            file = f&amp;quot;{file}:{line}&amp;quot;\n                        meth = frame.get(&amp;quot;methodName&amp;quot;, &amp;quot;&amp;lt;anonymous&amp;gt;&amp;quot;)\n                        if &amp;quot;className&amp;quot; in frame:\n                            meth = f&amp;quot;{frame[&amp;#x27;className&amp;#x27;]}.{meth}&amp;quot;\n                        msg = &amp;quot;    at %s (%s)&amp;quot;\n                        msg = msg % (meth, file)\n                        stacktrace.append(msg)\n                except TypeError:\n                    pass\n        if exception_class == UnexpectedAlertPresentException:\n            alert_text = None\n            if &amp;quot;data&amp;quot; in value:\n                alert_text = value[&amp;quot;data&amp;quot;].get(&amp;quot;text&amp;quot;)\n            elif &amp;quot;alert&amp;quot; in value:\n                alert_text = value[&amp;quot;alert&amp;quot;].get(&amp;quot;text&amp;quot;)\n            raise exception_class(message, screen, stacktrace, alert_text)  # type: ignore[call-arg]  # mypy is not smart enough here\n&amp;gt;       raise exception_class(message, screen, stacktrace)\nE       selenium.common.exceptions.WebDriverException: Message: unknown error: net::ERR_CONNECTION_TIMED_OUT\nE         (Session info: chrome-headless-shell=122.0.6261.129)\nE       Stacktrace:\nE       \tGetHandleVerifier [0x00B98D03+51395]\nE       \t(No symbol) [0x00B05F61]\nE       \t(No symbol) [0x009BE13A]\nE       \t(No symbol) [0x009BA6BF]\nE       \t(No symbol) [0x009AF68C]\nE       \t(No symbol) [0x009B0698]\nE       \t(No symbol) [0x009AF8F3]\nE       \t(No symbol) [0x009AED73]\nE       \t(No symbol) [0x009AECA3]\nE       \t(No symbol) [0x009AD98B]\nE       \t(No symbol) [0x009AE0AB]\nE       \t(No symbol) [0x009C0258]\nE       \t(No symbol) [0x00A2AC91]\nE       \t(No symbol) [0x00A13E8C]\nE       \t(No symbol) [0x00A2A570]\nE       \t(No symbol) [0x00A13C26]\nE       \t(No symbol) [0x009EC629]\nE       \t(No symbol) [0x009ED40D]\nE       \tGetHandleVerifier [0x00F168D3+3712147]\nE       \tGetHandleVerifier [0x00F55CBA+3971194]\nE       \tGetHandleVerifier [0x00F50FA8+3951464]\nE       \tGetHandleVerifier [0x00C49D09+776393]\nE       \t(No symbol) [0x00B11734]\nE       \t(No symbol) [0x00B0C618]\nE       \t(No symbol) [0x00B0C7C9]\nE       \t(No symbol) [0x00AFDDF0]\nE       \tBaseThreadInitThunk [0x765F5D49+25]\nE       \tRtlInitializeExceptionChain [0x7745D6DB+107]\nE       \tRtlGetAppContainerNamedObjectPath [0x7745D661+561]\n\n..\\AppData\\Local\\Programs\\Python\\Python311\\Lib\\site-packages\\selenium\\webdriver\\remote\\errorhandler.py:232: WebDriverException\n&#34;}], &#34;exercicio05/tests/test_busca_parametrizada.py::test_login_multiplos_cenarios[student--erro]&#34;: [{&#34;extras&#34;: [], &#34;result&#34;: &#34;Failed&#34;, &#34;testId&#34;: &#34;exercicio05/tests/test_busca_parametrizada.py::test_login_multiplos_cenarios[student--erro]&#34;, &#34;duration&#34;: &#34;00:00:25&#34;, &#34;resultsTableRow&#34;: [&#34;&lt;td class=\&#34;col-result\&#34;&gt;Failed&lt;/td&gt;&#34;, &#34;&lt;td class=\&#34;col-testId\&#34;&gt;exercicio05/tests/test_busca_parametrizada.py::test_login_multiplos_cenarios[student--erro]&lt;/td&gt;&#34;, &#34;&lt;td class=\&#34;col-duration\&#34;&gt;00:00:25&lt;/td&gt;&#34;, &#34;&lt;td class=\&#34;col-links\&#34;&gt;&lt;/td&gt;&#34;], &#34;log&#34;: &#34;chrome_driver = &amp;lt;selenium.webdriver.chrome.webdriver.WebDriver (session=&amp;quot;28bf3d45c684a23d05af4e4268f8aac5&amp;quot;)&amp;gt;\nusername = &amp;#x27;student&amp;#x27;, senha = &amp;#x27;&amp;#x27;, resultado = &amp;#x27;erro&amp;#x27;\n\n    @pytest.mark.web\n    @pytest.mark.parametrize(&amp;quot;username,senha,resultado&amp;quot;, [\n        (&amp;quot;student&amp;quot;, &amp;quot;Password123&amp;quot;, &amp;quot;sucesso&amp;quot;),\n        (&amp;quot;invaliduser&amp;quot;, &amp;quot;Password123&amp;quot;, &amp;quot;erro&amp;quot;),\n        (&amp;quot;student&amp;quot;, &amp;quot;wrongpass&amp;quot;, &amp;quot;erro&amp;quot;),\n        (&amp;quot;&amp;quot;, &amp;quot;Password123&amp;quot;, &amp;quot;erro&amp;quot;),\n        (&amp;quot;student&amp;quot;, &amp;quot;&amp;quot;, &amp;quot;erro&amp;quot;),\n    ])\n    def test_login_multiplos_cenarios(chrome_driver, username, senha, resultado):\n        &amp;quot;&amp;quot;&amp;quot;Teste parametrizado de m\u00faltiplos cen\u00e1rios de login&amp;quot;&amp;quot;&amp;quot;\n        driver = chrome_driver\n&amp;gt;       driver.get(&amp;quot;https://practicetestautomation.com/practice-test-login/&amp;quot;)\n\nexercicio05\\tests\\test_busca_parametrizada.py:78: \n_ _ _ _ _ _ _ _ _ _ _ _ _ _ _ _ _ _ _ _ _ _ _ _ _ _ _ _ _ _ _ _ _ _ _ _ _ _ _ _ _ _ _ _ _ _ _ _ _ _ _ _ _ _ _ _ _ _ _ _\n..\\AppData\\Local\\Programs\\Python\\Python311\\Lib\\site-packages\\selenium\\webdriver\\remote\\webdriver.py:483: in get\n    self.execute(Command.GET, {&amp;quot;url&amp;quot;: url})\n..\\AppData\\Local\\Programs\\Python\\Python311\\Lib\\site-packages\\selenium\\webdriver\\remote\\webdriver.py:458: in execute\n    self.error_handler.check_response(response)\n_ _ _ _ _ _ _ _ _ _ _ _ _ _ _ _ _ _ _ _ _ _ _ _ _ _ _ _ _ _ _ _ _ _ _ _ _ _ _ _ _ _ _ _ _ _ _ _ _ _ _ _ _ _ _ _ _ _ _ _\n\nself = &amp;lt;selenium.webdriver.remote.errorhandler.ErrorHandler object at 0x0000028E71BD3A90&amp;gt;\nresponse = {&amp;#x27;status&amp;#x27;: 500, &amp;#x27;value&amp;#x27;: &amp;#x27;{&amp;quot;value&amp;quot;:{&amp;quot;error&amp;quot;:&amp;quot;unknown error&amp;quot;,&amp;quot;message&amp;quot;:&amp;quot;unknown error: net::ERR_CONNECTION_TIMED_OUT\\\\n...9+25]\\\\n\\\\tRtlInitializeExceptionChain [0x7745D6DB+107]\\\\n\\\\tRtlGetAppContainerNamedObjectPath [0x7745D661+561]\\\\n&amp;quot;}}&amp;#x27;}\n\n    def check_response(self, response: dict[str, Any]) -&amp;gt; None:\n        &amp;quot;&amp;quot;&amp;quot;Checks that a JSON response from the WebDriver does not have an\n        error.\n    \n        :Args:\n         - response - The JSON response from the WebDriver server as a dictionary\n           object.\n    \n        :Raises: If the response contains an error message.\n        &amp;quot;&amp;quot;&amp;quot;\n        status = response.get(&amp;quot;status&amp;quot;, None)\n        if not status or status == ErrorCode.SUCCESS:\n            return\n        value = None\n        message = response.get(&amp;quot;message&amp;quot;, &amp;quot;&amp;quot;)\n        screen: str = response.get(&amp;quot;screen&amp;quot;, &amp;quot;&amp;quot;)\n        stacktrace = None\n        if isinstance(status, int):\n            value_json = response.get(&amp;quot;value&amp;quot;, None)\n            if value_json and isinstance(value_json, str):\n                try:\n                    value = json.loads(value_json)\n                    if isinstance(value, dict):\n                        if len(value) == 1:\n                            value = value[&amp;quot;value&amp;quot;]\n                        status = value.get(&amp;quot;error&amp;quot;, None)\n                        if not status:\n                            status = value.get(&amp;quot;status&amp;quot;, ErrorCode.UNKNOWN_ERROR)\n                            message = value.get(&amp;quot;value&amp;quot;) or value.get(&amp;quot;message&amp;quot;)\n                            if not isinstance(message, str):\n                                value = message\n                                message = message.get(&amp;quot;message&amp;quot;) if isinstance(message, dict) else None\n                        else:\n                            message = value.get(&amp;quot;message&amp;quot;, None)\n                except ValueError:\n                    pass\n    \n        exception_class: type[WebDriverException]\n        e = ErrorCode()\n        error_codes = [item for item in dir(e) if not item.startswith(&amp;quot;__&amp;quot;)]\n        for error_code in error_codes:\n            error_info = getattr(ErrorCode, error_code)\n            if isinstance(error_info, list) and status in error_info:\n                exception_class = getattr(ExceptionMapping, error_code, WebDriverException)\n                break\n        else:\n            exception_class = WebDriverException\n    \n        if not value:\n            value = response[&amp;quot;value&amp;quot;]\n        if isinstance(value, str):\n            raise exception_class(value)\n        if message == &amp;quot;&amp;quot; and &amp;quot;message&amp;quot; in value:\n            message = value[&amp;quot;message&amp;quot;]\n    \n        screen = None  # type: ignore[assignment]\n        if &amp;quot;screen&amp;quot; in value:\n            screen = value[&amp;quot;screen&amp;quot;]\n    \n        stacktrace = None\n        st_value = value.get(&amp;quot;stackTrace&amp;quot;) or value.get(&amp;quot;stacktrace&amp;quot;)\n        if st_value:\n            if isinstance(st_value, str):\n                stacktrace = st_value.split(&amp;quot;\\n&amp;quot;)\n            else:\n                stacktrace = []\n                try:\n                    for frame in st_value:\n                        line = frame.get(&amp;quot;lineNumber&amp;quot;, &amp;quot;&amp;quot;)\n                        file = frame.get(&amp;quot;fileName&amp;quot;, &amp;quot;&amp;lt;anonymous&amp;gt;&amp;quot;)\n                        if line:\n                            file = f&amp;quot;{file}:{line}&amp;quot;\n                        meth = frame.get(&amp;quot;methodName&amp;quot;, &amp;quot;&amp;lt;anonymous&amp;gt;&amp;quot;)\n                        if &amp;quot;className&amp;quot; in frame:\n                            meth = f&amp;quot;{frame[&amp;#x27;className&amp;#x27;]}.{meth}&amp;quot;\n                        msg = &amp;quot;    at %s (%s)&amp;quot;\n                        msg = msg % (meth, file)\n                        stacktrace.append(msg)\n                except TypeError:\n                    pass\n        if exception_class == UnexpectedAlertPresentException:\n            alert_text = None\n            if &amp;quot;data&amp;quot; in value:\n                alert_text = value[&amp;quot;data&amp;quot;].get(&amp;quot;text&amp;quot;)\n            elif &amp;quot;alert&amp;quot; in value:\n                alert_text = value[&amp;quot;alert&amp;quot;].get(&amp;quot;text&amp;quot;)\n            raise exception_class(message, screen, stacktrace, alert_text)  # type: ignore[call-arg]  # mypy is not smart enough here\n&amp;gt;       raise exception_class(message, screen, stacktrace)\nE       selenium.common.exceptions.WebDriverException: Message: unknown error: net::ERR_CONNECTION_TIMED_OUT\nE         (Session info: chrome-headless-shell=122.0.6261.129)\nE       Stacktrace:\nE       \tGetHandleVerifier [0x00B98D03+51395]\nE       \t(No symbol) [0x00B05F61]\nE       \t(No symbol) [0x009BE13A]\nE       \t(No symbol) [0x009BA6BF]\nE       \t(No symbol) [0x009AF68C]\nE       \t(No symbol) [0x009B0698]\nE       \t(No symbol) [0x009AF8F3]\nE       \t(No symbol) [0x009AED73]\nE       \t(No symbol) [0x009AECA3]\nE       \t(No symbol) [0x009AD98B]\nE       \t(No symbol) [0x009AE0AB]\nE       \t(No symbol) [0x009C0258]\nE       \t(No symbol) [0x00A2AC91]\nE       \t(No symbol) [0x00A13E8C]\nE       \t(No symbol) [0x00A2A570]\nE       \t(No symbol) [0x00A13C26]\nE       \t(No symbol) [0x009EC629]\nE       \t(No symbol) [0x009ED40D]\nE       \tGetHandleVerifier [0x00F168D3+3712147]\nE       \tGetHandleVerifier [0x00F55CBA+3971194]\nE       \tGetHandleVerifier [0x00F50FA8+3951464]\nE       \tGetHandleVerifier [0x00C49D09+776393]\nE       \t(No symbol) [0x00B11734]\nE       \t(No symbol) [0x00B0C618]\nE       \t(No symbol) [0x00B0C7C9]\nE       \t(No symbol) [0x00AFDDF0]\nE       \tBaseThreadInitThunk [0x765F5D49+25]\nE       \tRtlInitializeExceptionChain [0x7745D6DB+107]\nE       \tRtlGetAppContainerNamedObjectPath [0x7745D661+561]\n\n..\\AppData\\Local\\Programs\\Python\\Python311\\Lib\\site-packages\\selenium\\webdriver\\remote\\errorhandler.py:232: WebDriverException\n&#34;}], &#34;exercicio05/tests/test_busca_parametrizada.py::test_mudanca_idioma[pt]&#34;: [{&#34;extras&#34;: [], &#34;result&#34;: &#34;Passed&#34;, &#34;testId&#34;: &#34;exercicio05/tests/test_busca_parametrizada.py::test_mudanca_idioma[pt]&#34;, &#34;duration&#34;: &#34;00:00:07&#34;, &#34;resultsTableRow&#34;: [&#34;&lt;td class=\&#34;col-result\&#34;&gt;Passed&lt;/td&gt;&#34;, &#34;&lt;td class=\&#34;col-testId\&#34;&gt;exercicio05/tests/test_busca_parametrizada.py::test_mudanca_idioma[pt]&lt;/td&gt;&#34;, &#34;&lt;td class=\&#34;col-duration\&#34;&gt;00:00:07&lt;/td&gt;&#34;, &#34;&lt;td class=\&#34;col-links\&#34;&gt;&lt;/td&gt;&#34;], &#34;log&#34;: &#34;No log output captured.&#34;}], &#34;exercicio05/tests/test_busca_parametrizada.py::test_mudanca_idioma[en]&#34;: [{&#34;extras&#34;: [], &#34;result&#34;: &#34;Passed&#34;, &#34;testId&#34;: &#34;exercicio05/tests/test_busca_parametrizada.py::test_mudanca_idioma[en]&#34;, &#34;duration&#34;: &#34;00:00:06&#34;, &#34;resultsTableRow&#34;: [&#34;&lt;td class=\&#34;col-result\&#34;&gt;Passed&lt;/td&gt;&#34;, &#34;&lt;td class=\&#34;col-testId\&#34;&gt;exercicio05/tests/test_busca_parametrizada.py::test_mudanca_idioma[en]&lt;/td&gt;&#34;, &#34;&lt;td class=\&#34;col-duration\&#34;&gt;00:00:06&lt;/td&gt;&#34;, &#34;&lt;td class=\&#34;col-links\&#34;&gt;&lt;/td&gt;&#34;], &#34;log&#34;: &#34;No log output captured.&#34;}], &#34;exercicio05/tests/test_busca_parametrizada.py::test_mudanca_idioma[es]&#34;: [{&#34;extras&#34;: [], &#34;result&#34;: &#34;Passed&#34;, &#34;testId&#34;: &#34;exercicio05/tests/test_busca_parametrizada.py::test_mudanca_idioma[es]&#34;, &#34;duration&#34;: &#34;00:00:07&#34;, &#34;resultsTableRow&#34;: [&#34;&lt;td class=\&#34;col-result\&#34;&gt;Passed&lt;/td&gt;&#34;, &#34;&lt;td class=\&#34;col-testId\&#34;&gt;exercicio05/tests/test_busca_parametrizada.py::test_mudanca_idioma[es]&lt;/td&gt;&#34;, &#34;&lt;td class=\&#34;col-duration\&#34;&gt;00:00:07&lt;/td&gt;&#34;, &#34;&lt;td class=\&#34;col-links\&#34;&gt;&lt;/td&gt;&#34;], &#34;log&#34;: &#34;No log output captured.&#34;}], &#34;exercicio05/tests/test_busca_parametrizada.py::test_mudanca_idioma[fr]&#34;: [{&#34;extras&#34;: [], &#34;result&#34;: &#34;Passed&#34;, &#34;testId&#34;: &#34;exercicio05/tests/test_busca_parametrizada.py::test_mudanca_idioma[fr]&#34;, &#34;duration&#34;: &#34;00:00:06&#34;, &#34;resultsTableRow&#34;: [&#34;&lt;td class=\&#34;col-result\&#34;&gt;Passed&lt;/td&gt;&#34;, &#34;&lt;td class=\&#34;col-testId\&#34;&gt;exercicio05/tests/test_busca_parametrizada.py::test_mudanca_idioma[fr]&lt;/td&gt;&#34;, &#34;&lt;td class=\&#34;col-duration\&#34;&gt;00:00:06&lt;/td&gt;&#34;, &#34;&lt;td class=\&#34;col-links\&#34;&gt;&lt;/td&gt;&#34;], &#34;log&#34;: &#34;No log output captured.&#34;}], &#34;exercicio05/tests/test_busca_parametrizada.py::test_limite_produtos_exibidos[5]&#34;: [{&#34;extras&#34;: [], &#34;result&#34;: &#34;Passed&#34;, &#34;testId&#34;: &#34;exercicio05/tests/test_busca_parametrizada.py::test_limite_produtos_exibidos[5]&#34;, &#34;duration&#34;: &#34;00:00:07&#34;, &#34;resultsTableRow&#34;: [&#34;&lt;td class=\&#34;col-result\&#34;&gt;Passed&lt;/td&gt;&#34;, &#34;&lt;td class=\&#34;col-testId\&#34;&gt;exercicio05/tests/test_busca_parametrizada.py::test_limite_produtos_exibidos[5]&lt;/td&gt;&#34;, &#34;&lt;td class=\&#34;col-duration\&#34;&gt;00:00:07&lt;/td&gt;&#34;, &#34;&lt;td class=\&#34;col-links\&#34;&gt;&lt;/td&gt;&#34;], &#34;log&#34;: &#34;No log output captured.&#34;}], &#34;exercicio05/tests/test_busca_parametrizada.py::test_limite_produtos_exibidos[10]&#34;: [{&#34;extras&#34;: [], &#34;result&#34;: &#34;Passed&#34;, &#34;testId&#34;: &#34;exercicio05/tests/test_busca_parametrizada.py::test_limite_produtos_exibidos[10]&#34;, &#34;duration&#34;: &#34;00:00:06&#34;, &#34;resultsTableRow&#34;: [&#34;&lt;td class=\&#34;col-result\&#34;&gt;Passed&lt;/td&gt;&#34;, &#34;&lt;td class=\&#34;col-testId\&#34;&gt;exercicio05/tests/test_busca_parametrizada.py::test_limite_produtos_exibidos[10]&lt;/td&gt;&#34;, &#34;&lt;td class=\&#34;col-duration\&#34;&gt;00:00:06&lt;/td&gt;&#34;, &#34;&lt;td class=\&#34;col-links\&#34;&gt;&lt;/td&gt;&#34;], &#34;log&#34;: &#34;No log output captured.&#34;}], &#34;exercicio05/tests/test_busca_parametrizada.py::test_limite_produtos_exibidos[15]&#34;: [{&#34;extras&#34;: [], &#34;result&#34;: &#34;Passed&#34;, &#34;testId&#34;: &#34;exercicio05/tests/test_busca_parametrizada.py::test_limite_produtos_exibidos[15]&#34;, &#34;duration&#34;: &#34;00:00:06&#34;, &#34;resultsTableRow&#34;: [&#34;&lt;td class=\&#34;col-result\&#34;&gt;Passed&lt;/td&gt;&#34;, &#34;&lt;td class=\&#34;col-testId\&#34;&gt;exercicio05/tests/test_busca_parametrizada.py::test_limite_produtos_exibidos[15]&lt;/td&gt;&#34;, &#34;&lt;td class=\&#34;col-duration\&#34;&gt;00:00:06&lt;/td&gt;&#34;, &#34;&lt;td class=\&#34;col-links\&#34;&gt;&lt;/td&gt;&#34;], &#34;log&#34;: &#34;No log output captured.&#34;}], &#34;exercicio05/tests/test_busca_parametrizada.py::test_responsividade[navegador_tamanho0]&#34;: [{&#34;extras&#34;: [], &#34;result&#34;: &#34;Failed&#34;, &#34;testId&#34;: &#34;exercicio05/tests/test_busca_parametrizada.py::test_responsividade[navegador_tamanho0]&#34;, &#34;duration&#34;: &#34;00:00:25&#34;, &#34;resultsTableRow&#34;: [&#34;&lt;td class=\&#34;col-result\&#34;&gt;Failed&lt;/td&gt;&#34;, &#34;&lt;td class=\&#34;col-testId\&#34;&gt;exercicio05/tests/test_busca_parametrizada.py::test_responsividade[navegador_tamanho0]&lt;/td&gt;&#34;, &#34;&lt;td class=\&#34;col-duration\&#34;&gt;00:00:25&lt;/td&gt;&#34;, &#34;&lt;td class=\&#34;col-links\&#34;&gt;&lt;/td&gt;&#34;], &#34;log&#34;: &#34;chrome_driver = &amp;lt;selenium.webdriver.chrome.webdriver.WebDriver (session=&amp;quot;ec46bf7d59e171c051902f88a1a86ff7&amp;quot;)&amp;gt;\nnavegador_tamanho = (1920, 1080)\n\n    @pytest.mark.web\n    @pytest.mark.parametrize(&amp;quot;navegador_tamanho&amp;quot;, [\n        (1920, 1080),\n        (1366, 768),\n        (375, 812),  # Mobile\n    ])\n    def test_responsividade(chrome_driver, navegador_tamanho):\n        &amp;quot;&amp;quot;&amp;quot;Teste parametrizado de responsividade&amp;quot;&amp;quot;&amp;quot;\n        driver = chrome_driver\n        largura, altura = navegador_tamanho\n    \n        driver.set_window_size(largura, altura)\n&amp;gt;       driver.get(&amp;quot;https://practicetestautomation.com/practice-test-login/&amp;quot;)\n\nexercicio05\\tests\\test_busca_parametrizada.py:131: \n_ _ _ _ _ _ _ _ _ _ _ _ _ _ _ _ _ _ _ _ _ _ _ _ _ _ _ _ _ _ _ _ _ _ _ _ _ _ _ _ _ _ _ _ _ _ _ _ _ _ _ _ _ _ _ _ _ _ _ _\n..\\AppData\\Local\\Programs\\Python\\Python311\\Lib\\site-packages\\selenium\\webdriver\\remote\\webdriver.py:483: in get\n    self.execute(Command.GET, {&amp;quot;url&amp;quot;: url})\n..\\AppData\\Local\\Programs\\Python\\Python311\\Lib\\site-packages\\selenium\\webdriver\\remote\\webdriver.py:458: in execute\n    self.error_handler.check_response(response)\n_ _ _ _ _ _ _ _ _ _ _ _ _ _ _ _ _ _ _ _ _ _ _ _ _ _ _ _ _ _ _ _ _ _ _ _ _ _ _ _ _ _ _ _ _ _ _ _ _ _ _ _ _ _ _ _ _ _ _ _\n\nself = &amp;lt;selenium.webdriver.remote.errorhandler.ErrorHandler object at 0x0000028E70A23A10&amp;gt;\nresponse = {&amp;#x27;status&amp;#x27;: 500, &amp;#x27;value&amp;#x27;: &amp;#x27;{&amp;quot;value&amp;quot;:{&amp;quot;error&amp;quot;:&amp;quot;unknown error&amp;quot;,&amp;quot;message&amp;quot;:&amp;quot;unknown error: net::ERR_CONNECTION_TIMED_OUT\\\\n...9+25]\\\\n\\\\tRtlInitializeExceptionChain [0x7745D6DB+107]\\\\n\\\\tRtlGetAppContainerNamedObjectPath [0x7745D661+561]\\\\n&amp;quot;}}&amp;#x27;}\n\n    def check_response(self, response: dict[str, Any]) -&amp;gt; None:\n        &amp;quot;&amp;quot;&amp;quot;Checks that a JSON response from the WebDriver does not have an\n        error.\n    \n        :Args:\n         - response - The JSON response from the WebDriver server as a dictionary\n           object.\n    \n        :Raises: If the response contains an error message.\n        &amp;quot;&amp;quot;&amp;quot;\n        status = response.get(&amp;quot;status&amp;quot;, None)\n        if not status or status == ErrorCode.SUCCESS:\n            return\n        value = None\n        message = response.get(&amp;quot;message&amp;quot;, &amp;quot;&amp;quot;)\n        screen: str = response.get(&amp;quot;screen&amp;quot;, &amp;quot;&amp;quot;)\n        stacktrace = None\n        if isinstance(status, int):\n            value_json = response.get(&amp;quot;value&amp;quot;, None)\n            if value_json and isinstance(value_json, str):\n                try:\n                    value = json.loads(value_json)\n                    if isinstance(value, dict):\n                        if len(value) == 1:\n                            value = value[&amp;quot;value&amp;quot;]\n                        status = value.get(&amp;quot;error&amp;quot;, None)\n                        if not status:\n                            status = value.get(&amp;quot;status&amp;quot;, ErrorCode.UNKNOWN_ERROR)\n                            message = value.get(&amp;quot;value&amp;quot;) or value.get(&amp;quot;message&amp;quot;)\n                            if not isinstance(message, str):\n                                value = message\n                                message = message.get(&amp;quot;message&amp;quot;) if isinstance(message, dict) else None\n                        else:\n                            message = value.get(&amp;quot;message&amp;quot;, None)\n                except ValueError:\n                    pass\n    \n        exception_class: type[WebDriverException]\n        e = ErrorCode()\n        error_codes = [item for item in dir(e) if not item.startswith(&amp;quot;__&amp;quot;)]\n        for error_code in error_codes:\n            error_info = getattr(ErrorCode, error_code)\n            if isinstance(error_info, list) and status in error_info:\n                exception_class = getattr(ExceptionMapping, error_code, WebDriverException)\n                break\n        else:\n            exception_class = WebDriverException\n    \n        if not value:\n            value = response[&amp;quot;value&amp;quot;]\n        if isinstance(value, str):\n            raise exception_class(value)\n        if message == &amp;quot;&amp;quot; and &amp;quot;message&amp;quot; in value:\n            message = value[&amp;quot;message&amp;quot;]\n    \n        screen = None  # type: ignore[assignment]\n        if &amp;quot;screen&amp;quot; in value:\n            screen = value[&amp;quot;screen&amp;quot;]\n    \n        stacktrace = None\n        st_value = value.get(&amp;quot;stackTrace&amp;quot;) or value.get(&amp;quot;stacktrace&amp;quot;)\n        if st_value:\n            if isinstance(st_value, str):\n                stacktrace = st_value.split(&amp;quot;\\n&amp;quot;)\n            else:\n                stacktrace = []\n                try:\n                    for frame in st_value:\n                        line = frame.get(&amp;quot;lineNumber&amp;quot;, &amp;quot;&amp;quot;)\n                        file = frame.get(&amp;quot;fileName&amp;quot;, &amp;quot;&amp;lt;anonymous&amp;gt;&amp;quot;)\n                        if line:\n                            file = f&amp;quot;{file}:{line}&amp;quot;\n                        meth = frame.get(&amp;quot;methodName&amp;quot;, &amp;quot;&amp;lt;anonymous&amp;gt;&amp;quot;)\n                        if &amp;quot;className&amp;quot; in frame:\n                            meth = f&amp;quot;{frame[&amp;#x27;className&amp;#x27;]}.{meth}&amp;quot;\n                        msg = &amp;quot;    at %s (%s)&amp;quot;\n                        msg = msg % (meth, file)\n                        stacktrace.append(msg)\n                except TypeError:\n                    pass\n        if exception_class == UnexpectedAlertPresentException:\n            alert_text = None\n            if &amp;quot;data&amp;quot; in value:\n                alert_text = value[&amp;quot;data&amp;quot;].get(&amp;quot;text&amp;quot;)\n            elif &amp;quot;alert&amp;quot; in value:\n                alert_text = value[&amp;quot;alert&amp;quot;].get(&amp;quot;text&amp;quot;)\n            raise exception_class(message, screen, stacktrace, alert_text)  # type: ignore[call-arg]  # mypy is not smart enough here\n&amp;gt;       raise exception_class(message, screen, stacktrace)\nE       selenium.common.exceptions.WebDriverException: Message: unknown error: net::ERR_CONNECTION_TIMED_OUT\nE         (Session info: chrome-headless-shell=122.0.6261.129)\nE       Stacktrace:\nE       \tGetHandleVerifier [0x00B98D03+51395]\nE       \t(No symbol) [0x00B05F61]\nE       \t(No symbol) [0x009BE13A]\nE       \t(No symbol) [0x009BA6BF]\nE       \t(No symbol) [0x009AF68C]\nE       \t(No symbol) [0x009B0698]\nE       \t(No symbol) [0x009AF8F3]\nE       \t(No symbol) [0x009AED73]\nE       \t(No symbol) [0x009AECA3]\nE       \t(No symbol) [0x009AD98B]\nE       \t(No symbol) [0x009AE0AB]\nE       \t(No symbol) [0x009C0258]\nE       \t(No symbol) [0x00A2AC91]\nE       \t(No symbol) [0x00A13E8C]\nE       \t(No symbol) [0x00A2A570]\nE       \t(No symbol) [0x00A13C26]\nE       \t(No symbol) [0x009EC629]\nE       \t(No symbol) [0x009ED40D]\nE       \tGetHandleVerifier [0x00F168D3+3712147]\nE       \tGetHandleVerifier [0x00F55CBA+3971194]\nE       \tGetHandleVerifier [0x00F50FA8+3951464]\nE       \tGetHandleVerifier [0x00C49D09+776393]\nE       \t(No symbol) [0x00B11734]\nE       \t(No symbol) [0x00B0C618]\nE       \t(No symbol) [0x00B0C7C9]\nE       \t(No symbol) [0x00AFDDF0]\nE       \tBaseThreadInitThunk [0x765F5D49+25]\nE       \tRtlInitializeExceptionChain [0x7745D6DB+107]\nE       \tRtlGetAppContainerNamedObjectPath [0x7745D661+561]\n\n..\\AppData\\Local\\Programs\\Python\\Python311\\Lib\\site-packages\\selenium\\webdriver\\remote\\errorhandler.py:232: WebDriverException\n&#34;}], &#34;exercicio05/tests/test_busca_parametrizada.py::test_responsividade[navegador_tamanho1]&#34;: [{&#34;extras&#34;: [], &#34;result&#34;: &#34;Failed&#34;, &#34;testId&#34;: &#34;exercicio05/tests/test_busca_parametrizada.py::test_responsividade[navegador_tamanho1]&#34;, &#34;duration&#34;: &#34;00:00:25&#34;, &#34;resultsTableRow&#34;: [&#34;&lt;td class=\&#34;col-result\&#34;&gt;Failed&lt;/td&gt;&#34;, &#34;&lt;td class=\&#34;col-testId\&#34;&gt;exercicio05/tests/test_busca_parametrizada.py::test_responsividade[navegador_tamanho1]&lt;/td&gt;&#34;, &#34;&lt;td class=\&#34;col-duration\&#34;&gt;00:00:25&lt;/td&gt;&#34;, &#34;&lt;td class=\&#34;col-links\&#34;&gt;&lt;/td&gt;&#34;], &#34;log&#34;: &#34;chrome_driver = &amp;lt;selenium.webdriver.chrome.webdriver.WebDriver (session=&amp;quot;bdfe46704b04b525ad0a809a21f4922b&amp;quot;)&amp;gt;\nnavegador_tamanho = (1366, 768)\n\n    @pytest.mark.web\n    @pytest.mark.parametrize(&amp;quot;navegador_tamanho&amp;quot;, [\n        (1920, 1080),\n        (1366, 768),\n        (375, 812),  # Mobile\n    ])\n    def test_responsividade(chrome_driver, navegador_tamanho):\n        &amp;quot;&amp;quot;&amp;quot;Teste parametrizado de responsividade&amp;quot;&amp;quot;&amp;quot;\n        driver = chrome_driver\n        largura, altura = navegador_tamanho\n    \n        driver.set_window_size(largura, altura)\n&amp;gt;       driver.get(&amp;quot;https://practicetestautomation.com/practice-test-login/&amp;quot;)\n\nexercicio05\\tests\\test_busca_parametrizada.py:131: \n_ _ _ _ _ _ _ _ _ _ _ _ _ _ _ _ _ _ _ _ _ _ _ _ _ _ _ _ _ _ _ _ _ _ _ _ _ _ _ _ _ _ _ _ _ _ _ _ _ _ _ _ _ _ _ _ _ _ _ _\n..\\AppData\\Local\\Programs\\Python\\Python311\\Lib\\site-packages\\selenium\\webdriver\\remote\\webdriver.py:483: in get\n    self.execute(Command.GET, {&amp;quot;url&amp;quot;: url})\n..\\AppData\\Local\\Programs\\Python\\Python311\\Lib\\site-packages\\selenium\\webdriver\\remote\\webdriver.py:458: in execute\n    self.error_handler.check_response(response)\n_ _ _ _ _ _ _ _ _ _ _ _ _ _ _ _ _ _ _ _ _ _ _ _ _ _ _ _ _ _ _ _ _ _ _ _ _ _ _ _ _ _ _ _ _ _ _ _ _ _ _ _ _ _ _ _ _ _ _ _\n\nself = &amp;lt;selenium.webdriver.remote.errorhandler.ErrorHandler object at 0x0000028E70546AD0&amp;gt;\nresponse = {&amp;#x27;status&amp;#x27;: 500, &amp;#x27;value&amp;#x27;: &amp;#x27;{&amp;quot;value&amp;quot;:{&amp;quot;error&amp;quot;:&amp;quot;unknown error&amp;quot;,&amp;quot;message&amp;quot;:&amp;quot;unknown error: net::ERR_CONNECTION_TIMED_OUT\\\\n...9+25]\\\\n\\\\tRtlInitializeExceptionChain [0x7745D6DB+107]\\\\n\\\\tRtlGetAppContainerNamedObjectPath [0x7745D661+561]\\\\n&amp;quot;}}&amp;#x27;}\n\n    def check_response(self, response: dict[str, Any]) -&amp;gt; None:\n        &amp;quot;&amp;quot;&amp;quot;Checks that a JSON response from the WebDriver does not have an\n        error.\n    \n        :Args:\n         - response - The JSON response from the WebDriver server as a dictionary\n           object.\n    \n        :Raises: If the response contains an error message.\n        &amp;quot;&amp;quot;&amp;quot;\n        status = response.get(&amp;quot;status&amp;quot;, None)\n        if not status or status == ErrorCode.SUCCESS:\n            return\n        value = None\n        message = response.get(&amp;quot;message&amp;quot;, &amp;quot;&amp;quot;)\n        screen: str = response.get(&amp;quot;screen&amp;quot;, &amp;quot;&amp;quot;)\n        stacktrace = None\n        if isinstance(status, int):\n            value_json = response.get(&amp;quot;value&amp;quot;, None)\n            if value_json and isinstance(value_json, str):\n                try:\n                    value = json.loads(value_json)\n                    if isinstance(value, dict):\n                        if len(value) == 1:\n                            value = value[&amp;quot;value&amp;quot;]\n                        status = value.get(&amp;quot;error&amp;quot;, None)\n                        if not status:\n                            status = value.get(&amp;quot;status&amp;quot;, ErrorCode.UNKNOWN_ERROR)\n                            message = value.get(&amp;quot;value&amp;quot;) or value.get(&amp;quot;message&amp;quot;)\n                            if not isinstance(message, str):\n                                value = message\n                                message = message.get(&amp;quot;message&amp;quot;) if isinstance(message, dict) else None\n                        else:\n                            message = value.get(&amp;quot;message&amp;quot;, None)\n                except ValueError:\n                    pass\n    \n        exception_class: type[WebDriverException]\n        e = ErrorCode()\n        error_codes = [item for item in dir(e) if not item.startswith(&amp;quot;__&amp;quot;)]\n        for error_code in error_codes:\n            error_info = getattr(ErrorCode, error_code)\n            if isinstance(error_info, list) and status in error_info:\n                exception_class = getattr(ExceptionMapping, error_code, WebDriverException)\n                break\n        else:\n            exception_class = WebDriverException\n    \n        if not value:\n            value = response[&amp;quot;value&amp;quot;]\n        if isinstance(value, str):\n            raise exception_class(value)\n        if message == &amp;quot;&amp;quot; and &amp;quot;message&amp;quot; in value:\n            message = value[&amp;quot;message&amp;quot;]\n    \n        screen = None  # type: ignore[assignment]\n        if &amp;quot;screen&amp;quot; in value:\n            screen = value[&amp;quot;screen&amp;quot;]\n    \n        stacktrace = None\n        st_value = value.get(&amp;quot;stackTrace&amp;quot;) or value.get(&amp;quot;stacktrace&amp;quot;)\n        if st_value:\n            if isinstance(st_value, str):\n                stacktrace = st_value.split(&amp;quot;\\n&amp;quot;)\n            else:\n                stacktrace = []\n                try:\n                    for frame in st_value:\n                        line = frame.get(&amp;quot;lineNumber&amp;quot;, &amp;quot;&amp;quot;)\n                        file = frame.get(&amp;quot;fileName&amp;quot;, &amp;quot;&amp;lt;anonymous&amp;gt;&amp;quot;)\n                        if line:\n                            file = f&amp;quot;{file}:{line}&amp;quot;\n                        meth = frame.get(&amp;quot;methodName&amp;quot;, &amp;quot;&amp;lt;anonymous&amp;gt;&amp;quot;)\n                        if &amp;quot;className&amp;quot; in frame:\n                            meth = f&amp;quot;{frame[&amp;#x27;className&amp;#x27;]}.{meth}&amp;quot;\n                        msg = &amp;quot;    at %s (%s)&amp;quot;\n                        msg = msg % (meth, file)\n                        stacktrace.append(msg)\n                except TypeError:\n                    pass\n        if exception_class == UnexpectedAlertPresentException:\n            alert_text = None\n            if &amp;quot;data&amp;quot; in value:\n                alert_text = value[&amp;quot;data&amp;quot;].get(&amp;quot;text&amp;quot;)\n            elif &amp;quot;alert&amp;quot; in value:\n                alert_text = value[&amp;quot;alert&amp;quot;].get(&amp;quot;text&amp;quot;)\n            raise exception_class(message, screen, stacktrace, alert_text)  # type: ignore[call-arg]  # mypy is not smart enough here\n&amp;gt;       raise exception_class(message, screen, stacktrace)\nE       selenium.common.exceptions.WebDriverException: Message: unknown error: net::ERR_CONNECTION_TIMED_OUT\nE         (Session info: chrome-headless-shell=122.0.6261.129)\nE       Stacktrace:\nE       \tGetHandleVerifier [0x00B98D03+51395]\nE       \t(No symbol) [0x00B05F61]\nE       \t(No symbol) [0x009BE13A]\nE       \t(No symbol) [0x009BA6BF]\nE       \t(No symbol) [0x009AF68C]\nE       \t(No symbol) [0x009B0698]\nE       \t(No symbol) [0x009AF8F3]\nE       \t(No symbol) [0x009AED73]\nE       \t(No symbol) [0x009AECA3]\nE       \t(No symbol) [0x009AD98B]\nE       \t(No symbol) [0x009AE0AB]\nE       \t(No symbol) [0x009C0258]\nE       \t(No symbol) [0x00A2AC91]\nE       \t(No symbol) [0x00A13E8C]\nE       \t(No symbol) [0x00A2A570]\nE       \t(No symbol) [0x00A13C26]\nE       \t(No symbol) [0x009EC629]\nE       \t(No symbol) [0x009ED40D]\nE       \tGetHandleVerifier [0x00F168D3+3712147]\nE       \tGetHandleVerifier [0x00F55CBA+3971194]\nE       \tGetHandleVerifier [0x00F50FA8+3951464]\nE       \tGetHandleVerifier [0x00C49D09+776393]\nE       \t(No symbol) [0x00B11734]\nE       \t(No symbol) [0x00B0C618]\nE       \t(No symbol) [0x00B0C7C9]\nE       \t(No symbol) [0x00AFDDF0]\nE       \tBaseThreadInitThunk [0x765F5D49+25]\nE       \tRtlInitializeExceptionChain [0x7745D6DB+107]\nE       \tRtlGetAppContainerNamedObjectPath [0x7745D661+561]\n\n..\\AppData\\Local\\Programs\\Python\\Python311\\Lib\\site-packages\\selenium\\webdriver\\remote\\errorhandler.py:232: WebDriverException\n&#34;}], &#34;exercicio05/tests/test_busca_parametrizada.py::test_responsividade[navegador_tamanho2]&#34;: [{&#34;extras&#34;: [], &#34;result&#34;: &#34;Failed&#34;, &#34;testId&#34;: &#34;exercicio05/tests/test_busca_parametrizada.py::test_responsividade[navegador_tamanho2]&#34;, &#34;duration&#34;: &#34;00:00:25&#34;, &#34;resultsTableRow&#34;: [&#34;&lt;td class=\&#34;col-result\&#34;&gt;Failed&lt;/td&gt;&#34;, &#34;&lt;td class=\&#34;col-testId\&#34;&gt;exercicio05/tests/test_busca_parametrizada.py::test_responsividade[navegador_tamanho2]&lt;/td&gt;&#34;, &#34;&lt;td class=\&#34;col-duration\&#34;&gt;00:00:25&lt;/td&gt;&#34;, &#34;&lt;td class=\&#34;col-links\&#34;&gt;&lt;/td&gt;&#34;], &#34;log&#34;: &#34;chrome_driver = &amp;lt;selenium.webdriver.chrome.webdriver.WebDriver (session=&amp;quot;e2b96485f5f33b0da9ad97d6f8e6cfbe&amp;quot;)&amp;gt;\nnavegador_tamanho = (375, 812)\n\n    @pytest.mark.web\n    @pytest.mark.parametrize(&amp;quot;navegador_tamanho&amp;quot;, [\n        (1920, 1080),\n        (1366, 768),\n        (375, 812),  # Mobile\n    ])\n    def test_responsividade(chrome_driver, navegador_tamanho):\n        &amp;quot;&amp;quot;&amp;quot;Teste parametrizado de responsividade&amp;quot;&amp;quot;&amp;quot;\n        driver = chrome_driver\n        largura, altura = navegador_tamanho\n    \n        driver.set_window_size(largura, altura)\n&amp;gt;       driver.get(&amp;quot;https://practicetestautomation.com/practice-test-login/&amp;quot;)\n\nexercicio05\\tests\\test_busca_parametrizada.py:131: \n_ _ _ _ _ _ _ _ _ _ _ _ _ _ _ _ _ _ _ _ _ _ _ _ _ _ _ _ _ _ _ _ _ _ _ _ _ _ _ _ _ _ _ _ _ _ _ _ _ _ _ _ _ _ _ _ _ _ _ _\n..\\AppData\\Local\\Programs\\Python\\Python311\\Lib\\site-packages\\selenium\\webdriver\\remote\\webdriver.py:483: in get\n    self.execute(Command.GET, {&amp;quot;url&amp;quot;: url})\n..\\AppData\\Local\\Programs\\Python\\Python311\\Lib\\site-packages\\selenium\\webdriver\\remote\\webdriver.py:458: in execute\n    self.error_handler.check_response(response)\n_ _ _ _ _ _ _ _ _ _ _ _ _ _ _ _ _ _ _ _ _ _ _ _ _ _ _ _ _ _ _ _ _ _ _ _ _ _ _ _ _ _ _ _ _ _ _ _ _ _ _ _ _ _ _ _ _ _ _ _\n\nself = &amp;lt;selenium.webdriver.remote.errorhandler.ErrorHandler object at 0x0000028E6FFB8090&amp;gt;\nresponse = {&amp;#x27;status&amp;#x27;: 500, &amp;#x27;value&amp;#x27;: &amp;#x27;{&amp;quot;value&amp;quot;:{&amp;quot;error&amp;quot;:&amp;quot;unknown error&amp;quot;,&amp;quot;message&amp;quot;:&amp;quot;unknown error: net::ERR_CONNECTION_TIMED_OUT\\\\n...9+25]\\\\n\\\\tRtlInitializeExceptionChain [0x7745D6DB+107]\\\\n\\\\tRtlGetAppContainerNamedObjectPath [0x7745D661+561]\\\\n&amp;quot;}}&amp;#x27;}\n\n    def check_response(self, response: dict[str, Any]) -&amp;gt; None:\n        &amp;quot;&amp;quot;&amp;quot;Checks that a JSON response from the WebDriver does not have an\n        error.\n    \n        :Args:\n         - response - The JSON response from the WebDriver server as a dictionary\n           object.\n    \n        :Raises: If the response contains an error message.\n        &amp;quot;&amp;quot;&amp;quot;\n        status = response.get(&amp;quot;status&amp;quot;, None)\n        if not status or status == ErrorCode.SUCCESS:\n            return\n        value = None\n        message = response.get(&amp;quot;message&amp;quot;, &amp;quot;&amp;quot;)\n        screen: str = response.get(&amp;quot;screen&amp;quot;, &amp;quot;&amp;quot;)\n        stacktrace = None\n        if isinstance(status, int):\n            value_json = response.get(&amp;quot;value&amp;quot;, None)\n            if value_json and isinstance(value_json, str):\n                try:\n                    value = json.loads(value_json)\n                    if isinstance(value, dict):\n                        if len(value) == 1:\n                            value = value[&amp;quot;value&amp;quot;]\n                        status = value.get(&amp;quot;error&amp;quot;, None)\n                        if not status:\n                            status = value.get(&amp;quot;status&amp;quot;, ErrorCode.UNKNOWN_ERROR)\n                            message = value.get(&amp;quot;value&amp;quot;) or value.get(&amp;quot;message&amp;quot;)\n                            if not isinstance(message, str):\n                                value = message\n                                message = message.get(&amp;quot;message&amp;quot;) if isinstance(message, dict) else None\n                        else:\n                            message = value.get(&amp;quot;message&amp;quot;, None)\n                except ValueError:\n                    pass\n    \n        exception_class: type[WebDriverException]\n        e = ErrorCode()\n        error_codes = [item for item in dir(e) if not item.startswith(&amp;quot;__&amp;quot;)]\n        for error_code in error_codes:\n            error_info = getattr(ErrorCode, error_code)\n            if isinstance(error_info, list) and status in error_info:\n                exception_class = getattr(ExceptionMapping, error_code, WebDriverException)\n                break\n        else:\n            exception_class = WebDriverException\n    \n        if not value:\n            value = response[&amp;quot;value&amp;quot;]\n        if isinstance(value, str):\n            raise exception_class(value)\n        if message == &amp;quot;&amp;quot; and &amp;quot;message&amp;quot; in value:\n            message = value[&amp;quot;message&amp;quot;]\n    \n        screen = None  # type: ignore[assignment]\n        if &amp;quot;screen&amp;quot; in value:\n            screen = value[&amp;quot;screen&amp;quot;]\n    \n        stacktrace = None\n        st_value = value.get(&amp;quot;stackTrace&amp;quot;) or value.get(&amp;quot;stacktrace&amp;quot;)\n        if st_value:\n            if isinstance(st_value, str):\n                stacktrace = st_value.split(&amp;quot;\\n&amp;quot;)\n            else:\n                stacktrace = []\n                try:\n                    for frame in st_value:\n                        line = frame.get(&amp;quot;lineNumber&amp;quot;, &amp;quot;&amp;quot;)\n                        file = frame.get(&amp;quot;fileName&amp;quot;, &amp;quot;&amp;lt;anonymous&amp;gt;&amp;quot;)\n                        if line:\n                            file = f&amp;quot;{file}:{line}&amp;quot;\n                        meth = frame.get(&amp;quot;methodName&amp;quot;, &amp;quot;&amp;lt;anonymous&amp;gt;&amp;quot;)\n                        if &amp;quot;className&amp;quot; in frame:\n                            meth = f&amp;quot;{frame[&amp;#x27;className&amp;#x27;]}.{meth}&amp;quot;\n                        msg = &amp;quot;    at %s (%s)&amp;quot;\n                        msg = msg % (meth, file)\n                        stacktrace.append(msg)\n                except TypeError:\n                    pass\n        if exception_class == UnexpectedAlertPresentException:\n            alert_text = None\n            if &amp;quot;data&amp;quot; in value:\n                alert_text = value[&amp;quot;data&amp;quot;].get(&amp;quot;text&amp;quot;)\n            elif &amp;quot;alert&amp;quot; in value:\n                alert_text = value[&amp;quot;alert&amp;quot;].get(&amp;quot;text&amp;quot;)\n            raise exception_class(message, screen, stacktrace, alert_text)  # type: ignore[call-arg]  # mypy is not smart enough here\n&amp;gt;       raise exception_class(message, screen, stacktrace)\nE       selenium.common.exceptions.WebDriverException: Message: unknown error: net::ERR_CONNECTION_TIMED_OUT\nE         (Session info: chrome-headless-shell=122.0.6261.129)\nE       Stacktrace:\nE       \tGetHandleVerifier [0x00B98D03+51395]\nE       \t(No symbol) [0x00B05F61]\nE       \t(No symbol) [0x009BE13A]\nE       \t(No symbol) [0x009BA6BF]\nE       \t(No symbol) [0x009AF68C]\nE       \t(No symbol) [0x009B0698]\nE       \t(No symbol) [0x009AF8F3]\nE       \t(No symbol) [0x009AED73]\nE       \t(No symbol) [0x009AECA3]\nE       \t(No symbol) [0x009AD98B]\nE       \t(No symbol) [0x009AE0AB]\nE       \t(No symbol) [0x009C0258]\nE       \t(No symbol) [0x00A2AC91]\nE       \t(No symbol) [0x00A13E8C]\nE       \t(No symbol) [0x00A2A570]\nE       \t(No symbol) [0x00A13C26]\nE       \t(No symbol) [0x009EC629]\nE       \t(No symbol) [0x009ED40D]\nE       \tGetHandleVerifier [0x00F168D3+3712147]\nE       \tGetHandleVerifier [0x00F55CBA+3971194]\nE       \tGetHandleVerifier [0x00F50FA8+3951464]\nE       \tGetHandleVerifier [0x00C49D09+776393]\nE       \t(No symbol) [0x00B11734]\nE       \t(No symbol) [0x00B0C618]\nE       \t(No symbol) [0x00B0C7C9]\nE       \t(No symbol) [0x00AFDDF0]\nE       \tBaseThreadInitThunk [0x765F5D49+25]\nE       \tRtlInitializeExceptionChain [0x7745D6DB+107]\nE       \tRtlGetAppContainerNamedObjectPath [0x7745D661+561]\n\n..\\AppData\\Local\\Programs\\Python\\Python311\\Lib\\site-packages\\selenium\\webdriver\\remote\\errorhandler.py:232: WebDriverException\n&#34;}], &#34;exercicio05/tests/test_busca_parametrizada.py::test_validacao_cores[#FF0000]&#34;: [{&#34;extras&#34;: [], &#34;result&#34;: &#34;Passed&#34;, &#34;testId&#34;: &#34;exercicio05/tests/test_busca_parametrizada.py::test_validacao_cores[#FF0000]&#34;, &#34;duration&#34;: &#34;1 ms&#34;, &#34;resultsTableRow&#34;: [&#34;&lt;td class=\&#34;col-result\&#34;&gt;Passed&lt;/td&gt;&#34;, &#34;&lt;td class=\&#34;col-testId\&#34;&gt;exercicio05/tests/test_busca_parametrizada.py::test_validacao_cores[#FF0000]&lt;/td&gt;&#34;, &#34;&lt;td class=\&#34;col-duration\&#34;&gt;1 ms&lt;/td&gt;&#34;, &#34;&lt;td class=\&#34;col-links\&#34;&gt;&lt;/td&gt;&#34;], &#34;log&#34;: &#34;No log output captured.&#34;}], &#34;exercicio05/tests/test_busca_parametrizada.py::test_validacao_cores[#00FF00]&#34;: [{&#34;extras&#34;: [], &#34;result&#34;: &#34;Passed&#34;, &#34;testId&#34;: &#34;exercicio05/tests/test_busca_parametrizada.py::test_validacao_cores[#00FF00]&#34;, &#34;duration&#34;: &#34;1 ms&#34;, &#34;resultsTableRow&#34;: [&#34;&lt;td class=\&#34;col-result\&#34;&gt;Passed&lt;/td&gt;&#34;, &#34;&lt;td class=\&#34;col-testId\&#34;&gt;exercicio05/tests/test_busca_parametrizada.py::test_validacao_cores[#00FF00]&lt;/td&gt;&#34;, &#34;&lt;td class=\&#34;col-duration\&#34;&gt;1 ms&lt;/td&gt;&#34;, &#34;&lt;td class=\&#34;col-links\&#34;&gt;&lt;/td&gt;&#34;], &#34;log&#34;: &#34;No log output captured.&#34;}], &#34;exercicio05/tests/test_busca_parametrizada.py::test_validacao_cores[#0000FF]&#34;: [{&#34;extras&#34;: [], &#34;result&#34;: &#34;Passed&#34;, &#34;testId&#34;: &#34;exercicio05/tests/test_busca_parametrizada.py::test_validacao_cores[#0000FF]&#34;, &#34;duration&#34;: &#34;1 ms&#34;, &#34;resultsTableRow&#34;: [&#34;&lt;td class=\&#34;col-result\&#34;&gt;Passed&lt;/td&gt;&#34;, &#34;&lt;td class=\&#34;col-testId\&#34;&gt;exercicio05/tests/test_busca_parametrizada.py::test_validacao_cores[#0000FF]&lt;/td&gt;&#34;, &#34;&lt;td class=\&#34;col-duration\&#34;&gt;1 ms&lt;/td&gt;&#34;, &#34;&lt;td class=\&#34;col-links\&#34;&gt;&lt;/td&gt;&#34;], &#34;log&#34;: &#34;No log output captured.&#34;}], &#34;exercicio05/tests/test_validacoes_parametrizadas.py::test_validacao_email_api[sem-arroba.com]&#34;: [{&#34;extras&#34;: [], &#34;result&#34;: &#34;Failed&#34;, &#34;testId&#34;: &#34;exercicio05/tests/test_validacoes_parametrizadas.py::test_validacao_email_api[sem-arroba.com]&#34;, &#34;duration&#34;: &#34;364 ms&#34;, &#34;resultsTableRow&#34;: [&#34;&lt;td class=\&#34;col-result\&#34;&gt;Failed&lt;/td&gt;&#34;, &#34;&lt;td class=\&#34;col-testId\&#34;&gt;exercicio05/tests/test_validacoes_parametrizadas.py::test_validacao_email_api[sem-arroba.com]&lt;/td&gt;&#34;, &#34;&lt;td class=\&#34;col-duration\&#34;&gt;364 ms&lt;/td&gt;&#34;, &#34;&lt;td class=\&#34;col-links\&#34;&gt;&lt;/td&gt;&#34;], &#34;log&#34;: &#34;email_invalido = &amp;#x27;sem-arroba.com&amp;#x27;\n\n    @pytest.mark.api\n    @pytest.mark.parametrize(&amp;quot;email_invalido&amp;quot;, emails_invalidos)\n    def test_validacao_email_api(email_invalido):\n        &amp;quot;&amp;quot;&amp;quot;Teste de valida\u00e7\u00e3o de emails inv\u00e1lidos na API&amp;quot;&amp;quot;&amp;quot;\n        response = requests.post(f&amp;quot;{BASE_URL_REQRES}/register&amp;quot;, json={\n            &amp;quot;email&amp;quot;: email_invalido,\n            &amp;quot;password&amp;quot;: &amp;quot;senha123&amp;quot;\n        })\n    \n        # API deve rejeitar emails inv\u00e1lidos\n&amp;gt;       assert response.status_code == 400\nE       assert 401 == 400\nE        +  where 401 = &amp;lt;Response [401]&amp;gt;.status_code\n\nexercicio05\\tests\\test_validacoes_parametrizadas.py:49: AssertionError\n&#34;}], &#34;exercicio05/tests/test_validacoes_parametrizadas.py::test_validacao_email_api[@sem-usuario.com]&#34;: [{&#34;extras&#34;: [], &#34;result&#34;: &#34;Failed&#34;, &#34;testId&#34;: &#34;exercicio05/tests/test_validacoes_parametrizadas.py::test_validacao_email_api[@sem-usuario.com]&#34;, &#34;duration&#34;: &#34;224 ms&#34;, &#34;resultsTableRow&#34;: [&#34;&lt;td class=\&#34;col-result\&#34;&gt;Failed&lt;/td&gt;&#34;, &#34;&lt;td class=\&#34;col-testId\&#34;&gt;exercicio05/tests/test_validacoes_parametrizadas.py::test_validacao_email_api[@sem-usuario.com]&lt;/td&gt;&#34;, &#34;&lt;td class=\&#34;col-duration\&#34;&gt;224 ms&lt;/td&gt;&#34;, &#34;&lt;td class=\&#34;col-links\&#34;&gt;&lt;/td&gt;&#34;], &#34;log&#34;: &#34;email_invalido = &amp;#x27;@sem-usuario.com&amp;#x27;\n\n    @pytest.mark.api\n    @pytest.mark.parametrize(&amp;quot;email_invalido&amp;quot;, emails_invalidos)\n    def test_validacao_email_api(email_invalido):\n        &amp;quot;&amp;quot;&amp;quot;Teste de valida\u00e7\u00e3o de emails inv\u00e1lidos na API&amp;quot;&amp;quot;&amp;quot;\n        response = requests.post(f&amp;quot;{BASE_URL_REQRES}/register&amp;quot;, json={\n            &amp;quot;email&amp;quot;: email_invalido,\n            &amp;quot;password&amp;quot;: &amp;quot;senha123&amp;quot;\n        })\n    \n        # API deve rejeitar emails inv\u00e1lidos\n&amp;gt;       assert response.status_code == 400\nE       assert 401 == 400\nE        +  where 401 = &amp;lt;Response [401]&amp;gt;.status_code\n\nexercicio05\\tests\\test_validacoes_parametrizadas.py:49: AssertionError\n&#34;}], &#34;exercicio05/tests/test_validacoes_parametrizadas.py::test_validacao_email_api[sem-dominio@]&#34;: [{&#34;extras&#34;: [], &#34;result&#34;: &#34;Failed&#34;, &#34;testId&#34;: &#34;exercicio05/tests/test_validacoes_parametrizadas.py::test_validacao_email_api[sem-dominio@]&#34;, &#34;duration&#34;: &#34;204 ms&#34;, &#34;resultsTableRow&#34;: [&#34;&lt;td class=\&#34;col-result\&#34;&gt;Failed&lt;/td&gt;&#34;, &#34;&lt;td class=\&#34;col-testId\&#34;&gt;exercicio05/tests/test_validacoes_parametrizadas.py::test_validacao_email_api[sem-dominio@]&lt;/td&gt;&#34;, &#34;&lt;td class=\&#34;col-duration\&#34;&gt;204 ms&lt;/td&gt;&#34;, &#34;&lt;td class=\&#34;col-links\&#34;&gt;&lt;/td&gt;&#34;], &#34;log&#34;: &#34;email_invalido = &amp;#x27;sem-dominio@&amp;#x27;\n\n    @pytest.mark.api\n    @pytest.mark.parametrize(&amp;quot;email_invalido&amp;quot;, emails_invalidos)\n    def test_validacao_email_api(email_invalido):\n        &amp;quot;&amp;quot;&amp;quot;Teste de valida\u00e7\u00e3o de emails inv\u00e1lidos na API&amp;quot;&amp;quot;&amp;quot;\n        response = requests.post(f&amp;quot;{BASE_URL_REQRES}/register&amp;quot;, json={\n            &amp;quot;email&amp;quot;: email_invalido,\n            &amp;quot;password&amp;quot;: &amp;quot;senha123&amp;quot;\n        })\n    \n        # API deve rejeitar emails inv\u00e1lidos\n&amp;gt;       assert response.status_code == 400\nE       assert 401 == 400\nE        +  where 401 = &amp;lt;Response [401]&amp;gt;.status_code\n\nexercicio05\\tests\\test_validacoes_parametrizadas.py:49: AssertionError\n&#34;}], &#34;exercicio05/tests/test_validacoes_parametrizadas.py::test_validacao_email_api[espacos no meio@teste.com]&#34;: [{&#34;extras&#34;: [], &#34;result&#34;: &#34;Failed&#34;, &#34;testId&#34;: &#34;exercicio05/tests/test_validacoes_parametrizadas.py::test_validacao_email_api[espacos no meio@teste.com]&#34;, &#34;duration&#34;: &#34;208 ms&#34;, &#34;resultsTableRow&#34;: [&#34;&lt;td class=\&#34;col-result\&#34;&gt;Failed&lt;/td&gt;&#34;, &#34;&lt;td class=\&#34;col-testId\&#34;&gt;exercicio05/tests/test_validacoes_parametrizadas.py::test_validacao_email_api[espacos no meio@teste.com]&lt;/td&gt;&#34;, &#34;&lt;td class=\&#34;col-duration\&#34;&gt;208 ms&lt;/td&gt;&#34;, &#34;&lt;td class=\&#34;col-links\&#34;&gt;&lt;/td&gt;&#34;], &#34;log&#34;: &#34;email_invalido = &amp;#x27;espacos no meio@teste.com&amp;#x27;\n\n    @pytest.mark.api\n    @pytest.mark.parametrize(&amp;quot;email_invalido&amp;quot;, emails_invalidos)\n    def test_validacao_email_api(email_invalido):\n        &amp;quot;&amp;quot;&amp;quot;Teste de valida\u00e7\u00e3o de emails inv\u00e1lidos na API&amp;quot;&amp;quot;&amp;quot;\n        response = requests.post(f&amp;quot;{BASE_URL_REQRES}/register&amp;quot;, json={\n            &amp;quot;email&amp;quot;: email_invalido,\n            &amp;quot;password&amp;quot;: &amp;quot;senha123&amp;quot;\n        })\n    \n        # API deve rejeitar emails inv\u00e1lidos\n&amp;gt;       assert response.status_code == 400\nE       assert 401 == 400\nE        +  where 401 = &amp;lt;Response [401]&amp;gt;.status_code\n\nexercicio05\\tests\\test_validacoes_parametrizadas.py:49: AssertionError\n&#34;}], &#34;exercicio05/tests/test_validacoes_parametrizadas.py::test_validacao_email_api[caracteres!especiais@teste.com]&#34;: [{&#34;extras&#34;: [], &#34;result&#34;: &#34;Failed&#34;, &#34;testId&#34;: &#34;exercicio05/tests/test_validacoes_parametrizadas.py::test_validacao_email_api[caracteres!especiais@teste.com]&#34;, &#34;duration&#34;: &#34;208 ms&#34;, &#34;resultsTableRow&#34;: [&#34;&lt;td class=\&#34;col-result\&#34;&gt;Failed&lt;/td&gt;&#34;, &#34;&lt;td class=\&#34;col-testId\&#34;&gt;exercicio05/tests/test_validacoes_parametrizadas.py::test_validacao_email_api[caracteres!especiais@teste.com]&lt;/td&gt;&#34;, &#34;&lt;td class=\&#34;col-duration\&#34;&gt;208 ms&lt;/td&gt;&#34;, &#34;&lt;td class=\&#34;col-links\&#34;&gt;&lt;/td&gt;&#34;], &#34;log&#34;: &#34;email_invalido = &amp;#x27;caracteres!especiais@teste.com&amp;#x27;\n\n    @pytest.mark.api\n    @pytest.mark.parametrize(&amp;quot;email_invalido&amp;quot;, emails_invalidos)\n    def test_validacao_email_api(email_invalido):\n        &amp;quot;&amp;quot;&amp;quot;Teste de valida\u00e7\u00e3o de emails inv\u00e1lidos na API&amp;quot;&amp;quot;&amp;quot;\n        response = requests.post(f&amp;quot;{BASE_URL_REQRES}/register&amp;quot;, json={\n            &amp;quot;email&amp;quot;: email_invalido,\n            &amp;quot;password&amp;quot;: &amp;quot;senha123&amp;quot;\n        })\n    \n        # API deve rejeitar emails inv\u00e1lidos\n&amp;gt;       assert response.status_code == 400\nE       assert 401 == 400\nE        +  where 401 = &amp;lt;Response [401]&amp;gt;.status_code\n\nexercicio05\\tests\\test_validacoes_parametrizadas.py:49: AssertionError\n&#34;}], &#34;exercicio05/tests/test_validacoes_parametrizadas.py::test_validacao_email_api[..pontos@teste.com]&#34;: [{&#34;extras&#34;: [], &#34;result&#34;: &#34;Failed&#34;, &#34;testId&#34;: &#34;exercicio05/tests/test_validacoes_parametrizadas.py::test_validacao_email_api[..pontos@teste.com]&#34;, &#34;duration&#34;: &#34;210 ms&#34;, &#34;resultsTableRow&#34;: [&#34;&lt;td class=\&#34;col-result\&#34;&gt;Failed&lt;/td&gt;&#34;, &#34;&lt;td class=\&#34;col-testId\&#34;&gt;exercicio05/tests/test_validacoes_parametrizadas.py::test_validacao_email_api[..pontos@teste.com]&lt;/td&gt;&#34;, &#34;&lt;td class=\&#34;col-duration\&#34;&gt;210 ms&lt;/td&gt;&#34;, &#34;&lt;td class=\&#34;col-links\&#34;&gt;&lt;/td&gt;&#34;], &#34;log&#34;: &#34;email_invalido = &amp;#x27;..pontos@teste.com&amp;#x27;\n\n    @pytest.mark.api\n    @pytest.mark.parametrize(&amp;quot;email_invalido&amp;quot;, emails_invalidos)\n    def test_validacao_email_api(email_invalido):\n        &amp;quot;&amp;quot;&amp;quot;Teste de valida\u00e7\u00e3o de emails inv\u00e1lidos na API&amp;quot;&amp;quot;&amp;quot;\n        response = requests.post(f&amp;quot;{BASE_URL_REQRES}/register&amp;quot;, json={\n            &amp;quot;email&amp;quot;: email_invalido,\n            &amp;quot;password&amp;quot;: &amp;quot;senha123&amp;quot;\n        })\n    \n        # API deve rejeitar emails inv\u00e1lidos\n&amp;gt;       assert response.status_code == 400\nE       assert 401 == 400\nE        +  where 401 = &amp;lt;Response [401]&amp;gt;.status_code\n\nexercicio05\\tests\\test_validacoes_parametrizadas.py:49: AssertionError\n&#34;}], &#34;exercicio05/tests/test_validacoes_parametrizadas.py::test_validacao_email_api[teste@]&#34;: [{&#34;extras&#34;: [], &#34;result&#34;: &#34;Failed&#34;, &#34;testId&#34;: &#34;exercicio05/tests/test_validacoes_parametrizadas.py::test_validacao_email_api[teste@]&#34;, &#34;duration&#34;: &#34;204 ms&#34;, &#34;resultsTableRow&#34;: [&#34;&lt;td class=\&#34;col-result\&#34;&gt;Failed&lt;/td&gt;&#34;, &#34;&lt;td class=\&#34;col-testId\&#34;&gt;exercicio05/tests/test_validacoes_parametrizadas.py::test_validacao_email_api[teste@]&lt;/td&gt;&#34;, &#34;&lt;td class=\&#34;col-duration\&#34;&gt;204 ms&lt;/td&gt;&#34;, &#34;&lt;td class=\&#34;col-links\&#34;&gt;&lt;/td&gt;&#34;], &#34;log&#34;: &#34;email_invalido = &amp;#x27;teste@&amp;#x27;\n\n    @pytest.mark.api\n    @pytest.mark.parametrize(&amp;quot;email_invalido&amp;quot;, emails_invalidos)\n    def test_validacao_email_api(email_invalido):\n        &amp;quot;&amp;quot;&amp;quot;Teste de valida\u00e7\u00e3o de emails inv\u00e1lidos na API&amp;quot;&amp;quot;&amp;quot;\n        response = requests.post(f&amp;quot;{BASE_URL_REQRES}/register&amp;quot;, json={\n            &amp;quot;email&amp;quot;: email_invalido,\n            &amp;quot;password&amp;quot;: &amp;quot;senha123&amp;quot;\n        })\n    \n        # API deve rejeitar emails inv\u00e1lidos\n&amp;gt;       assert response.status_code == 400\nE       assert 401 == 400\nE        +  where 401 = &amp;lt;Response [401]&amp;gt;.status_code\n\nexercicio05\\tests\\test_validacoes_parametrizadas.py:49: AssertionError\n&#34;}], &#34;exercicio05/tests/test_validacoes_parametrizadas.py::test_validacao_email_api[@teste.com]&#34;: [{&#34;extras&#34;: [], &#34;result&#34;: &#34;Failed&#34;, &#34;testId&#34;: &#34;exercicio05/tests/test_validacoes_parametrizadas.py::test_validacao_email_api[@teste.com]&#34;, &#34;duration&#34;: &#34;208 ms&#34;, &#34;resultsTableRow&#34;: [&#34;&lt;td class=\&#34;col-result\&#34;&gt;Failed&lt;/td&gt;&#34;, &#34;&lt;td class=\&#34;col-testId\&#34;&gt;exercicio05/tests/test_validacoes_parametrizadas.py::test_validacao_email_api[@teste.com]&lt;/td&gt;&#34;, &#34;&lt;td class=\&#34;col-duration\&#34;&gt;208 ms&lt;/td&gt;&#34;, &#34;&lt;td class=\&#34;col-links\&#34;&gt;&lt;/td&gt;&#34;], &#34;log&#34;: &#34;email_invalido = &amp;#x27;@teste.com&amp;#x27;\n\n    @pytest.mark.api\n    @pytest.mark.parametrize(&amp;quot;email_invalido&amp;quot;, emails_invalidos)\n    def test_validacao_email_api(email_invalido):\n        &amp;quot;&amp;quot;&amp;quot;Teste de valida\u00e7\u00e3o de emails inv\u00e1lidos na API&amp;quot;&amp;quot;&amp;quot;\n        response = requests.post(f&amp;quot;{BASE_URL_REQRES}/register&amp;quot;, json={\n            &amp;quot;email&amp;quot;: email_invalido,\n            &amp;quot;password&amp;quot;: &amp;quot;senha123&amp;quot;\n        })\n    \n        # API deve rejeitar emails inv\u00e1lidos\n&amp;gt;       assert response.status_code == 400\nE       assert 401 == 400\nE        +  where 401 = &amp;lt;Response [401]&amp;gt;.status_code\n\nexercicio05\\tests\\test_validacoes_parametrizadas.py:49: AssertionError\n&#34;}], &#34;exercicio05/tests/test_validacoes_parametrizadas.py::test_validacao_email_api[teste..duplo@email.com]&#34;: [{&#34;extras&#34;: [], &#34;result&#34;: &#34;Failed&#34;, &#34;testId&#34;: &#34;exercicio05/tests/test_validacoes_parametrizadas.py::test_validacao_email_api[teste..duplo@email.com]&#34;, &#34;duration&#34;: &#34;207 ms&#34;, &#34;resultsTableRow&#34;: [&#34;&lt;td class=\&#34;col-result\&#34;&gt;Failed&lt;/td&gt;&#34;, &#34;&lt;td class=\&#34;col-testId\&#34;&gt;exercicio05/tests/test_validacoes_parametrizadas.py::test_validacao_email_api[teste..duplo@email.com]&lt;/td&gt;&#34;, &#34;&lt;td class=\&#34;col-duration\&#34;&gt;207 ms&lt;/td&gt;&#34;, &#34;&lt;td class=\&#34;col-links\&#34;&gt;&lt;/td&gt;&#34;], &#34;log&#34;: &#34;email_invalido = &amp;#x27;teste..duplo@email.com&amp;#x27;\n\n    @pytest.mark.api\n    @pytest.mark.parametrize(&amp;quot;email_invalido&amp;quot;, emails_invalidos)\n    def test_validacao_email_api(email_invalido):\n        &amp;quot;&amp;quot;&amp;quot;Teste de valida\u00e7\u00e3o de emails inv\u00e1lidos na API&amp;quot;&amp;quot;&amp;quot;\n        response = requests.post(f&amp;quot;{BASE_URL_REQRES}/register&amp;quot;, json={\n            &amp;quot;email&amp;quot;: email_invalido,\n            &amp;quot;password&amp;quot;: &amp;quot;senha123&amp;quot;\n        })\n    \n        # API deve rejeitar emails inv\u00e1lidos\n&amp;gt;       assert response.status_code == 400\nE       assert 401 == 400\nE        +  where 401 = &amp;lt;Response [401]&amp;gt;.status_code\n\nexercicio05\\tests\\test_validacoes_parametrizadas.py:49: AssertionError\n&#34;}], &#34;exercicio05/tests/test_validacoes_parametrizadas.py::test_validacao_email_api[teste@dominio]&#34;: [{&#34;extras&#34;: [], &#34;result&#34;: &#34;Failed&#34;, &#34;testId&#34;: &#34;exercicio05/tests/test_validacoes_parametrizadas.py::test_validacao_email_api[teste@dominio]&#34;, &#34;duration&#34;: &#34;207 ms&#34;, &#34;resultsTableRow&#34;: [&#34;&lt;td class=\&#34;col-result\&#34;&gt;Failed&lt;/td&gt;&#34;, &#34;&lt;td class=\&#34;col-testId\&#34;&gt;exercicio05/tests/test_validacoes_parametrizadas.py::test_validacao_email_api[teste@dominio]&lt;/td&gt;&#34;, &#34;&lt;td class=\&#34;col-duration\&#34;&gt;207 ms&lt;/td&gt;&#34;, &#34;&lt;td class=\&#34;col-links\&#34;&gt;&lt;/td&gt;&#34;], &#34;log&#34;: &#34;email_invalido = &amp;#x27;teste@dominio&amp;#x27;\n\n    @pytest.mark.api\n    @pytest.mark.parametrize(&amp;quot;email_invalido&amp;quot;, emails_invalidos)\n    def test_validacao_email_api(email_invalido):\n        &amp;quot;&amp;quot;&amp;quot;Teste de valida\u00e7\u00e3o de emails inv\u00e1lidos na API&amp;quot;&amp;quot;&amp;quot;\n        response = requests.post(f&amp;quot;{BASE_URL_REQRES}/register&amp;quot;, json={\n            &amp;quot;email&amp;quot;: email_invalido,\n            &amp;quot;password&amp;quot;: &amp;quot;senha123&amp;quot;\n        })\n    \n        # API deve rejeitar emails inv\u00e1lidos\n&amp;gt;       assert response.status_code == 400\nE       assert 401 == 400\nE        +  where 401 = &amp;lt;Response [401]&amp;gt;.status_code\n\nexercicio05\\tests\\test_validacoes_parametrizadas.py:49: AssertionError\n&#34;}], &#34;exercicio05/tests/test_validacoes_parametrizadas.py::test_validacao_senha[123-muito curta]&#34;: [{&#34;extras&#34;: [], &#34;result&#34;: &#34;Failed&#34;, &#34;testId&#34;: &#34;exercicio05/tests/test_validacoes_parametrizadas.py::test_validacao_senha[123-muito curta]&#34;, &#34;duration&#34;: &#34;207 ms&#34;, &#34;resultsTableRow&#34;: [&#34;&lt;td class=\&#34;col-result\&#34;&gt;Failed&lt;/td&gt;&#34;, &#34;&lt;td class=\&#34;col-testId\&#34;&gt;exercicio05/tests/test_validacoes_parametrizadas.py::test_validacao_senha[123-muito curta]&lt;/td&gt;&#34;, &#34;&lt;td class=\&#34;col-duration\&#34;&gt;207 ms&lt;/td&gt;&#34;, &#34;&lt;td class=\&#34;col-links\&#34;&gt;&lt;/td&gt;&#34;], &#34;log&#34;: &#34;senha = &amp;#x27;123&amp;#x27;, motivo = &amp;#x27;muito curta&amp;#x27;\n\n    @pytest.mark.api\n    @pytest.mark.parametrize(&amp;quot;senha,motivo&amp;quot;, senhas_invalidas)\n    def test_validacao_senha(senha, motivo):\n        &amp;quot;&amp;quot;&amp;quot;Teste de valida\u00e7\u00e3o de senhas inv\u00e1lidas&amp;quot;&amp;quot;&amp;quot;\n        response = requests.post(f&amp;quot;{BASE_URL_REQRES}/register&amp;quot;, json={\n            &amp;quot;email&amp;quot;: &amp;quot;test@test.com&amp;quot;,\n            &amp;quot;password&amp;quot;: senha\n        })\n    \n        # API deve rejeitar senhas inv\u00e1lidas\n&amp;gt;       assert response.status_code == 400\nE       assert 401 == 400\nE        +  where 401 = &amp;lt;Response [401]&amp;gt;.status_code\n\nexercicio05\\tests\\test_validacoes_parametrizadas.py:63: AssertionError\n&#34;}], &#34;exercicio05/tests/test_validacoes_parametrizadas.py::test_validacao_senha[semNumero-sem n\\xfamero]&#34;: [{&#34;extras&#34;: [], &#34;result&#34;: &#34;Failed&#34;, &#34;testId&#34;: &#34;exercicio05/tests/test_validacoes_parametrizadas.py::test_validacao_senha[semNumero-sem n\\xfamero]&#34;, &#34;duration&#34;: &#34;209 ms&#34;, &#34;resultsTableRow&#34;: [&#34;&lt;td class=\&#34;col-result\&#34;&gt;Failed&lt;/td&gt;&#34;, &#34;&lt;td class=\&#34;col-testId\&#34;&gt;exercicio05/tests/test_validacoes_parametrizadas.py::test_validacao_senha[semNumero-sem n\\xfamero]&lt;/td&gt;&#34;, &#34;&lt;td class=\&#34;col-duration\&#34;&gt;209 ms&lt;/td&gt;&#34;, &#34;&lt;td class=\&#34;col-links\&#34;&gt;&lt;/td&gt;&#34;], &#34;log&#34;: &#34;senha = &amp;#x27;semNumero&amp;#x27;, motivo = &amp;#x27;sem n\u00famero&amp;#x27;\n\n    @pytest.mark.api\n    @pytest.mark.parametrize(&amp;quot;senha,motivo&amp;quot;, senhas_invalidas)\n    def test_validacao_senha(senha, motivo):\n        &amp;quot;&amp;quot;&amp;quot;Teste de valida\u00e7\u00e3o de senhas inv\u00e1lidas&amp;quot;&amp;quot;&amp;quot;\n        response = requests.post(f&amp;quot;{BASE_URL_REQRES}/register&amp;quot;, json={\n            &amp;quot;email&amp;quot;: &amp;quot;test@test.com&amp;quot;,\n            &amp;quot;password&amp;quot;: senha\n        })\n    \n        # API deve rejeitar senhas inv\u00e1lidas\n&amp;gt;       assert response.status_code == 400\nE       assert 401 == 400\nE        +  where 401 = &amp;lt;Response [401]&amp;gt;.status_code\n\nexercicio05\\tests\\test_validacoes_parametrizadas.py:63: AssertionError\n&#34;}], &#34;exercicio05/tests/test_validacoes_parametrizadas.py::test_validacao_senha[semmaiuscula123-sem mai\\xfascula]&#34;: [{&#34;extras&#34;: [], &#34;result&#34;: &#34;Failed&#34;, &#34;testId&#34;: &#34;exercicio05/tests/test_validacoes_parametrizadas.py::test_validacao_senha[semmaiuscula123-sem mai\\xfascula]&#34;, &#34;duration&#34;: &#34;221 ms&#34;, &#34;resultsTableRow&#34;: [&#34;&lt;td class=\&#34;col-result\&#34;&gt;Failed&lt;/td&gt;&#34;, &#34;&lt;td class=\&#34;col-testId\&#34;&gt;exercicio05/tests/test_validacoes_parametrizadas.py::test_validacao_senha[semmaiuscula123-sem mai\\xfascula]&lt;/td&gt;&#34;, &#34;&lt;td class=\&#34;col-duration\&#34;&gt;221 ms&lt;/td&gt;&#34;, &#34;&lt;td class=\&#34;col-links\&#34;&gt;&lt;/td&gt;&#34;], &#34;log&#34;: &#34;senha = &amp;#x27;semmaiuscula123&amp;#x27;, motivo = &amp;#x27;sem mai\u00fascula&amp;#x27;\n\n    @pytest.mark.api\n    @pytest.mark.parametrize(&amp;quot;senha,motivo&amp;quot;, senhas_invalidas)\n    def test_validacao_senha(senha, motivo):\n        &amp;quot;&amp;quot;&amp;quot;Teste de valida\u00e7\u00e3o de senhas inv\u00e1lidas&amp;quot;&amp;quot;&amp;quot;\n        response = requests.post(f&amp;quot;{BASE_URL_REQRES}/register&amp;quot;, json={\n            &amp;quot;email&amp;quot;: &amp;quot;test@test.com&amp;quot;,\n            &amp;quot;password&amp;quot;: senha\n        })\n    \n        # API deve rejeitar senhas inv\u00e1lidas\n&amp;gt;       assert response.status_code == 400\nE       assert 401 == 400\nE        +  where 401 = &amp;lt;Response [401]&amp;gt;.status_code\n\nexercicio05\\tests\\test_validacoes_parametrizadas.py:63: AssertionError\n&#34;}], &#34;exercicio05/tests/test_validacoes_parametrizadas.py::test_validacao_senha[12345678-s\\xf3 n\\xfameros]&#34;: [{&#34;extras&#34;: [], &#34;result&#34;: &#34;Failed&#34;, &#34;testId&#34;: &#34;exercicio05/tests/test_validacoes_parametrizadas.py::test_validacao_senha[12345678-s\\xf3 n\\xfameros]&#34;, &#34;duration&#34;: &#34;202 ms&#34;, &#34;resultsTableRow&#34;: [&#34;&lt;td class=\&#34;col-result\&#34;&gt;Failed&lt;/td&gt;&#34;, &#34;&lt;td class=\&#34;col-testId\&#34;&gt;exercicio05/tests/test_validacoes_parametrizadas.py::test_validacao_senha[12345678-s\\xf3 n\\xfameros]&lt;/td&gt;&#34;, &#34;&lt;td class=\&#34;col-duration\&#34;&gt;202 ms&lt;/td&gt;&#34;, &#34;&lt;td class=\&#34;col-links\&#34;&gt;&lt;/td&gt;&#34;], &#34;log&#34;: &#34;senha = &amp;#x27;12345678&amp;#x27;, motivo = &amp;#x27;s\u00f3 n\u00fameros&amp;#x27;\n\n    @pytest.mark.api\n    @pytest.mark.parametrize(&amp;quot;senha,motivo&amp;quot;, senhas_invalidas)\n    def test_validacao_senha(senha, motivo):\n        &amp;quot;&amp;quot;&amp;quot;Teste de valida\u00e7\u00e3o de senhas inv\u00e1lidas&amp;quot;&amp;quot;&amp;quot;\n        response = requests.post(f&amp;quot;{BASE_URL_REQRES}/register&amp;quot;, json={\n            &amp;quot;email&amp;quot;: &amp;quot;test@test.com&amp;quot;,\n            &amp;quot;password&amp;quot;: senha\n        })\n    \n        # API deve rejeitar senhas inv\u00e1lidas\n&amp;gt;       assert response.status_code == 400\nE       assert 401 == 400\nE        +  where 401 = &amp;lt;Response [401]&amp;gt;.status_code\n\nexercicio05\\tests\\test_validacoes_parametrizadas.py:63: AssertionError\n&#34;}], &#34;exercicio05/tests/test_validacoes_parametrizadas.py::test_validacao_senha[ab-muito curta]&#34;: [{&#34;extras&#34;: [], &#34;result&#34;: &#34;Failed&#34;, &#34;testId&#34;: &#34;exercicio05/tests/test_validacoes_parametrizadas.py::test_validacao_senha[ab-muito curta]&#34;, &#34;duration&#34;: &#34;214 ms&#34;, &#34;resultsTableRow&#34;: [&#34;&lt;td class=\&#34;col-result\&#34;&gt;Failed&lt;/td&gt;&#34;, &#34;&lt;td class=\&#34;col-testId\&#34;&gt;exercicio05/tests/test_validacoes_parametrizadas.py::test_validacao_senha[ab-muito curta]&lt;/td&gt;&#34;, &#34;&lt;td class=\&#34;col-duration\&#34;&gt;214 ms&lt;/td&gt;&#34;, &#34;&lt;td class=\&#34;col-links\&#34;&gt;&lt;/td&gt;&#34;], &#34;log&#34;: &#34;senha = &amp;#x27;ab&amp;#x27;, motivo = &amp;#x27;muito curta&amp;#x27;\n\n    @pytest.mark.api\n    @pytest.mark.parametrize(&amp;quot;senha,motivo&amp;quot;, senhas_invalidas)\n    def test_validacao_senha(senha, motivo):\n        &amp;quot;&amp;quot;&amp;quot;Teste de valida\u00e7\u00e3o de senhas inv\u00e1lidas&amp;quot;&amp;quot;&amp;quot;\n        response = requests.post(f&amp;quot;{BASE_URL_REQRES}/register&amp;quot;, json={\n            &amp;quot;email&amp;quot;: &amp;quot;test@test.com&amp;quot;,\n            &amp;quot;password&amp;quot;: senha\n        })\n    \n        # API deve rejeitar senhas inv\u00e1lidas\n&amp;gt;       assert response.status_code == 400\nE       assert 401 == 400\nE        +  where 401 = &amp;lt;Response [401]&amp;gt;.status_code\n\nexercicio05\\tests\\test_validacoes_parametrizadas.py:63: AssertionError\n&#34;}], &#34;exercicio05/tests/test_validacoes_parametrizadas.py::test_validacao_senha[SOMENTEMAIUSCULA-sem min\\xfascula]&#34;: [{&#34;extras&#34;: [], &#34;result&#34;: &#34;Failed&#34;, &#34;testId&#34;: &#34;exercicio05/tests/test_validacoes_parametrizadas.py::test_validacao_senha[SOMENTEMAIUSCULA-sem min\\xfascula]&#34;, &#34;duration&#34;: &#34;205 ms&#34;, &#34;resultsTableRow&#34;: [&#34;&lt;td class=\&#34;col-result\&#34;&gt;Failed&lt;/td&gt;&#34;, &#34;&lt;td class=\&#34;col-testId\&#34;&gt;exercicio05/tests/test_validacoes_parametrizadas.py::test_validacao_senha[SOMENTEMAIUSCULA-sem min\\xfascula]&lt;/td&gt;&#34;, &#34;&lt;td class=\&#34;col-duration\&#34;&gt;205 ms&lt;/td&gt;&#34;, &#34;&lt;td class=\&#34;col-links\&#34;&gt;&lt;/td&gt;&#34;], &#34;log&#34;: &#34;senha = &amp;#x27;SOMENTEMAIUSCULA&amp;#x27;, motivo = &amp;#x27;sem min\u00fascula&amp;#x27;\n\n    @pytest.mark.api\n    @pytest.mark.parametrize(&amp;quot;senha,motivo&amp;quot;, senhas_invalidas)\n    def test_validacao_senha(senha, motivo):\n        &amp;quot;&amp;quot;&amp;quot;Teste de valida\u00e7\u00e3o de senhas inv\u00e1lidas&amp;quot;&amp;quot;&amp;quot;\n        response = requests.post(f&amp;quot;{BASE_URL_REQRES}/register&amp;quot;, json={\n            &amp;quot;email&amp;quot;: &amp;quot;test@test.com&amp;quot;,\n            &amp;quot;password&amp;quot;: senha\n        })\n    \n        # API deve rejeitar senhas inv\u00e1lidas\n&amp;gt;       assert response.status_code == 400\nE       assert 401 == 400\nE        +  where 401 = &amp;lt;Response [401]&amp;gt;.status_code\n\nexercicio05\\tests\\test_validacoes_parametrizadas.py:63: AssertionError\n&#34;}], &#34;exercicio05/tests/test_validacoes_parametrizadas.py::test_validacao_senha[-vazia]&#34;: [{&#34;extras&#34;: [], &#34;result&#34;: &#34;Failed&#34;, &#34;testId&#34;: &#34;exercicio05/tests/test_validacoes_parametrizadas.py::test_validacao_senha[-vazia]&#34;, &#34;duration&#34;: &#34;203 ms&#34;, &#34;resultsTableRow&#34;: [&#34;&lt;td class=\&#34;col-result\&#34;&gt;Failed&lt;/td&gt;&#34;, &#34;&lt;td class=\&#34;col-testId\&#34;&gt;exercicio05/tests/test_validacoes_parametrizadas.py::test_validacao_senha[-vazia]&lt;/td&gt;&#34;, &#34;&lt;td class=\&#34;col-duration\&#34;&gt;203 ms&lt;/td&gt;&#34;, &#34;&lt;td class=\&#34;col-links\&#34;&gt;&lt;/td&gt;&#34;], &#34;log&#34;: &#34;senha = &amp;#x27;&amp;#x27;, motivo = &amp;#x27;vazia&amp;#x27;\n\n    @pytest.mark.api\n    @pytest.mark.parametrize(&amp;quot;senha,motivo&amp;quot;, senhas_invalidas)\n    def test_validacao_senha(senha, motivo):\n        &amp;quot;&amp;quot;&amp;quot;Teste de valida\u00e7\u00e3o de senhas inv\u00e1lidas&amp;quot;&amp;quot;&amp;quot;\n        response = requests.post(f&amp;quot;{BASE_URL_REQRES}/register&amp;quot;, json={\n            &amp;quot;email&amp;quot;: &amp;quot;test@test.com&amp;quot;,\n            &amp;quot;password&amp;quot;: senha\n        })\n    \n        # API deve rejeitar senhas inv\u00e1lidas\n&amp;gt;       assert response.status_code == 400\nE       assert 401 == 400\nE        +  where 401 = &amp;lt;Response [401]&amp;gt;.status_code\n\nexercicio05\\tests\\test_validacoes_parametrizadas.py:63: AssertionError\n&#34;}], &#34;exercicio05/tests/test_validacoes_parametrizadas.py::test_registro_email_valido&#34;: [{&#34;extras&#34;: [], &#34;result&#34;: &#34;Failed&#34;, &#34;testId&#34;: &#34;exercicio05/tests/test_validacoes_parametrizadas.py::test_registro_email_valido&#34;, &#34;duration&#34;: &#34;208 ms&#34;, &#34;resultsTableRow&#34;: [&#34;&lt;td class=\&#34;col-result\&#34;&gt;Failed&lt;/td&gt;&#34;, &#34;&lt;td class=\&#34;col-testId\&#34;&gt;exercicio05/tests/test_validacoes_parametrizadas.py::test_registro_email_valido&lt;/td&gt;&#34;, &#34;&lt;td class=\&#34;col-duration\&#34;&gt;208 ms&lt;/td&gt;&#34;, &#34;&lt;td class=\&#34;col-links\&#34;&gt;&lt;/td&gt;&#34;], &#34;log&#34;: &#34;@pytest.mark.api\n    def test_registro_email_valido():\n        &amp;quot;&amp;quot;&amp;quot;Teste de registro com email v\u00e1lido&amp;quot;&amp;quot;&amp;quot;\n        response = requests.post(f&amp;quot;{BASE_URL_REQRES}/register&amp;quot;, json={\n            &amp;quot;email&amp;quot;: &amp;quot;eve.holt@reqres.in&amp;quot;,\n            &amp;quot;password&amp;quot;: &amp;quot;pistol&amp;quot;\n        })\n    \n        # Este email \u00e9 v\u00e1lido na API de teste\n&amp;gt;       assert response.status_code == 200\nE       assert 401 == 200\nE        +  where 401 = &amp;lt;Response [401]&amp;gt;.status_code\n\nexercicio05\\tests\\test_validacoes_parametrizadas.py:75: AssertionError\n&#34;}], &#34;exercicio05/tests/test_validacoes_parametrizadas.py::test_emails_validos_formato[usuario@dominio.com]&#34;: [{&#34;extras&#34;: [], &#34;result&#34;: &#34;Passed&#34;, &#34;testId&#34;: &#34;exercicio05/tests/test_validacoes_parametrizadas.py::test_emails_validos_formato[usuario@dominio.com]&#34;, &#34;duration&#34;: &#34;1 ms&#34;, &#34;resultsTableRow&#34;: [&#34;&lt;td class=\&#34;col-result\&#34;&gt;Passed&lt;/td&gt;&#34;, &#34;&lt;td class=\&#34;col-testId\&#34;&gt;exercicio05/tests/test_validacoes_parametrizadas.py::test_emails_validos_formato[usuario@dominio.com]&lt;/td&gt;&#34;, &#34;&lt;td class=\&#34;col-duration\&#34;&gt;1 ms&lt;/td&gt;&#34;, &#34;&lt;td class=\&#34;col-links\&#34;&gt;&lt;/td&gt;&#34;], &#34;log&#34;: &#34;No log output captured.&#34;}], &#34;exercicio05/tests/test_validacoes_parametrizadas.py::test_emails_validos_formato[nome.sobrenome@empresa.com.br]&#34;: [{&#34;extras&#34;: [], &#34;result&#34;: &#34;Passed&#34;, &#34;testId&#34;: &#34;exercicio05/tests/test_validacoes_parametrizadas.py::test_emails_validos_formato[nome.sobrenome@empresa.com.br]&#34;, &#34;duration&#34;: &#34;1 ms&#34;, &#34;resultsTableRow&#34;: [&#34;&lt;td class=\&#34;col-result\&#34;&gt;Passed&lt;/td&gt;&#34;, &#34;&lt;td class=\&#34;col-testId\&#34;&gt;exercicio05/tests/test_validacoes_parametrizadas.py::test_emails_validos_formato[nome.sobrenome@empresa.com.br]&lt;/td&gt;&#34;, &#34;&lt;td class=\&#34;col-duration\&#34;&gt;1 ms&lt;/td&gt;&#34;, &#34;&lt;td class=\&#34;col-links\&#34;&gt;&lt;/td&gt;&#34;], &#34;log&#34;: &#34;No log output captured.&#34;}], &#34;exercicio05/tests/test_validacoes_parametrizadas.py::test_emails_validos_formato[email+tag@teste.com]&#34;: [{&#34;extras&#34;: [], &#34;result&#34;: &#34;Passed&#34;, &#34;testId&#34;: &#34;exercicio05/tests/test_validacoes_parametrizadas.py::test_emails_validos_formato[email+tag@teste.com]&#34;, &#34;duration&#34;: &#34;1 ms&#34;, &#34;resultsTableRow&#34;: [&#34;&lt;td class=\&#34;col-result\&#34;&gt;Passed&lt;/td&gt;&#34;, &#34;&lt;td class=\&#34;col-testId\&#34;&gt;exercicio05/tests/test_validacoes_parametrizadas.py::test_emails_validos_formato[email+tag@teste.com]&lt;/td&gt;&#34;, &#34;&lt;td class=\&#34;col-duration\&#34;&gt;1 ms&lt;/td&gt;&#34;, &#34;&lt;td class=\&#34;col-links\&#34;&gt;&lt;/td&gt;&#34;], &#34;log&#34;: &#34;No log output captured.&#34;}], &#34;exercicio05/tests/test_validacoes_parametrizadas.py::test_emails_validos_formato[123@numerico.com]&#34;: [{&#34;extras&#34;: [], &#34;result&#34;: &#34;Passed&#34;, &#34;testId&#34;: &#34;exercicio05/tests/test_validacoes_parametrizadas.py::test_emails_validos_formato[123@numerico.com]&#34;, &#34;duration&#34;: &#34;1 ms&#34;, &#34;resultsTableRow&#34;: [&#34;&lt;td class=\&#34;col-result\&#34;&gt;Passed&lt;/td&gt;&#34;, &#34;&lt;td class=\&#34;col-testId\&#34;&gt;exercicio05/tests/test_validacoes_parametrizadas.py::test_emails_validos_formato[123@numerico.com]&lt;/td&gt;&#34;, &#34;&lt;td class=\&#34;col-duration\&#34;&gt;1 ms&lt;/td&gt;&#34;, &#34;&lt;td class=\&#34;col-links\&#34;&gt;&lt;/td&gt;&#34;], &#34;log&#34;: &#34;No log output captured.&#34;}], &#34;exercicio05/tests/test_validacoes_parametrizadas.py::test_buscar_usuario_por_id[1]&#34;: [{&#34;extras&#34;: [], &#34;result&#34;: &#34;Failed&#34;, &#34;testId&#34;: &#34;exercicio05/tests/test_validacoes_parametrizadas.py::test_buscar_usuario_por_id[1]&#34;, &#34;duration&#34;: &#34;389 ms&#34;, &#34;resultsTableRow&#34;: [&#34;&lt;td class=\&#34;col-result\&#34;&gt;Failed&lt;/td&gt;&#34;, &#34;&lt;td class=\&#34;col-testId\&#34;&gt;exercicio05/tests/test_validacoes_parametrizadas.py::test_buscar_usuario_por_id[1]&lt;/td&gt;&#34;, &#34;&lt;td class=\&#34;col-duration\&#34;&gt;389 ms&lt;/td&gt;&#34;, &#34;&lt;td class=\&#34;col-links\&#34;&gt;&lt;/td&gt;&#34;], &#34;log&#34;: &#34;user_id = 1\n\n    @pytest.mark.api\n    @pytest.mark.parametrize(&amp;quot;user_id&amp;quot;, [1, 2, 3, 4, 5])\n    def test_buscar_usuario_por_id(user_id):\n        &amp;quot;&amp;quot;&amp;quot;Teste parametrizado para buscar m\u00faltiplos usu\u00e1rios&amp;quot;&amp;quot;&amp;quot;\n        response = requests.get(f&amp;quot;{BASE_URL_REQRES}/users/{user_id}&amp;quot;)\n    \n&amp;gt;       assert response.status_code == 200\nE       assert 401 == 200\nE        +  where 401 = &amp;lt;Response [401]&amp;gt;.status_code\n\nexercicio05\\tests\\test_validacoes_parametrizadas.py:100: AssertionError\n&#34;}], &#34;exercicio05/tests/test_validacoes_parametrizadas.py::test_buscar_usuario_por_id[2]&#34;: [{&#34;extras&#34;: [], &#34;result&#34;: &#34;Passed&#34;, &#34;testId&#34;: &#34;exercicio05/tests/test_validacoes_parametrizadas.py::test_buscar_usuario_por_id[2]&#34;, &#34;duration&#34;: &#34;42 ms&#34;, &#34;resultsTableRow&#34;: [&#34;&lt;td class=\&#34;col-result\&#34;&gt;Passed&lt;/td&gt;&#34;, &#34;&lt;td class=\&#34;col-testId\&#34;&gt;exercicio05/tests/test_validacoes_parametrizadas.py::test_buscar_usuario_por_id[2]&lt;/td&gt;&#34;, &#34;&lt;td class=\&#34;col-duration\&#34;&gt;42 ms&lt;/td&gt;&#34;, &#34;&lt;td class=\&#34;col-links\&#34;&gt;&lt;/td&gt;&#34;], &#34;log&#34;: &#34;No log output captured.&#34;}], &#34;exercicio05/tests/test_validacoes_parametrizadas.py::test_buscar_usuario_por_id[3]&#34;: [{&#34;extras&#34;: [], &#34;result&#34;: &#34;Failed&#34;, &#34;testId&#34;: &#34;exercicio05/tests/test_validacoes_parametrizadas.py::test_buscar_usuario_por_id[3]&#34;, &#34;duration&#34;: &#34;405 ms&#34;, &#34;resultsTableRow&#34;: [&#34;&lt;td class=\&#34;col-result\&#34;&gt;Failed&lt;/td&gt;&#34;, &#34;&lt;td class=\&#34;col-testId\&#34;&gt;exercicio05/tests/test_validacoes_parametrizadas.py::test_buscar_usuario_por_id[3]&lt;/td&gt;&#34;, &#34;&lt;td class=\&#34;col-duration\&#34;&gt;405 ms&lt;/td&gt;&#34;, &#34;&lt;td class=\&#34;col-links\&#34;&gt;&lt;/td&gt;&#34;], &#34;log&#34;: &#34;user_id = 3\n\n    @pytest.mark.api\n    @pytest.mark.parametrize(&amp;quot;user_id&amp;quot;, [1, 2, 3, 4, 5])\n    def test_buscar_usuario_por_id(user_id):\n        &amp;quot;&amp;quot;&amp;quot;Teste parametrizado para buscar m\u00faltiplos usu\u00e1rios&amp;quot;&amp;quot;&amp;quot;\n        response = requests.get(f&amp;quot;{BASE_URL_REQRES}/users/{user_id}&amp;quot;)\n    \n&amp;gt;       assert response.status_code == 200\nE       assert 401 == 200\nE        +  where 401 = &amp;lt;Response [401]&amp;gt;.status_code\n\nexercicio05\\tests\\test_validacoes_parametrizadas.py:100: AssertionError\n&#34;}], &#34;exercicio05/tests/test_validacoes_parametrizadas.py::test_buscar_usuario_por_id[4]&#34;: [{&#34;extras&#34;: [], &#34;result&#34;: &#34;Passed&#34;, &#34;testId&#34;: &#34;exercicio05/tests/test_validacoes_parametrizadas.py::test_buscar_usuario_por_id[4]&#34;, &#34;duration&#34;: &#34;33 ms&#34;, &#34;resultsTableRow&#34;: [&#34;&lt;td class=\&#34;col-result\&#34;&gt;Passed&lt;/td&gt;&#34;, &#34;&lt;td class=\&#34;col-testId\&#34;&gt;exercicio05/tests/test_validacoes_parametrizadas.py::test_buscar_usuario_por_id[4]&lt;/td&gt;&#34;, &#34;&lt;td class=\&#34;col-duration\&#34;&gt;33 ms&lt;/td&gt;&#34;, &#34;&lt;td class=\&#34;col-links\&#34;&gt;&lt;/td&gt;&#34;], &#34;log&#34;: &#34;No log output captured.&#34;}], &#34;exercicio05/tests/test_validacoes_parametrizadas.py::test_buscar_usuario_por_id[5]&#34;: [{&#34;extras&#34;: [], &#34;result&#34;: &#34;Failed&#34;, &#34;testId&#34;: &#34;exercicio05/tests/test_validacoes_parametrizadas.py::test_buscar_usuario_por_id[5]&#34;, &#34;duration&#34;: &#34;386 ms&#34;, &#34;resultsTableRow&#34;: [&#34;&lt;td class=\&#34;col-result\&#34;&gt;Failed&lt;/td&gt;&#34;, &#34;&lt;td class=\&#34;col-testId\&#34;&gt;exercicio05/tests/test_validacoes_parametrizadas.py::test_buscar_usuario_por_id[5]&lt;/td&gt;&#34;, &#34;&lt;td class=\&#34;col-duration\&#34;&gt;386 ms&lt;/td&gt;&#34;, &#34;&lt;td class=\&#34;col-links\&#34;&gt;&lt;/td&gt;&#34;], &#34;log&#34;: &#34;user_id = 5\n\n    @pytest.mark.api\n    @pytest.mark.parametrize(&amp;quot;user_id&amp;quot;, [1, 2, 3, 4, 5])\n    def test_buscar_usuario_por_id(user_id):\n        &amp;quot;&amp;quot;&amp;quot;Teste parametrizado para buscar m\u00faltiplos usu\u00e1rios&amp;quot;&amp;quot;&amp;quot;\n        response = requests.get(f&amp;quot;{BASE_URL_REQRES}/users/{user_id}&amp;quot;)\n    \n&amp;gt;       assert response.status_code == 200\nE       assert 401 == 200\nE        +  where 401 = &amp;lt;Response [401]&amp;gt;.status_code\n\nexercicio05\\tests\\test_validacoes_parametrizadas.py:100: AssertionError\n&#34;}], &#34;exercicio05/tests/test_validacoes_parametrizadas.py::test_listar_usuarios_paginacao[1]&#34;: [{&#34;extras&#34;: [], &#34;result&#34;: &#34;Failed&#34;, &#34;testId&#34;: &#34;exercicio05/tests/test_validacoes_parametrizadas.py::test_listar_usuarios_paginacao[1]&#34;, &#34;duration&#34;: &#34;382 ms&#34;, &#34;resultsTableRow&#34;: [&#34;&lt;td class=\&#34;col-result\&#34;&gt;Failed&lt;/td&gt;&#34;, &#34;&lt;td class=\&#34;col-testId\&#34;&gt;exercicio05/tests/test_validacoes_parametrizadas.py::test_listar_usuarios_paginacao[1]&lt;/td&gt;&#34;, &#34;&lt;td class=\&#34;col-duration\&#34;&gt;382 ms&lt;/td&gt;&#34;, &#34;&lt;td class=\&#34;col-links\&#34;&gt;&lt;/td&gt;&#34;], &#34;log&#34;: &#34;pagina = 1\n\n    @pytest.mark.api\n    @pytest.mark.parametrize(&amp;quot;pagina&amp;quot;, [1, 2])\n    def test_listar_usuarios_paginacao(pagina):\n        &amp;quot;&amp;quot;&amp;quot;Teste de pagina\u00e7\u00e3o de usu\u00e1rios&amp;quot;&amp;quot;&amp;quot;\n        response = requests.get(f&amp;quot;{BASE_URL_REQRES}/users&amp;quot;, params={&amp;quot;page&amp;quot;: pagina})\n    \n&amp;gt;       assert response.status_code == 200\nE       assert 401 == 200\nE        +  where 401 = &amp;lt;Response [401]&amp;gt;.status_code\n\nexercicio05\\tests\\test_validacoes_parametrizadas.py:114: AssertionError\n&#34;}], &#34;exercicio05/tests/test_validacoes_parametrizadas.py::test_listar_usuarios_paginacao[2]&#34;: [{&#34;extras&#34;: [], &#34;result&#34;: &#34;Passed&#34;, &#34;testId&#34;: &#34;exercicio05/tests/test_validacoes_parametrizadas.py::test_listar_usuarios_paginacao[2]&#34;, &#34;duration&#34;: &#34;30 ms&#34;, &#34;resultsTableRow&#34;: [&#34;&lt;td class=\&#34;col-result\&#34;&gt;Passed&lt;/td&gt;&#34;, &#34;&lt;td class=\&#34;col-testId\&#34;&gt;exercicio05/tests/test_validacoes_parametrizadas.py::test_listar_usuarios_paginacao[2]&lt;/td&gt;&#34;, &#34;&lt;td class=\&#34;col-duration\&#34;&gt;30 ms&lt;/td&gt;&#34;, &#34;&lt;td class=\&#34;col-links\&#34;&gt;&lt;/td&gt;&#34;], &#34;log&#34;: &#34;No log output captured.&#34;}], &#34;exercicio05/tests/test_validacoes_parametrizadas.py::test_criar_usuario_parametrizado[morpheus-leader]&#34;: [{&#34;extras&#34;: [], &#34;result&#34;: &#34;Failed&#34;, &#34;testId&#34;: &#34;exercicio05/tests/test_validacoes_parametrizadas.py::test_criar_usuario_parametrizado[morpheus-leader]&#34;, &#34;duration&#34;: &#34;210 ms&#34;, &#34;resultsTableRow&#34;: [&#34;&lt;td class=\&#34;col-result\&#34;&gt;Failed&lt;/td&gt;&#34;, &#34;&lt;td class=\&#34;col-testId\&#34;&gt;exercicio05/tests/test_validacoes_parametrizadas.py::test_criar_usuario_parametrizado[morpheus-leader]&lt;/td&gt;&#34;, &#34;&lt;td class=\&#34;col-duration\&#34;&gt;210 ms&lt;/td&gt;&#34;, &#34;&lt;td class=\&#34;col-links\&#34;&gt;&lt;/td&gt;&#34;], &#34;log&#34;: &#34;nome = &amp;#x27;morpheus&amp;#x27;, cargo = &amp;#x27;leader&amp;#x27;\n\n    @pytest.mark.api\n    @pytest.mark.parametrize(&amp;quot;nome,cargo&amp;quot;, [\n        (&amp;quot;morpheus&amp;quot;, &amp;quot;leader&amp;quot;),\n        (&amp;quot;neo&amp;quot;, &amp;quot;developer&amp;quot;),\n        (&amp;quot;trinity&amp;quot;, &amp;quot;hacker&amp;quot;),\n    ])\n    def test_criar_usuario_parametrizado(nome, cargo):\n        &amp;quot;&amp;quot;&amp;quot;Teste parametrizado para criar usu\u00e1rios&amp;quot;&amp;quot;&amp;quot;\n        response = requests.post(f&amp;quot;{BASE_URL_REQRES}/users&amp;quot;, json={\n            &amp;quot;name&amp;quot;: nome,\n            &amp;quot;job&amp;quot;: cargo\n        })\n    \n&amp;gt;       assert response.status_code == 201\nE       assert 401 == 201\nE        +  where 401 = &amp;lt;Response [401]&amp;gt;.status_code\n\nexercicio05\\tests\\test_validacoes_parametrizadas.py:133: AssertionError\n&#34;}], &#34;exercicio05/tests/test_validacoes_parametrizadas.py::test_criar_usuario_parametrizado[neo-developer]&#34;: [{&#34;extras&#34;: [], &#34;result&#34;: &#34;Failed&#34;, &#34;testId&#34;: &#34;exercicio05/tests/test_validacoes_parametrizadas.py::test_criar_usuario_parametrizado[neo-developer]&#34;, &#34;duration&#34;: &#34;208 ms&#34;, &#34;resultsTableRow&#34;: [&#34;&lt;td class=\&#34;col-result\&#34;&gt;Failed&lt;/td&gt;&#34;, &#34;&lt;td class=\&#34;col-testId\&#34;&gt;exercicio05/tests/test_validacoes_parametrizadas.py::test_criar_usuario_parametrizado[neo-developer]&lt;/td&gt;&#34;, &#34;&lt;td class=\&#34;col-duration\&#34;&gt;208 ms&lt;/td&gt;&#34;, &#34;&lt;td class=\&#34;col-links\&#34;&gt;&lt;/td&gt;&#34;], &#34;log&#34;: &#34;nome = &amp;#x27;neo&amp;#x27;, cargo = &amp;#x27;developer&amp;#x27;\n\n    @pytest.mark.api\n    @pytest.mark.parametrize(&amp;quot;nome,cargo&amp;quot;, [\n        (&amp;quot;morpheus&amp;quot;, &amp;quot;leader&amp;quot;),\n        (&amp;quot;neo&amp;quot;, &amp;quot;developer&amp;quot;),\n        (&amp;quot;trinity&amp;quot;, &amp;quot;hacker&amp;quot;),\n    ])\n    def test_criar_usuario_parametrizado(nome, cargo):\n        &amp;quot;&amp;quot;&amp;quot;Teste parametrizado para criar usu\u00e1rios&amp;quot;&amp;quot;&amp;quot;\n        response = requests.post(f&amp;quot;{BASE_URL_REQRES}/users&amp;quot;, json={\n            &amp;quot;name&amp;quot;: nome,\n            &amp;quot;job&amp;quot;: cargo\n        })\n    \n&amp;gt;       assert response.status_code == 201\nE       assert 401 == 201\nE        +  where 401 = &amp;lt;Response [401]&amp;gt;.status_code\n\nexercicio05\\tests\\test_validacoes_parametrizadas.py:133: AssertionError\n&#34;}], &#34;exercicio05/tests/test_validacoes_parametrizadas.py::test_criar_usuario_parametrizado[trinity-hacker]&#34;: [{&#34;extras&#34;: [], &#34;result&#34;: &#34;Failed&#34;, &#34;testId&#34;: &#34;exercicio05/tests/test_validacoes_parametrizadas.py::test_criar_usuario_parametrizado[trinity-hacker]&#34;, &#34;duration&#34;: &#34;207 ms&#34;, &#34;resultsTableRow&#34;: [&#34;&lt;td class=\&#34;col-result\&#34;&gt;Failed&lt;/td&gt;&#34;, &#34;&lt;td class=\&#34;col-testId\&#34;&gt;exercicio05/tests/test_validacoes_parametrizadas.py::test_criar_usuario_parametrizado[trinity-hacker]&lt;/td&gt;&#34;, &#34;&lt;td class=\&#34;col-duration\&#34;&gt;207 ms&lt;/td&gt;&#34;, &#34;&lt;td class=\&#34;col-links\&#34;&gt;&lt;/td&gt;&#34;], &#34;log&#34;: &#34;nome = &amp;#x27;trinity&amp;#x27;, cargo = &amp;#x27;hacker&amp;#x27;\n\n    @pytest.mark.api\n    @pytest.mark.parametrize(&amp;quot;nome,cargo&amp;quot;, [\n        (&amp;quot;morpheus&amp;quot;, &amp;quot;leader&amp;quot;),\n        (&amp;quot;neo&amp;quot;, &amp;quot;developer&amp;quot;),\n        (&amp;quot;trinity&amp;quot;, &amp;quot;hacker&amp;quot;),\n    ])\n    def test_criar_usuario_parametrizado(nome, cargo):\n        &amp;quot;&amp;quot;&amp;quot;Teste parametrizado para criar usu\u00e1rios&amp;quot;&amp;quot;&amp;quot;\n        response = requests.post(f&amp;quot;{BASE_URL_REQRES}/users&amp;quot;, json={\n            &amp;quot;name&amp;quot;: nome,\n            &amp;quot;job&amp;quot;: cargo\n        })\n    \n&amp;gt;       assert response.status_code == 201\nE       assert 401 == 201\nE        +  where 401 = &amp;lt;Response [401]&amp;gt;.status_code\n\nexercicio05\\tests\\test_validacoes_parametrizadas.py:133: AssertionError\n&#34;}], &#34;exercicio05/tests/test_validacoes_parametrizadas.py::test_requisicao_com_delay[1]&#34;: [{&#34;extras&#34;: [], &#34;result&#34;: &#34;Failed&#34;, &#34;testId&#34;: &#34;exercicio05/tests/test_validacoes_parametrizadas.py::test_requisicao_com_delay[1]&#34;, &#34;duration&#34;: &#34;00:00:01&#34;, &#34;resultsTableRow&#34;: [&#34;&lt;td class=\&#34;col-result\&#34;&gt;Failed&lt;/td&gt;&#34;, &#34;&lt;td class=\&#34;col-testId\&#34;&gt;exercicio05/tests/test_validacoes_parametrizadas.py::test_requisicao_com_delay[1]&lt;/td&gt;&#34;, &#34;&lt;td class=\&#34;col-duration\&#34;&gt;00:00:01&lt;/td&gt;&#34;, &#34;&lt;td class=\&#34;col-links\&#34;&gt;&lt;/td&gt;&#34;], &#34;log&#34;: &#34;delay = 1\n\n    @pytest.mark.api\n    @pytest.mark.parametrize(&amp;quot;delay&amp;quot;, [1, 2, 3])\n    def test_requisicao_com_delay(delay):\n        &amp;quot;&amp;quot;&amp;quot;Teste de requisi\u00e7\u00f5es com delay&amp;quot;&amp;quot;&amp;quot;\n        response = requests.get(f&amp;quot;{BASE_URL_REQRES}/users&amp;quot;, params={&amp;quot;delay&amp;quot;: delay})\n    \n&amp;gt;       assert response.status_code == 200\nE       assert 401 == 200\nE        +  where 401 = &amp;lt;Response [401]&amp;gt;.status_code\n\nexercicio05\\tests\\test_validacoes_parametrizadas.py:147: AssertionError\n&#34;}], &#34;exercicio05/tests/test_validacoes_parametrizadas.py::test_requisicao_com_delay[2]&#34;: [{&#34;extras&#34;: [], &#34;result&#34;: &#34;Failed&#34;, &#34;testId&#34;: &#34;exercicio05/tests/test_validacoes_parametrizadas.py::test_requisicao_com_delay[2]&#34;, &#34;duration&#34;: &#34;00:00:02&#34;, &#34;resultsTableRow&#34;: [&#34;&lt;td class=\&#34;col-result\&#34;&gt;Failed&lt;/td&gt;&#34;, &#34;&lt;td class=\&#34;col-testId\&#34;&gt;exercicio05/tests/test_validacoes_parametrizadas.py::test_requisicao_com_delay[2]&lt;/td&gt;&#34;, &#34;&lt;td class=\&#34;col-duration\&#34;&gt;00:00:02&lt;/td&gt;&#34;, &#34;&lt;td class=\&#34;col-links\&#34;&gt;&lt;/td&gt;&#34;], &#34;log&#34;: &#34;delay = 2\n\n    @pytest.mark.api\n    @pytest.mark.parametrize(&amp;quot;delay&amp;quot;, [1, 2, 3])\n    def test_requisicao_com_delay(delay):\n        &amp;quot;&amp;quot;&amp;quot;Teste de requisi\u00e7\u00f5es com delay&amp;quot;&amp;quot;&amp;quot;\n        response = requests.get(f&amp;quot;{BASE_URL_REQRES}/users&amp;quot;, params={&amp;quot;delay&amp;quot;: delay})\n    \n&amp;gt;       assert response.status_code == 200\nE       assert 401 == 200\nE        +  where 401 = &amp;lt;Response [401]&amp;gt;.status_code\n\nexercicio05\\tests\\test_validacoes_parametrizadas.py:147: AssertionError\n&#34;}], &#34;exercicio05/tests/test_validacoes_parametrizadas.py::test_requisicao_com_delay[3]&#34;: [{&#34;extras&#34;: [], &#34;result&#34;: &#34;Failed&#34;, &#34;testId&#34;: &#34;exercicio05/tests/test_validacoes_parametrizadas.py::test_requisicao_com_delay[3]&#34;, &#34;duration&#34;: &#34;00:00:03&#34;, &#34;resultsTableRow&#34;: [&#34;&lt;td class=\&#34;col-result\&#34;&gt;Failed&lt;/td&gt;&#34;, &#34;&lt;td class=\&#34;col-testId\&#34;&gt;exercicio05/tests/test_validacoes_parametrizadas.py::test_requisicao_com_delay[3]&lt;/td&gt;&#34;, &#34;&lt;td class=\&#34;col-duration\&#34;&gt;00:00:03&lt;/td&gt;&#34;, &#34;&lt;td class=\&#34;col-links\&#34;&gt;&lt;/td&gt;&#34;], &#34;log&#34;: &#34;delay = 3\n\n    @pytest.mark.api\n    @pytest.mark.parametrize(&amp;quot;delay&amp;quot;, [1, 2, 3])\n    def test_requisicao_com_delay(delay):\n        &amp;quot;&amp;quot;&amp;quot;Teste de requisi\u00e7\u00f5es com delay&amp;quot;&amp;quot;&amp;quot;\n        response = requests.get(f&amp;quot;{BASE_URL_REQRES}/users&amp;quot;, params={&amp;quot;delay&amp;quot;: delay})\n    \n&amp;gt;       assert response.status_code == 200\nE       assert 401 == 200\nE        +  where 401 = &amp;lt;Response [401]&amp;gt;.status_code\n\nexercicio05\\tests\\test_validacoes_parametrizadas.py:147: AssertionError\n&#34;}]}, &#34;renderCollapsed&#34;: [&#34;passed&#34;], &#34;initialSort&#34;: &#34;result&#34;, &#34;title&#34;: &#34;report.html&#34;}"></div>
    <script>
      (function(){function r(e,n,t){function o(i,f){if(!n[i]){if(!e[i]){var c="function"==typeof require&&require;if(!f&&c)return c(i,!0);if(u)return u(i,!0);var a=new Error("Cannot find module '"+i+"'");throw a.code="MODULE_NOT_FOUND",a}var p=n[i]={exports:{}};e[i][0].call(p.exports,function(r){var n=e[i][1][r];return o(n||r)},p,p.exports,r,e,n,t)}return n[i].exports}for(var u="function"==typeof require&&require,i=0;i<t.length;i++)o(t[i]);return o}return r})()({1:[function(require,module,exports){
const { getCollapsedCategory, setCollapsedIds } = require('./storage.js')

class DataManager {
    setManager(data) {
        const collapsedCategories = [...getCollapsedCategory(data.renderCollapsed)]
        const collapsedIds = []
        const tests = Object.values(data.tests).flat().map((test, index) => {
            const collapsed = collapsedCategories.includes(test.result.toLowerCase())
            const id = `test_${index}`
            if (collapsed) {
                collapsedIds.push(id)
            }
            return {
                ...test,
                id,
                collapsed,
            }
        })
        const dataBlob = { ...data, tests }
        this.data = { ...dataBlob }
        this.renderData = { ...dataBlob }
        setCollapsedIds(collapsedIds)
    }

    get allData() {
        return { ...this.data }
    }

    resetRender() {
        this.renderData = { ...this.data }
    }

    setRender(data) {
        this.renderData.tests = [...data]
    }

    toggleCollapsedItem(id) {
        this.renderData.tests = this.renderData.tests.map((test) =>
            test.id === id ? { ...test, collapsed: !test.collapsed } : test,
        )
    }

    set allCollapsed(collapsed) {
        this.renderData = { ...this.renderData, tests: [...this.renderData.tests.map((test) => (
            { ...test, collapsed }
        ))] }
    }

    get testSubset() {
        return [...this.renderData.tests]
    }

    get environment() {
        return this.renderData.environment
    }

    get initialSort() {
        return this.data.initialSort
    }
}

module.exports = {
    manager: new DataManager(),
}

},{"./storage.js":8}],2:[function(require,module,exports){
const mediaViewer = require('./mediaviewer.js')
const templateEnvRow = document.getElementById('template_environment_row')
const templateResult = document.getElementById('template_results-table__tbody')

function htmlToElements(html) {
    const temp = document.createElement('template')
    temp.innerHTML = html
    return temp.content.childNodes
}

const find = (selector, elem) => {
    if (!elem) {
        elem = document
    }
    return elem.querySelector(selector)
}

const findAll = (selector, elem) => {
    if (!elem) {
        elem = document
    }
    return [...elem.querySelectorAll(selector)]
}

const dom = {
    getStaticRow: (key, value) => {
        const envRow = templateEnvRow.content.cloneNode(true)
        const isObj = typeof value === 'object' && value !== null
        const values = isObj ? Object.keys(value).map((k) => `${k}: ${value[k]}`) : null

        const valuesElement = htmlToElements(
            values ? `<ul>${values.map((val) => `<li>${val}</li>`).join('')}<ul>` : `<div>${value}</div>`)[0]
        const td = findAll('td', envRow)
        td[0].textContent = key
        td[1].appendChild(valuesElement)

        return envRow
    },
    getResultTBody: ({ testId, id, log, extras, resultsTableRow, tableHtml, result, collapsed }) => {
        const resultBody = templateResult.content.cloneNode(true)
        resultBody.querySelector('tbody').classList.add(result.toLowerCase())
        resultBody.querySelector('tbody').id = testId
        resultBody.querySelector('.collapsible').dataset.id = id

        resultsTableRow.forEach((html) => {
            const t = document.createElement('template')
            t.innerHTML = html
            resultBody.querySelector('.collapsible').appendChild(t.content)
        })

        if (log) {
            // Wrap lines starting with "E" with span.error to color those lines red
            const wrappedLog = log.replace(/^E.*$/gm, (match) => `<span class="error">${match}</span>`)
            resultBody.querySelector('.log').innerHTML = wrappedLog
        } else {
            resultBody.querySelector('.log').remove()
        }

        if (collapsed) {
            resultBody.querySelector('.collapsible > td')?.classList.add('collapsed')
            resultBody.querySelector('.extras-row').classList.add('hidden')
        } else {
            resultBody.querySelector('.collapsible > td')?.classList.remove('collapsed')
        }

        const media = []
        extras?.forEach(({ name, format_type, content }) => {
            if (['image', 'video'].includes(format_type)) {
                media.push({ path: content, name, format_type })
            }

            if (format_type === 'html') {
                resultBody.querySelector('.extraHTML').insertAdjacentHTML('beforeend', `<div>${content}</div>`)
            }
        })
        mediaViewer.setup(resultBody, media)

        // Add custom html from the pytest_html_results_table_html hook
        tableHtml?.forEach((item) => {
            resultBody.querySelector('td[class="extra"]').insertAdjacentHTML('beforeend', item)
        })

        return resultBody
    },
}

module.exports = {
    dom,
    htmlToElements,
    find,
    findAll,
}

},{"./mediaviewer.js":6}],3:[function(require,module,exports){
const { manager } = require('./datamanager.js')
const { doSort } = require('./sort.js')
const storageModule = require('./storage.js')

const getFilteredSubSet = (filter) =>
    manager.allData.tests.filter(({ result }) => filter.includes(result.toLowerCase()))

const doInitFilter = () => {
    const currentFilter = storageModule.getVisible()
    const filteredSubset = getFilteredSubSet(currentFilter)
    manager.setRender(filteredSubset)
}

const doFilter = (type, show) => {
    if (show) {
        storageModule.showCategory(type)
    } else {
        storageModule.hideCategory(type)
    }

    const currentFilter = storageModule.getVisible()
    const filteredSubset = getFilteredSubSet(currentFilter)
    manager.setRender(filteredSubset)

    const sortColumn = storageModule.getSort()
    doSort(sortColumn, true)
}

module.exports = {
    doFilter,
    doInitFilter,
}

},{"./datamanager.js":1,"./sort.js":7,"./storage.js":8}],4:[function(require,module,exports){
const { redraw, bindEvents, renderStatic } = require('./main.js')
const { doInitFilter } = require('./filter.js')
const { doInitSort } = require('./sort.js')
const { manager } = require('./datamanager.js')
const data = JSON.parse(document.getElementById('data-container').dataset.jsonblob)

function init() {
    manager.setManager(data)
    doInitFilter()
    doInitSort()
    renderStatic()
    redraw()
    bindEvents()
}

init()

},{"./datamanager.js":1,"./filter.js":3,"./main.js":5,"./sort.js":7}],5:[function(require,module,exports){
const { dom, find, findAll } = require('./dom.js')
const { manager } = require('./datamanager.js')
const { doSort } = require('./sort.js')
const { doFilter } = require('./filter.js')
const {
    getVisible,
    getCollapsedIds,
    setCollapsedIds,
    getSort,
    getSortDirection,
    possibleFilters,
} = require('./storage.js')

const removeChildren = (node) => {
    while (node.firstChild) {
        node.removeChild(node.firstChild)
    }
}

const renderStatic = () => {
    const renderEnvironmentTable = () => {
        const environment = manager.environment
        const rows = Object.keys(environment).map((key) => dom.getStaticRow(key, environment[key]))
        const table = document.getElementById('environment')
        removeChildren(table)
        rows.forEach((row) => table.appendChild(row))
    }
    renderEnvironmentTable()
}

const addItemToggleListener = (elem) => {
    elem.addEventListener('click', ({ target }) => {
        const id = target.parentElement.dataset.id
        manager.toggleCollapsedItem(id)

        const collapsedIds = getCollapsedIds()
        if (collapsedIds.includes(id)) {
            const updated = collapsedIds.filter((item) => item !== id)
            setCollapsedIds(updated)
        } else {
            collapsedIds.push(id)
            setCollapsedIds(collapsedIds)
        }
        redraw()
    })
}

const renderContent = (tests) => {
    const sortAttr = getSort(manager.initialSort)
    const sortAsc = JSON.parse(getSortDirection())
    const rows = tests.map(dom.getResultTBody)
    const table = document.getElementById('results-table')
    const tableHeader = document.getElementById('results-table-head')

    const newTable = document.createElement('table')
    newTable.id = 'results-table'

    // remove all sorting classes and set the relevant
    findAll('.sortable', tableHeader).forEach((elem) => elem.classList.remove('asc', 'desc'))
    tableHeader.querySelector(`.sortable[data-column-type="${sortAttr}"]`)?.classList.add(sortAsc ? 'desc' : 'asc')
    newTable.appendChild(tableHeader)

    if (!rows.length) {
        const emptyTable = document.getElementById('template_results-table__body--empty').content.cloneNode(true)
        newTable.appendChild(emptyTable)
    } else {
        rows.forEach((row) => {
            if (!!row) {
                findAll('.collapsible td:not(.col-links', row).forEach(addItemToggleListener)
                find('.logexpander', row).addEventListener('click',
                    (evt) => evt.target.parentNode.classList.toggle('expanded'),
                )
                newTable.appendChild(row)
            }
        })
    }

    table.replaceWith(newTable)
}

const renderDerived = () => {
    const currentFilter = getVisible()
    possibleFilters.forEach((result) => {
        const input = document.querySelector(`input[data-test-result="${result}"]`)
        input.checked = currentFilter.includes(result)
    })
}

const bindEvents = () => {
    const filterColumn = (evt) => {
        const { target: element } = evt
        const { testResult } = element.dataset

        doFilter(testResult, element.checked)
        const collapsedIds = getCollapsedIds()
        const updated = manager.renderData.tests.map((test) => {
            return {
                ...test,
                collapsed: collapsedIds.includes(test.id),
            }
        })
        manager.setRender(updated)
        redraw()
    }

    const header = document.getElementById('environment-header')
    header.addEventListener('click', () => {
        const table = document.getElementById('environment')
        table.classList.toggle('hidden')
        header.classList.toggle('collapsed')
    })

    findAll('input[name="filter_checkbox"]').forEach((elem) => {
        elem.addEventListener('click', filterColumn)
    })

    findAll('.sortable').forEach((elem) => {
        elem.addEventListener('click', (evt) => {
            const { target: element } = evt
            const { columnType } = element.dataset
            doSort(columnType)
            redraw()
        })
    })

    document.getElementById('show_all_details').addEventListener('click', () => {
        manager.allCollapsed = false
        setCollapsedIds([])
        redraw()
    })
    document.getElementById('hide_all_details').addEventListener('click', () => {
        manager.allCollapsed = true
        const allIds = manager.renderData.tests.map((test) => test.id)
        setCollapsedIds(allIds)
        redraw()
    })
}

const redraw = () => {
    const { testSubset } = manager

    renderContent(testSubset)
    renderDerived()
}

module.exports = {
    redraw,
    bindEvents,
    renderStatic,
}

},{"./datamanager.js":1,"./dom.js":2,"./filter.js":3,"./sort.js":7,"./storage.js":8}],6:[function(require,module,exports){
class MediaViewer {
    constructor(assets) {
        this.assets = assets
        this.index = 0
    }

    nextActive() {
        this.index = this.index === this.assets.length - 1 ? 0 : this.index + 1
        return [this.activeFile, this.index]
    }

    prevActive() {
        this.index = this.index === 0 ? this.assets.length - 1 : this.index -1
        return [this.activeFile, this.index]
    }

    get currentIndex() {
        return this.index
    }

    get activeFile() {
        return this.assets[this.index]
    }
}


const setup = (resultBody, assets) => {
    if (!assets.length) {
        resultBody.querySelector('.media').classList.add('hidden')
        return
    }

    const mediaViewer = new MediaViewer(assets)
    const container = resultBody.querySelector('.media-container')
    const leftArrow = resultBody.querySelector('.media-container__nav--left')
    const rightArrow = resultBody.querySelector('.media-container__nav--right')
    const mediaName = resultBody.querySelector('.media__name')
    const counter = resultBody.querySelector('.media__counter')
    const imageEl = resultBody.querySelector('img')
    const sourceEl = resultBody.querySelector('source')
    const videoEl = resultBody.querySelector('video')

    const setImg = (media, index) => {
        if (media?.format_type === 'image') {
            imageEl.src = media.path

            imageEl.classList.remove('hidden')
            videoEl.classList.add('hidden')
        } else if (media?.format_type === 'video') {
            sourceEl.src = media.path

            videoEl.classList.remove('hidden')
            imageEl.classList.add('hidden')
        }

        mediaName.innerText = media?.name
        counter.innerText = `${index + 1} / ${assets.length}`
    }
    setImg(mediaViewer.activeFile, mediaViewer.currentIndex)

    const moveLeft = () => {
        const [media, index] = mediaViewer.prevActive()
        setImg(media, index)
    }
    const doRight = () => {
        const [media, index] = mediaViewer.nextActive()
        setImg(media, index)
    }
    const openImg = () => {
        window.open(mediaViewer.activeFile.path, '_blank')
    }
    if (assets.length === 1) {
        container.classList.add('media-container--fullscreen')
    } else {
        leftArrow.addEventListener('click', moveLeft)
        rightArrow.addEventListener('click', doRight)
    }
    imageEl.addEventListener('click', openImg)
}

module.exports = {
    setup,
}

},{}],7:[function(require,module,exports){
const { manager } = require('./datamanager.js')
const storageModule = require('./storage.js')

const genericSort = (list, key, ascending, customOrder) => {
    let sorted
    if (customOrder) {
        sorted = list.sort((a, b) => {
            const aValue = a.result.toLowerCase()
            const bValue = b.result.toLowerCase()

            const aIndex = customOrder.findIndex((item) => item.toLowerCase() === aValue)
            const bIndex = customOrder.findIndex((item) => item.toLowerCase() === bValue)

            // Compare the indices to determine the sort order
            return aIndex - bIndex
        })
    } else {
        sorted = list.sort((a, b) => a[key] === b[key] ? 0 : a[key] > b[key] ? 1 : -1)
    }

    if (ascending) {
        sorted.reverse()
    }
    return sorted
}

const durationSort = (list, ascending) => {
    const parseDuration = (duration) => {
        if (duration.includes(':')) {
            // If it's in the format "HH:mm:ss"
            const [hours, minutes, seconds] = duration.split(':').map(Number)
            return (hours * 3600 + minutes * 60 + seconds) * 1000
        } else {
            // If it's in the format "nnn ms"
            return parseInt(duration)
        }
    }
    const sorted = list.sort((a, b) => parseDuration(a['duration']) - parseDuration(b['duration']))
    if (ascending) {
        sorted.reverse()
    }
    return sorted
}

const doInitSort = () => {
    const type = storageModule.getSort(manager.initialSort)
    const ascending = storageModule.getSortDirection()
    const list = manager.testSubset
    const initialOrder = ['Error', 'Failed', 'Rerun', 'XFailed', 'XPassed', 'Skipped', 'Passed']

    storageModule.setSort(type)
    storageModule.setSortDirection(ascending)

    if (type?.toLowerCase() === 'original') {
        manager.setRender(list)
    } else {
        let sortedList
        switch (type) {
        case 'duration':
            sortedList = durationSort(list, ascending)
            break
        case 'result':
            sortedList = genericSort(list, type, ascending, initialOrder)
            break
        default:
            sortedList = genericSort(list, type, ascending)
            break
        }
        manager.setRender(sortedList)
    }
}

const doSort = (type, skipDirection) => {
    const newSortType = storageModule.getSort(manager.initialSort) !== type
    const currentAsc = storageModule.getSortDirection()
    let ascending
    if (skipDirection) {
        ascending = currentAsc
    } else {
        ascending = newSortType ? false : !currentAsc
    }
    storageModule.setSort(type)
    storageModule.setSortDirection(ascending)

    const list = manager.testSubset
    const sortedList = type === 'duration' ? durationSort(list, ascending) : genericSort(list, type, ascending)
    manager.setRender(sortedList)
}

module.exports = {
    doInitSort,
    doSort,
}

},{"./datamanager.js":1,"./storage.js":8}],8:[function(require,module,exports){
const possibleFilters = [
    'passed',
    'skipped',
    'failed',
    'error',
    'xfailed',
    'xpassed',
    'rerun',
]

const getVisible = () => {
    const url = new URL(window.location.href)
    const settings = new URLSearchParams(url.search).get('visible')
    const lower = (item) => {
        const lowerItem = item.toLowerCase()
        if (possibleFilters.includes(lowerItem)) {
            return lowerItem
        }
        return null
    }
    return settings === null ?
        possibleFilters :
        [...new Set(settings?.split(',').map(lower).filter((item) => item))]
}

const hideCategory = (categoryToHide) => {
    const url = new URL(window.location.href)
    const visibleParams = new URLSearchParams(url.search).get('visible')
    const currentVisible = visibleParams ? visibleParams.split(',') : [...possibleFilters]
    const settings = [...new Set(currentVisible)].filter((f) => f !== categoryToHide).join(',')

    url.searchParams.set('visible', settings)
    window.history.pushState({}, null, unescape(url.href))
}

const showCategory = (categoryToShow) => {
    if (typeof window === 'undefined') {
        return
    }
    const url = new URL(window.location.href)
    const currentVisible = new URLSearchParams(url.search).get('visible')?.split(',').filter(Boolean) ||
        [...possibleFilters]
    const settings = [...new Set([categoryToShow, ...currentVisible])]
    const noFilter = possibleFilters.length === settings.length || !settings.length

    noFilter ? url.searchParams.delete('visible') : url.searchParams.set('visible', settings.join(','))
    window.history.pushState({}, null, unescape(url.href))
}

const getSort = (initialSort) => {
    const url = new URL(window.location.href)
    let sort = new URLSearchParams(url.search).get('sort')
    if (!sort) {
        sort = initialSort || 'result'
    }
    return sort
}

const setSort = (type) => {
    const url = new URL(window.location.href)
    url.searchParams.set('sort', type)
    window.history.pushState({}, null, unescape(url.href))
}

const getCollapsedCategory = (renderCollapsed) => {
    let categories
    if (typeof window !== 'undefined') {
        const url = new URL(window.location.href)
        const collapsedItems = new URLSearchParams(url.search).get('collapsed')
        switch (true) {
        case !renderCollapsed && collapsedItems === null:
            categories = ['passed']
            break
        case collapsedItems?.length === 0 || /^["']{2}$/.test(collapsedItems):
            categories = []
            break
        case /^all$/.test(collapsedItems) || collapsedItems === null && /^all$/.test(renderCollapsed):
            categories = [...possibleFilters]
            break
        default:
            categories = collapsedItems?.split(',').map((item) => item.toLowerCase()) || renderCollapsed
            break
        }
    } else {
        categories = []
    }
    return categories
}

const getSortDirection = () => JSON.parse(sessionStorage.getItem('sortAsc')) || false
const setSortDirection = (ascending) => sessionStorage.setItem('sortAsc', ascending)

const getCollapsedIds = () => JSON.parse(sessionStorage.getItem('collapsedIds')) || []
const setCollapsedIds = (list) => sessionStorage.setItem('collapsedIds', JSON.stringify(list))

module.exports = {
    getVisible,
    hideCategory,
    showCategory,
    getCollapsedIds,
    setCollapsedIds,
    getSort,
    setSort,
    getSortDirection,
    setSortDirection,
    getCollapsedCategory,
    possibleFilters,
}

},{}]},{},[4]);
    </script>
  </footer>
</html>